GET /post2.html HTTP/1.1
Host: duckduckgo.com
Accept-Encoding: gzip, deflate
Connection: keep-alive
Accept: text/html,application/xhtml+xml,application/xml;q=0.9,*/*;q=0.8
User-Agent: Mozilla/5.0 (Macintosh; Intel Mac OS X 10_10) AppleWebKit/600.1.25 (KHTML, like Gecko) Version/8.0 Safari/600.1.25
Accept-Language: en-us
Referer: https://duckduckgo.com/
DNT: 1

HTTP/1.1 200 OK
Server: nginx
Date: Sun, 19 Oct 2014 08:22:05 GMT
Content-Type: text/html; charset=UTF-8
Content-Length: 540
Last-Modified: Wed, 26 Feb 2014 07:36:55 GMT
Connection: close
ETag: "530d9997-21c"
Expires: Mon, 20 Oct 2014 08:22:05 GMT
Cache-Control: max-age=86400
Strict-Transport-Security: max-age=31536000
X-DuckDuckGo-Locale: en_US
Accept-Ranges: bytes

<html>
<head>
<meta name="referrer" content="origin">
</head>
<body>
<script type="text/JavaScript">
function post(e) {
  if(e.source==parent && e.origin == location.protocol+'//'+location.hostname)

  var idx = e.data.indexOf(':');
  var action = e.data.substr(0,idx);
  var link = e.data.substr(idx+1);

  if (action == 'ddg') parent.window.location.href = link;
}

if (window.addEventListener) window.addEventListener('message', post, false);
else if (window.attachEvent) window.attachEvent('onmessage', post);
</script>
</body>
</html>
