GET /assets/icons/browsers/safari.svg HTTP/1.1
Host: duckduckgo.com
Connection: keep-alive
Accept: */*
User-Agent: Mozilla/5.0 (Macintosh; Intel Mac OS X 10_10) AppleWebKit/600.1.25 (KHTML, like Gecko) Version/8.0 Safari/600.1.25
Accept-Language: en-us
Referer: https://duckduckgo.com/
Accept-Encoding: gzip, deflate

HTTP/1.1 200 OK
Server: nginx
Date: Sun, 19 Oct 2014 07:55:04 GMT
Content-Type: image/svg+xml
Content-Length: 3220
Last-Modified: Mon, 19 May 2014 13:26:37 GMT
Connection: close
ETag: "537a068d-c94"
Expires: Mon, 19 Oct 2015 07:55:04 GMT
Cache-Control: max-age=31536000
Cache-Control: public
Accept-Ranges: bytes

<?xml version="1.0" encoding="utf-8"?>
<!-- Generator: Adobe Illustrator 15.1.0, SVG Export Plug-In . SVG Version: 6.00 Build 0)  -->
<!DOCTYPE svg PUBLIC "-//W3C//DTD SVG 1.1//EN" "http://www.w3.org/Graphics/SVG/1.1/DTD/svg11.dtd">
<svg version="1.1" id="Layer_1" xmlns="http://www.w3.org/2000/svg" xmlns:xlink="http://www.w3.org/1999/xlink" x="0px" y="0px"
	 width="64px" height="64px" viewBox="0 0 64 64" enable-background="new 0 0 64 64" xml:space="preserve">
<g>
	<g>
		<path fill="#E6E6E5" d="M58.812,28.858C57.22,15.258,45.705,5.001,32.029,5.001h-0.001c-1.053,0-2.12,0.062-3.17,0.187
			c-7.162,0.838-13.568,4.417-18.04,10.075C6.347,20.92,4.348,27.98,5.187,35.142c1.595,13.601,13.11,23.857,26.787,23.857
			c1.053,0,2.119-0.062,3.168-0.186c7.162-0.839,13.569-4.417,18.039-10.075C57.651,43.08,59.651,36.02,58.812,28.858z
			 M34.574,53.97c-0.873,0.103-1.741,0.152-2.6,0.152c-11.066,0-20.622-8.287-21.942-19.548
			c-1.423-12.132,7.259-23.123,19.394-24.543c0.875-0.103,1.745-0.151,2.603-0.151c11.066,0,20.621,8.287,21.94,19.547
			C55.394,41.561,46.709,52.55,34.574,53.97z"/>
		<path fill="#35A2BB" d="M53.969,29.426C52.649,18.167,43.095,9.879,32.029,9.879c-0.858,0-1.729,0.049-2.603,0.151
			C17.292,11.452,8.609,22.442,10.032,34.574c1.319,11.259,10.877,19.548,21.942,19.548c0.859,0,1.729-0.05,2.6-0.152
			C46.709,52.55,55.394,41.561,53.969,29.426z"/>
	</g>
	<g>
		<path fill="#FFFFFF" d="M25.255,32.973c-0.437-3.724,2.231-7.1,5.959-7.537l0,0c3.723-0.438,7.098,2.23,7.535,5.956l0,0
			c0.438,3.725-2.229,7.101-5.956,7.535l0,0C29.068,39.367,25.693,36.702,25.255,32.973L25.255,32.973z M25.603,32.932
			c0.42,3.536,3.616,6.06,7.152,5.651l0,0c3.534-0.421,6.058-3.615,5.65-7.152l0,0c-0.418-3.535-3.614-6.059-7.149-5.652l0,0
			C27.719,26.204,25.193,29.397,25.603,32.932L25.603,32.932z"/>
		<path fill="#FFFFFF" d="M31.163,25.448c0.891-0.105,1.761-0.023,2.577,0.207l-3.404-7.65l-1.534,8.191
			C29.514,25.812,30.308,25.547,31.163,25.448z"/>
		<path fill="#FFFFFF" d="M26.851,27.985c0.28-0.356,0.621-0.638,0.993-0.846L23.9,25.625l2.377,3.469
			C26.392,28.704,26.582,28.325,26.851,27.985z"/>
		<path fill="#FFFFFF" d="M37.338,36.198c-0.279,0.355-0.62,0.637-0.992,0.847l3.943,1.512l-2.374-3.469
			C37.794,35.481,37.604,35.859,37.338,36.198z"/>
		<path fill="#FFFFFF" d="M27.886,37.466c-0.357-0.283-0.637-0.62-0.844-0.994l-1.517,3.942l3.47-2.373
			C28.604,37.922,28.228,37.733,27.886,37.466z"/>
		<path fill="#FFFFFF" d="M36.099,26.976c0.357,0.282,0.638,0.622,0.846,0.994l1.513-3.941l-3.467,2.373
			C35.383,26.519,35.758,26.709,36.099,26.976z"/>
		<path fill="#FFFFFF" d="M32.845,38.912c-0.892,0.104-1.766,0.025-2.579-0.207l3.405,7.651l1.534-8.192
			C34.492,38.55,33.697,38.813,32.845,38.912z"/>
		<path fill="#FFFFFF" d="M25.472,33.001c-0.106-0.892-0.025-1.764,0.205-2.578l-7.65,3.406l8.19,1.533
			C25.833,34.649,25.569,33.855,25.472,33.001z"/>
		<path fill="#FFFFFF" d="M38.588,31.36c0.106,0.892,0.024,1.763-0.205,2.578l7.649-3.403l-8.19-1.537
			C38.225,29.712,38.487,30.506,38.588,31.36z"/>
	</g>
	<polygon fill="#D04A42" points="30.099,30.261 45.882,16.713 33.826,33.662 	"/>
	<polygon fill="#E6E6E5" points="33.826,33.665 18.043,47.208 30.102,30.263 	"/>
</g>
</svg>
