GET /m.js?q=textmate&t=A&a=osx&i=097873923X&cb=ddg_spice_amazon HTTP/1.1
Host: duckduckgo.com
Connection: keep-alive
Accept: */*
User-Agent: Mozilla/5.0 (Macintosh; Intel Mac OS X 10_10) AppleWebKit/600.1.25 (KHTML, like Gecko) Version/8.0 Safari/600.1.25
Accept-Language: en-us
Referer: https://duckduckgo.com/
Accept-Encoding: gzip, deflate

HTTP/1.1 200 OK
Server: nginx
Date: Sun, 19 Oct 2014 08:00:59 GMT
Content-Type: text/javascript; charset=UTF-8
Transfer-Encoding: chunked
Connection: close
Expires: Sun, 19 Oct 2014 08:01:00 GMT
Cache-Control: max-age=1
Strict-Transport-Security: max-age=31536000
X-DuckDuckGo-Locale: en_US

10fa
ddg_spice_amazon({"next":"/m.js?country=US&a=osx&cb=ddg_spice_amazon&pg=2&q=textmate&t=A&i=097873923X&o=json","tag":"duckduckgo-osx-20","results":[{"is_prime":"1","dp":"097873923X","url_review":"http://www.amazon.com/review/product/097873923X%3FSubscriptionId%3DAKIAILSHYYTFIVPWUY6Q%26tag%3Dduckduckgo-osx-20%26linkCode%3Dxm2%26camp%3D2025%26creative%3D386001%26creativeASIN%3D097873923X","heading":"TextMate: Power Editing for the Mac (Pragmatic Programmers) (Book)","img_m":"http://ecx.images-amazon.com/images/I/41hpiWi3FxL.jpg","img":"http://ecx.images-amazon.com/images/I/41hpiWi3FxL._SL160_.jpg","brand":"James Edward and II Gray","rating":"http://www.amazon.com/reviews/iframe?akid=AKIAILSHYYTFIVPWUY6Q&alinkCode=xm2&asin=097873923X&atag=duckduckgo-osx-20&exp=2014-10-20T08%3A00%3A58Z&v=2&sig=D%2BPKkXZnWr6CdWq4fP7U%2BN9wVGBKzRcX8FIOAYAmXe4%3D","ASIN":"097873923X","url":"http://www.amazon.com/TextMate-Power-Editing-Pragmatic-Programmers/dp/097873923X%3FSubscriptionId%3DAKIAILSHYYTFIVPWUY6Q%26tag%3Dduckduckgo-osx-20%26linkCode%3Dxm2%26camp%3D2025%26creative%3D165953%26creativeASIN%3D097873923X","price":"$22.16","abstract":"TextMate: Power Editing for the Mac (Pragmatic Programmers) is a book by James Edward and II Gray (Pragmatic Bookshelf, 200pgs)  released 2007-03-04."},{"is_prime":"1","dp":"1849693986","url_review":"http://www.amazon.com/review/product/1849693986%3FSubscriptionId%3DAKIAILSHYYTFIVPWUY6Q%26tag%3Dduckduckgo-osx-20%26linkCode%3Dxm2%26camp%3D2025%26creative%3D386001%26creativeASIN%3D1849693986","heading":"TextMate How-To (Book)","img_m":"http://ecx.images-amazon.com/images/I/516tEynAZOL.jpg","img":"http://ecx.images-amazon.com/images/I/516tEynAZOL._SL160_.jpg","brand":"Chris Mears","rating":"http://www.amazon.com/reviews/iframe?akid=AKIAILSHYYTFIVPWUY6Q&alinkCode=xm2&asin=1849693986&atag=duckduckgo-osx-20&exp=2014-10-20T08%3A00%3A58Z&v=2&sig=h5LvegJjoFVzo1QJqtl5NQzDeBNzMGPidJEZsnW5vQY%3D","ASIN":"1849693986","url":"http://www.amazon.com/TextMate-How-To-Chris-Mears/dp/1849693986%3FSubscriptionId%3DAKIAILSHYYTFIVPWUY6Q%26tag%3Dduckduckgo-osx-20%26linkCode%3Dxm2%26camp%3D2025%26creative%3D165953%26creativeASIN%3D1849693986","price":"$17.99","abstract":"Book by Chris Mears (Packt Publishing, 76pgs)  released 2012-10-26."},{"is_prime":0,"dp":"B00FXA7N3E","url_review":"http://www.amazon.com/review/product/B00FXA7N3E%3FSubscriptionId%3DAKIAILSHYYTFIVPWUY6Q%26tag%3Dduckduckgo-osx-20%26linkCode%3Dxm2%26camp%3D2025%26creative%3D386001%26creativeASIN%3DB00FXA7N3E","heading":"Removable Document Labels - NOTARIZE (Office Product)","img_m":"http://ecx.images-amazon.com/images/I/51V1lrCYBOL.jpg","img":"http://ecx.images-amazon.com/images/I/51V1lrCYBOL._SL160_.jpg","brand":"Textmate Corp.","rating":"http://www.amazon.com/reviews/iframe?akid=AKIAILSHYYTFIVPWUY6Q&alinkCode=xm2&asin=B00FXA7N3E&atag=duckduckgo-osx-20&exp=2014-10-20T08%3A00%3A58Z&v=2&sig=7E2r28bLYHxcYzcIcQpCrIRUNiSd2tCAlYQNh2lXsvM%3D","ASIN":"B00FXA7N3E","url":"http://www.amazon.com/Textmate-Corp-PSL-Removable-Document/dp/B00FXA7N3E%3FSubscriptionId%3DAKIAILSHYYTFIVPWUY6Q%26tag%3Dduckduckgo-osx-20%26linkCode%3Dxm2%26camp%3D2025%26creative%3D165953%26creativeASIN%3DB00FXA7N3E","price":"$13.95","abstract":"Office product from Textmate Corp.."},{"is_prime":0,"dp":"B004QBF6VM","url_review":"http://www.amazon.com/review/product/B004QBF6VM%3FSubscriptionId%3DAKIAILSHYYTFIVPWUY6Q%26tag%3Dduckduckgo-osx-20%26linkCode%3Dxm2%26camp%3D2025%26creative%3D386001%26creativeASIN%3DB004QBF6VM","heading":"Textmate 1st (first) edition Text Only (Book)","img_m":"http://ecx.images-amazon.com/images/I/31DtLtiH2UL.jpg","img":"http://ecx.images-amazon.com/images/I/31DtLtiH2UL._SL160_.jpg","brand":"James Edward Gray II","rating":"http://www.amazon.com/reviews/iframe?akid=AKIAILSHYYTFIVPWUY6Q&alinkCode=xm2&asin=B004QBF6VM&atag=duckduckgo-osx-20&exp=2014-10-20T08%3A00%3A58Z&v=2&sig=Mh3ps1vEoQaQPKtjrINKcLFITHPV6hBz2KrGFTskKcA%3D","ASIN":"B004QBF6VM","url":"http://www.amazon.com/Textmate-1st-first-Text-Only/dp/B004QBF6VM%3FSubscriptionId%3DAKIAILSHYYTFIVPWUY6Q%26tag%3Dduckduckgo-osx-20%26linkCode%3Dxm2%26camp%3D2025%26creative%3D165953%26creativeASIN%3DB004QBF6VM","price":"$16.48","abstract":"Book by James Edward Gray II released 2007."}],"more_at":"https://amazon.com/s/?tag=duckduckgo-d-20&url=search-alias%3Daps&field-keywords=textmate"})
0

