GET /assets/dax.svg HTTP/1.1
Host: duckduckgo.com
Connection: keep-alive
Accept: */*
User-Agent: Mozilla/5.0 (Macintosh; Intel Mac OS X 10_10) AppleWebKit/600.1.25 (KHTML, like Gecko) Version/8.0 Safari/600.1.25
Accept-Language: en-us
Referer: https://duckduckgo.com/about
Accept-Encoding: gzip, deflate

HTTP/1.1 200 OK
Server: nginx
Date: Sun, 19 Oct 2014 07:55:08 GMT
Content-Type: image/svg+xml
Content-Length: 5964
Last-Modified: Mon, 19 May 2014 13:26:40 GMT
Connection: close
ETag: "537a0690-174c"
Expires: Mon, 19 Oct 2015 07:55:08 GMT
Cache-Control: max-age=31536000
Cache-Control: public
Accept-Ranges: bytes

<?xml version="1.0" encoding="utf-8"?>
<!-- Generator: Adobe Illustrator 16.0.4, SVG Export Plug-In . SVG Version: 6.00 Build 0)  -->
<!DOCTYPE svg PUBLIC "-//W3C//DTD SVG 1.1//EN" "http://www.w3.org/Graphics/SVG/1.1/DTD/svg11.dtd">
<svg version="1.1" id="Layer_1" xmlns="http://www.w3.org/2000/svg" xmlns:xlink="http://www.w3.org/1999/xlink" x="0px" y="0px"
	 width="90px" height="90px" viewBox="-15 -15 90 90" enable-background="new -15 -15 90 90" xml:space="preserve">
<g>
	<g>
		<g>
			<g>
				<g>
					<g>
						<g>
							<defs>
								<path id="SVGID_1_" d="M70.351,29.998c0,22.25-18.095,40.351-40.351,40.351c-22.249,0-40.343-18.097-40.343-40.351
									c0-22.247,18.096-40.345,40.343-40.345C52.252-10.347,70.351,7.751,70.351,29.998z"/>
							</defs>
							<clipPath id="SVGID_2_">
								<use xlink:href="#SVGID_1_"  overflow="visible"/>
							</clipPath>
							<g clip-path="url(#SVGID_2_)">
								<path fill="#FFFFFF" d="M47.372,86.993c-1.359-6.247-9.257-20.408-12.251-26.399c-2.992-5.989-5.99-14.42-4.625-19.869
									c0.246-0.989-2.597-8.544-1.775-9.068c6.346-4.147,8.024,0.455,10.569-1.407c1.306-0.959,3.09,0.785,3.545-0.797
									c1.625-5.715-2.273-15.673-6.626-20.027c-1.422-1.416-3.602-2.311-6.063-2.782c-0.946-1.291-2.472-2.538-4.63-3.679
									c-2.41-1.281-7.639-2.976-10.353-3.426c-1.879-0.312-2.307,0.216-3.108,0.349c0.746,0.066,4.3,1.821,4.99,1.922
									c-0.689,0.466-2.722-0.024-4.016,0.559c-0.655,0.295-1.142,1.417-1.14,1.948c3.707-0.373,9.49-0.01,12.908,1.508
									c-2.721,0.311-6.854,0.655-8.634,1.588c-5.167,2.727-7.45,9.084-6.089,16.711c1.365,7.614,7.351,35.381,9.257,44.632
									c1.906,9.252-4.084,15.243-7.892,16.87l4.082,0.283l-1.359,2.994c4.895,0.537,10.34-1.088,10.34-1.088
									c-1.085,2.99-8.438,4.087-8.438,4.087s3.54,1.082,9.257-1.097c5.715-2.177,9.252-3.537,9.252-3.537l2.721,7.074l5.174-5.166
									l2.178,5.442C44.651,94.62,48.73,93.257,47.372,86.993z"/>
								<path fill="#FFFFFF" d="M48.563,85.802c-1.359-6.259-9.255-20.414-12.253-26.401c-2.995-5.992-5.989-14.424-4.622-19.867
									c0.248-0.987,0.256-5.036,1.073-5.576c6.344-4.154,5.9-0.138,8.445-1.997c1.313-0.961,2.359-2.117,2.822-3.708
									c1.629-5.717-2.274-15.674-6.627-20.031c-1.417-1.418-3.597-2.309-6.055-2.779c-0.951-1.298-2.476-2.537-4.635-3.686
									c-4.07-2.16-9.115-3.024-13.789-2.179c0.748,0.069,2.459,1.614,3.146,1.715c-1.043,0.706-3.814,0.617-3.797,2.188
									c3.711-0.369,7.775,0.217,11.199,1.731c-2.721,0.31-5.252,0.984-7.029,1.922c-5.172,2.715-6.531,8.158-5.172,15.786
									c1.364,7.62,7.353,35.382,9.252,44.633c1.906,9.251-4.08,15.24-7.89,16.875l4.083,0.272l-1.359,2.997
									c4.895,0.542,10.341-1.091,10.341-1.091c-1.084,2.998-8.439,4.085-8.439,4.085s3.534,1.093,9.255-1.095
									c5.72-2.177,9.256-3.526,9.256-3.526l2.718,7.071l5.176-5.17l2.181,5.447C45.848,93.424,49.927,92.062,48.563,85.802z"/>
								<circle fill="#2C4E8D" cx="20.132" cy="23.312" r="2.86"/>
								<circle fill="#FFFFFF" cx="21.401" cy="22.357" r="0.742"/>
								<circle fill="#2C4E8D" cx="39.243" cy="21.616" r="2.455"/>
								<path fill="#FFFFFF" d="M39.7,20.798c0-0.349,0.29-0.636,0.629-0.636c0.358,0,0.638,0.286,0.638,0.636
									c0,0.352-0.279,0.635-0.638,0.635C39.984,21.436,39.7,21.152,39.7,20.798z"/>
								
									<linearGradient id="SVGID_3_" gradientUnits="userSpaceOnUse" x1="732.4834" y1="-1566.9824" x2="738.9512" y2="-1566.9824" gradientTransform="matrix(1 0 0 -1 -718 -1551)">
									<stop  offset="0.0056" style="stop-color:#5D7CFE"/>
									<stop  offset="0.691" style="stop-color:#192DC5"/>
								</linearGradient>
								<path fill="url(#SVGID_3_)" d="M20.951,15.031c0,0-2.156-0.976-4.25,0.339c-2.092,1.315-2.014,2.659-2.014,2.659
									s-1.112-2.478,1.851-3.687C19.503,13.125,20.951,15.031,20.951,15.031z"/>
								
									<linearGradient id="SVGID_4_" gradientUnits="userSpaceOnUse" x1="752.8262" y1="-1565.0132" x2="758.7188" y2="-1565.0132" gradientTransform="matrix(1 0 0 -1 -718 -1551)">
									<stop  offset="0.0056" style="stop-color:#5D7CFE"/>
									<stop  offset="0.691" style="stop-color:#192DC5"/>
								</linearGradient>
								<path fill="url(#SVGID_4_)" d="M40.719,14.834c0,0-1.546-0.884-2.75-0.869c-2.468,0.036-3.143,1.122-3.143,1.122
									s0.415-2.602,3.576-2.08C40.11,13.293,40.719,14.834,40.719,14.834z"/>
							</g>
						</g>
					</g>
				</g>
			</g>
		</g>
	</g>
	<path fill="#FDD204" d="M28.885,34.234c0.288-1.734,4.752-5,7.917-5.198c3.172-0.203,4.156-0.155,6.802-0.786
		c2.643-0.631,9.465-2.331,11.351-3.206c1.893-0.871,9.887,0.432,4.254,3.577c-2.438,1.369-9.015,3.873-13.718,5.275
		c-4.695,1.406-7.546-1.34-9.104,0.965c-1.231,1.84-0.256,4.351,5.354,4.878c7.57,0.701,14.834-3.413,15.647-1.232
		c0.8,2.185-6.513,4.916-10.968,5.001c-4.447,0.082-13.429-2.942-14.759-3.878C30.309,38.688,28.51,36.512,28.885,34.234z"/>
</g>
<g>
	<path fill="#65BC46" d="M31.216,57.854c0,0-10.643-5.68-10.815-3.374c-0.183,2.305,0,11.706,1.239,12.419
		c1.244,0.709,10.113-4.607,10.113-4.607L31.216,57.854z"/>
	<path fill="#65BC46" d="M35.297,57.497c0,0,7.275-5.501,8.878-5.148c1.596,0.36,1.948,11.707,0.53,12.249
		c-1.422,0.527-9.747-2.882-9.747-2.882L35.297,57.497z"/>
	<path fill="#4D913B" d="M28.639,58.454c0,3.723-0.538,5.326,1.065,5.675c1.597,0.356,4.607,0,5.674-0.709
		c1.063-0.705,0.174-5.495-0.181-6.39C34.846,56.145,28.639,56.857,28.639,58.454z"/>
	<path fill="#65BC46" d="M29.317,57.629c0,3.723-0.535,5.318,1.065,5.675c1.595,0.356,4.611,0,5.676-0.709
		c1.062-0.709,0.174-5.495-0.184-6.392C35.524,55.319,29.317,56.032,29.317,57.629z"/>
</g>
<g>
	<path fill="#FFFFFF" d="M30-13C6.25-13-13,6.248-13,30c0,23.747,19.25,43,43,43c23.747,0,43-19.253,43-43C73,6.248,53.747-13,30-13
		z M30,69.825C8.003,69.825-9.828,51.996-9.828,30C-9.828,8.003,8.003-9.828,30-9.828c21.996,0,39.825,17.83,39.825,39.828
		C69.825,51.996,51.992,69.825,30,69.825z"/>
</g>
</svg>
