GET /textmate/textmate/releases/download/v2.0-beta.1/TextMate_2.0-beta.1.tbz HTTP/1.1
Host: github.com
Connection: keep-alive
Accept: text/html,application/xhtml+xml,application/xml;q=0.9,*/*;q=0.8
User-Agent: Mozilla/5.0 (Macintosh; Intel Mac OS X 10_10) AppleWebKit/600.1.25 (KHTML, like Gecko) Version/8.0 Safari/600.1.25
Accept-Language: en-us
Referer: http://macromates.com/download
Accept-Encoding: gzip, deflate

HTTP/1.1 302 Found
Server: GitHub.com
Date: Sun, 19 Oct 2014 08:01:11 GMT
Content-Type: text/html; charset=utf-8
Transfer-Encoding: chunked
Connection: close
Status: 302 Found
X-XSS-Protection: 1; mode=block
X-Frame-Options: deny
Content-Security-Policy: default-src *; script-src assets-cdn.github.com collector-cdn.github.com; object-src assets-cdn.github.com; style-src 'self' 'unsafe-inline' 'unsafe-eval' assets-cdn.github.com; img-src 'self' data: assets-cdn.github.com identicons.github.com www.google-analytics.com collector.githubapp.com *.githubusercontent.com *.gravatar.com *.wp.com; media-src 'none'; frame-src 'self' render.githubusercontent.com gist.github.com www.youtube.com player.vimeo.com checkout.paypal.com; font-src assets-cdn.github.com; connect-src 'self' ghconduit.com:25035 live.github.com uploads.github.com www.google-analytics.com s3.amazonaws.com
Vary: X-PJAX
Location: https://s3.amazonaws.com/github-cloud/releases/5344375/9fe5aae6-557b-11e4-8aa5-a7390d5b1861.tbz?response-content-disposition=attachment%3B%20filename%3DTextMate_2.0-beta.1.tbz&response-content-type=application/octet-stream&AWSAccessKeyId=AKIAISTNZFOVBIJMK3TQ&Expires=1413705731&Signature=WVedAgN1zaXP0em%2BrD9WkrSfUZY%3D
Cache-Control: no-cache
X-UA-Compatible: IE=Edge,chrome=1
Set-Cookie: logged_in=no; domain=.github.com; path=/; expires=Thu, 19-Oct-2034 08:01:11 GMT; secure; HttpOnly
Set-Cookie: _gh_sess=eyJzZXNzaW9uX2lkIjoiYjQzMDIxZjliNWI3NjBmODE5M2JlNzg2N2MxYjZhMGEiLCJyZWZlcnJhbF9jb2RlIjoiaHR0cDovL21hY3JvbWF0ZXMuY29tL2Rvd25sb2FkIiwic3B5X3JlcG8iOiJ0ZXh0bWF0ZS90ZXh0bWF0ZSIsInNweV9yZXBvX2F0IjoxNDEzNzA1NjcxfQ%3D%3D--4460c4d203ed7e573cdeff2909e4e48c03571033; path=/; secure; HttpOnly
X-Runtime: 0.063337
X-GitHub-Request-Id: AD2DE217:09A3:2731476:54436FC6
Strict-Transport-Security: max-age=31536000; includeSubdomains; preload
X-Content-Type-Options: nosniff
Vary: Accept-Encoding
X-Served-By: b9c2a2d2339d471239b174dbbc6d8be2

192
<html><body>You are being <a href="https://s3.amazonaws.com/github-cloud/releases/5344375/9fe5aae6-557b-11e4-8aa5-a7390d5b1861.tbz?response-content-disposition=attachment%3B%20filename%3DTextMate_2.0-beta.1.tbz&amp;response-content-type=application/octet-stream&amp;AWSAccessKeyId=AKIAISTNZFOVBIJMK3TQ&amp;Expires=1413705731&amp;Signature=WVedAgN1zaXP0em%2BrD9WkrSfUZY%3D">redirected</a>.</body></html>
0

