GET /assets/about/icon_less-clutter.v102.svg HTTP/1.1
Host: duckduckgo.com
Connection: keep-alive
Accept: */*
User-Agent: Mozilla/5.0 (Macintosh; Intel Mac OS X 10_10) AppleWebKit/600.1.25 (KHTML, like Gecko) Version/8.0 Safari/600.1.25
Accept-Language: en-us
Referer: https://duckduckgo.com/about
Accept-Encoding: gzip, deflate

HTTP/1.1 200 OK
Server: nginx
Date: Sun, 19 Oct 2014 07:55:09 GMT
Content-Type: image/svg+xml
Content-Length: 1053
Last-Modified: Mon, 19 May 2014 13:26:40 GMT
Connection: close
ETag: "537a0690-41d"
Expires: Mon, 19 Oct 2015 07:55:09 GMT
Cache-Control: max-age=31536000
Cache-Control: public
Accept-Ranges: bytes

<?xml version="1.0" encoding="utf-8"?>
<!-- Generator: Adobe Illustrator 15.1.0, SVG Export Plug-In . SVG Version: 6.00 Build 0)  -->
<!DOCTYPE svg PUBLIC "-//W3C//DTD SVG 1.1//EN" "http://www.w3.org/Graphics/SVG/1.1/DTD/svg11.dtd">
<svg version="1.1" id="Layer_1" xmlns="http://www.w3.org/2000/svg" xmlns:xlink="http://www.w3.org/1999/xlink" x="0px" y="0px"
	 width="64px" height="64px" viewBox="0 0 64 64" enable-background="new 0 0 64 64" xml:space="preserve">
<g>
	<path fill="#FFFFFF" d="M147.362,297.428c-0.121-0.143-0.243-0.283-0.362-0.428C147.083,297.113,147.211,297.262,147.362,297.428z"
		/>
</g>
<path fill="#FFFFFF" d="M524.638,297.428c0.12-0.143,0.243-0.283,0.362-0.428C524.917,297.113,524.789,297.262,524.638,297.428z"/>
<path fill="#F0624D" d="M51,22l-15.327,6.311C34.86,27.501,33.739,27,32.5,27c-1.382,0-2.604,0.637-3.429,1.617L13,22
	c-1.657,0-3,1.343-3,3v14c0,1.657,1.343,3,3,3l16.104-7.578C29.929,35.38,31.136,36,32.5,36c1.203,0,2.29-0.479,3.098-1.248L51,42
	c1.657,0,3-1.343,3-3V25C54,23.343,52.657,22,51,22z"/>
</svg>
