GET /WebObjects/MZStore.woa/wa/viewGrouping?cc=us&id=29520&mt=12 HTTP/1.1
Host: itunes.apple.com
Accept: text/html,application/xhtml+xml,application/xml;q=0.9,*/*;q=0.8
Accept-Encoding: gzip, deflate
iCloud-DSID: 8078008707
Connection: keep-alive
Date: Sun, 19 Oct 2014 08:14:00 GMT
Cookie: xp_ci=3z4g8XADz7s3z4RnzCRNz1KGeDrrYY
User-Agent: MacAppStore/2.0 (Macintosh; OS X 10.10; 14A389) AppleWebKit/0600.1.25
X-Apple-Store-Front: 143441-1,13
X-Apple-TZ: -420
Accept-Language: en-US

HTTP/1.1 200 OK
Last-Modified: Sun, 19 Oct 2014 08:12:22 GMT
x-apple-translated-wo-url: /WebObjects/MZStore.woa/wa/viewGrouping?cc=us&id=29520&mt=12
x-apple-orig-url: https://itunes.apple.com/WebObjects/MZStore.woa/wa/viewGrouping?cc=us&id=29520&mt=12
x-apple-application-site: ST11
apple-timing-app: 719 ms
x-apple-aka-ttl: Generated Sun Oct 19 01:12:22 PDT 2014, Expires Sun Oct 19 01:13:22 PDT 2014, TTL 60s
x-apple-application-instance: 2126933
Content-Type: text/html; charset=UTF-8
x-webobjects-loadaverage: 0
x-apple-jingle-correlation-key: K5RKU3QTYHV7Q
Server: ATS/4.1.0
X-Apple-ATS-Cache-Key: /17.173.38.163/80/WebObjects/MZStore.woa/wa/viewGrouping/iDevice/143441-1/13/https?cc=us&id=29520&mt=12
Cache-Control: no-transform, max-age=2
Date: Sun, 19 Oct 2014 08:14:01 GMT
Transfer-Encoding:  chunked
Connection: close
Connection: Transfer-Encoding
Vary: X-Apple-Store-Front
X-Apple-Partner: origin.0

00006000
<!DOCTYPE html PUBLIC "-//W3C//DTD XHTML 1.1//EN" "http://www.w3.org/TR/xhtml11/DTD/xhtml11.dtd">
<html xmlns="http://www.apple.com/itms/" lang="en">


    <head>

<meta http-equiv="Content-Type" content="text/html; charset=utf-8" /><meta name="keywords" content="Mac App Store" /><meta name="description" content="Mac App Store" /><meta name="platform-cache-id" content="13" />



<title>Mac App Store</title>






<script>
if (!window.its) {
    window.its = {};
}
its.markupLoadStartTime = new Date().getTime();

if (!window.onerror) window.onerror = function(message, url, lineNumber) {
    if (!window._earlyOnerrorException) {
        window._earlyOnerrorException = {message: message,
                                         url: url,
                                         lineNumber: lineNumber};
    }
};
</script>


<link charset="utf-8" rel="stylesheet" type="text/css" href="https://s.mzstatic.com/htmlResources/0414/da-storefront-base.css" />











    
<script type="text/javascript" charset="utf-8" src="/htmlResources/0414/frameworks-primaryinit01.js"></script>








<script type="text/javascript" charset="utf-8">its.serverData={"storePlatformData":{},"pageData":{},"constants":{"fetchSoftwareUpdatesUrl":"https://su.itunes.apple.com/WebObjects/MZSoftwareUpdate.woa/wa/fetchSoftwareUpdates","Urls":{"upgradeITunesUrl":"http://www.apple.com/itunes/download/","upgradeSafariUrl":"http://www.apple.com/safari/download/"},"MZMediaType":{"MacSoftware":{"id":12,"name":"DesktopApps"},"ClassicSoftware":{"id":7,"name":"iPodGames"},"Podcasts":{"id":2,"name":"Podcasts"},"Ringtones":{"id":9,"name":"Ringtones"},"Movies":{"id":6,"name":"Movies"},"TVShows":{"id":4,"name":"TVShows"},"MobileSoftware":{"id":8,"name":"MobileSoftwareApplications"},"MusicVideos":{"id":5,"name":"MusicVideos"},"Music":{"id":1,"name":"Music"},"EBooks":{"id":11,"name":"EBooks"},"iTunesU":{"id":10,"name":"iTunesU"},"Audiobooks":{"id":3,"name":"Audiobooks"}},"SFSortOrder":{"SeriesOrder":{"id":17},"Popularity":{"id":3},"DateAdded":{"id":15},"AllTimeBestSellers":{"id":14},"DiscNumber":{"id":12},"ExpirationDate":{"id":6},"Name":{"id":0},"PlaylistName":{"id":9},"TrackNumber":{"id":13},"PurchaseDate":{"id":4},"CmcRecommended":{"id":10},"MostRecent":{"id":16},"TopRated":{"id":5},"Price":{"id":7},"ArtistName":{"id":8},"Duration":{"id":11},"RecentBestSellers":{"id":18},"Featured":{"id":1},"ReleaseDate":{"id":2}},"SFEntityType":{"TopAuthors":{"id":12},"TopContents":{"id":7},"Search":{"id":6},"Room":{"id":5},"WeMix":{"id":8},"Wishlist":{"id":9},"TheyMix":{"id":11},"Playlist":{"id":4},"Work":{"id":10},"Cmc":{"id":2},"Artist":{"id":1},"MultiRoom":{"id":3}},"countryCode":"usa","languageCode":"en","SFCustomComponentCountryCode":"usa","IXDisplayableKind":{"Book":{"id":3,"cssClasses":["audiobook"],"name":"book","mtId":"3"},"TVEpisode":{"id":6,"cssClasses":["tv-episode","tv","video"],"name":"tvEpisode","mtId":"4"},"ClassicSoftware":{"id":10,"cssClasses":["ipod-game"],"name":"ipodGame","mtId":"7"},"SocialPerson":{"id":27,"cssClasses":[],"name":"socialPerson"},"SocialArtist":{"id":28,"cssClasses":[],"name":"socialArtist"},"MovieBundle":{"id":24,"cssClasses":["bundle","movie","video"],"name":"movieBundle","mtId":"6"},"ApplePubEBook":{"id":36,"cssClasses":["ebook"],"name":"ibook","mtId":"11"},"ToneAlbum":{"id":32,"cssClasses":[],"name":"toneAlbum","mtId":"9"},"Booklet":{"id":13,"cssClasses":["booklet","music"],"name":"booklet","mtId":"1"},"Mix":{"id":14,"cssClasses":["mix","music"],"name":"mix","mtId":"1"},"ClassicSoftwarePackage":{"id":18,"cssClasses":["ipod-game"],"name":"gamePackage","mtId":"7"},"Course":{"id":34,"cssClasses":["course","itunes-u"],"name":"course","mtId":"10"},"WeMix":{"id":19,"cssClasses":["wemix","music"],"name":"itunesMix","mtId":"1"},"ApplePubTextbook":{"id":37,"cssClasses":["ebook"],"name":"ibookTextbook","mtId":"13"},"ShortFilm":{"id":8,"cssClasses":["short-film","movie","video"],"name":"shortFilm","mtId":"6"},"TheyMix":{"id":33,"cssClasses":[],"name":"thirdPartyMix"},"MobileSoftware":{"id":11,"cssClasses":["application"],"name":"iosSoftware","mtId":"8"},"Movie":{"id":9,"cssClasses":["movie","video"],"name":"movie","mtId":"6"},"RingtoneAlbum":{"id":22,"cssClasses":[],"name":"ringtoneAlbum","mtId":"9"},"Artist":{"id":20,"cssClasses":[],"name":"artist"},"Album":{"id":2,"cssClasses":["album","music"],"name":"album","mtId":"1"},"Podcast":{"id":4,"cssClasses":["podcast"],"name":"podcast","mtId":"2"},"Song":{"id":1,"cssClasses":["song","music"],"name":"song","mtId":"1"},"EBook":{"id":25,"cssClasses":["ebook"],"name":"epubBook","mtId":"11"},"Concert":{"id":26,"cssClasses":[],"name":"concert","mtId":"1"},"TVSeason":{"id":7,"cssClasses":["tv-season","tv","video"],"name":"tvSeason","mtId":"4"},"Tone":{"id":31,"cssClasses":[],"name":"tone","mtId":"9"},"PodcastEpisode":{"id":15,"cssClasses":["podcast-episode"],"name":"podcastEpisode","mtId":"2"},"MetaEBook":{"id":35,"cssClasses":["ebook"],"name":"metaEbook","mtId":"13"},"MacSoftware":{"id":30,"cssClasses":["application","mac-application"],"name":"desktopApp","mtId":"12"},"Ringtone":{"id":21,"cssClasses":[],"name":"ringtone","mtId":"9"},"SoftwareAddOn":{"id":16,"cssClasses":["software-add-on","application"],"name":"softwareAddOn","mtId":"8"},"iTunesPass":{"id":12,"cssClasses":["itunes-pass","album","music"],"name":"itunesPass","mtId":"1"},"MusicVideo":{"id":5,"cssClasses":["music-video","music","video"],"name":"musicVideo","mtId":"5"}},"AddToWishlistResult":{"SomeContentAlreadyOwned":{"id":4},"SomeContentAlreadyInWishlist":{"id":1},"ListFull":{"id":3},"Failure":{"id":2},"SomeContentAlreadyOwnedButUnfulfilled":{"id":5},"Success":{"id":0},"ItemIsFree":{"id":6}},"getEmailUrl":"https://itunes.apple.com/WebObjects/MZStore.woa/wa/generateEmail?cc=us"},"properties":{"DAH.SharingMenu.WhitelistedServiceIds":["com.apple.share.Twitter.post","com.apple.share.Facebook.post","com.apple.share.Messages.compose"],"DAH.SharingMenu.HashTag":"#MacAppStore","DAH.SharingMenu.ServiceInfo":{"com.apple.share.Facebook.post":{"locKey":"DAH.SharingMenu.Facebook"},"com.apple.share.Twitter.post":{"locKey":"DAH.SharingMenu.Twitter"},"com.apple.share.Messages.compose":{"locKey":"DAH.SharingMenu.iChat"}},"clientStatsLoadTimeGroup":"4006","MZHtmlResourcesUtil.allowDeferJsLoad":true,"ITSServerEnvironment":"prod","ITSServerInstance":"2126933","ITSResourceRevNum":"0414","resourceUrlPrefix":"https://s.mzstatic.com","ITSLogger.ServerReportingProtocol":"https","ITSLogger.ServerReportingDomain":"metrics.mzstatic.com","ITSLogger.ServerReportingApp":"MZUserXP","ITSLogger.RecordStatsAction":"recordStats","ITSLogger.SenderName":"ITSClient","ITSLogger.mirrorToServerByDefaultOnErrors":true,"DynaLoader.allowDynaLoading":true,"itsLoggerQueueProcessingInterval":10000,"cobaltBundleId":"com.apple.itunesu","getCobaltAppLink":"https://itunes.apple.com/us/app/id490217893","iTunesUEnrollLink":"https://itunes.apple.com/WebObjects/DZR.woa/wa/iTunesEnrollPopover?cc=us","cobaltLearnMore":"https://itunes.apple.com/us/learn-more?about=iTunesUUpgradePage&type=2","isCobaltEnabled":true,"isCobaltJavascriptRedirectEnabled":true,"isCobaltUpsellPageEnabled":true,"isRadioHistoryEnabled":true,"personalizedButtonsEnabled":true,"SF6.Personalization.isCMAEnabled":true,"SF6.Personalization.isCMSEnabled":true,"SFJ.isNFAEnabledInStorefront":true,"SF6.StorePlatform.whitelistParams":["caller","dsid","id","p"],"vendLastSupportedVersionIfAvailable":true,"vendLastSupportedVersionMacOs":true,"isBookGiftingEnabled":true,"metrics":{"metricsUrl":"https://xp.apple.com/report","compoundSeparator":"_","tokenSeparator":"|","postFrequency":60000,"blacklistedEvents":[],"blacklistedFields":["capacitySystem","capacitySystemAvailable","capacityDisk","capacityData","capacityDataAvailable"],"fieldsMap":{"single":{"targetId":["id","adamId","contentId","type","fcId","station-hash"]},"multi":{},"cookies":["itcCt"],"custom":{"impressions":["id","adamId","station-hash"],"location":["id","adamId","dataSetId","name","fcKind","kindIds","type","station-hash","core-seed-name"]}},"metricsBase":{"storeFrontHeader":"143441-1,13","language":"1","platformId":"13","platformName":"MacAppStore","storeFront":"143441","environmentDataCenter":"ST11"}},"MZStore.shouldAttemptToEvaluateXpathSecondTime":true,"MZStore.shouldCacheElementTypeProtoObjects":true}}</script>
<script type="text/javascript" charset="utf-8">
if (!window.iTSLocalization) { iTSLocalization = {}; }
iTSLocalization._strings = {"Js.CNConnections.RequestSent":"Request sent", "Js.CNConnections.LoginRequired.Title":"Sign in to access Ping.", "MHJavascriptLocalizations.DIBuyButtonDownload":"Download", "Js.ManageArtistAlerts.CheckAll.Artists":"Check All Artists", "Js.InlineReview.Error":"Error", "_thousandsSeparator":",", 
"Js.CNConnections.OptInRequired.Message":"This requires Ping. Ping will no longer be available as of September 30, and we are not accepting new members. If you are already a Ping member, sign in below to continue.", "Js.iTunesStoreError.Explanation":"There was an error in the App Store. Please try again later.  (@@errorNum@@)", "Js.InlineReview.RateThis":"Rate this", "Buy":"Buy", "CNConnections.Dialog.StopFollowing.Title":"Are you sure you want to stop following @@fullName@@?", "Js.MyAlerts.GeniusActivationNeeded.Message":"This requires Genius.", "Js.InlineReview.ClickToRate":"Click to rate", "Js.Pagination.PreviousPage":"Previous Page", "DAH.SharingMenu.Twitter":"Share on Twitter", "DABuyButtonBuyNow":"Buy App", "CNConnections.Dialog.Like.Review.SignIn.Message":"Enter your Apple ID or AOL screen name and your password, then click Sign In.", "Js.InlineReview.SigninMessage":"Enter your Apple ID and password, then click Sign In.", "Js.CreateAccount":"Create Apple ID", "Js.ReportAConcern.SigninTitle":"Sign in to report a concern.", "Js.iTunesStoreError.Message":"We could not complete your request.", "Js.Pagination.DisabledButtonText":"disabled @@button_text@@", "Js.MyAlerts.ConfirmEmailSignUp.Explanation":"You can change this preference at any time from your My Alerts page.", "Js.CNConnections.PeoplePopupMore":"and @@count@@ other@@s@@...", "CNConnections.Upload.MaxPhotosErrorMessage":"You can have no more than 20 photos in one post.", "DABuyButtonAlreadyInstalledExplanation":"Do you want to buy @@name@@ @@version@@?", "CNConnections.Dialog.OptIn.Message":"Liking a review requires Ping, and we are no longer accepting new members.", "DABuyButtonNewerVersionAlreadyInstalledMessage":"A newer version of this app is already installed on this computer", "Js.InlineReview.5":"it's great", "Js.QuickView.Unavailable.Title":"Quick View is currently unavailable for this item.", "Js.InlineReview.4":"it's good", "Js.InlineReview.1":"hate it", "CNConnections.Dialog.Like.Review.SignIn.Title":"Sign in to like a review.", "Js.InlineReview.3":"it's ok", "Js.InlineReview.2":"don't like it", "Js.Pagination.PageNumber":"Page @@num@@", "CNConnections.Dialog.OptIn.Title":"Ping Will No Longer Be Available as of September 30", "CNConnections.Dialog.Post.Review.SignIn.Title":"Sign in to post.", "CNConnections.Dialog.OptIn.ButtonSignIn":"Sign In", "DIBuyButtonDownloadedAria":"Downloaded, @@name@@", "Js.InlineReview.Thanks":"Thanks!", 
"Js.CNConnections.LoginRequired.Message":"This requires Ping. Ping will no longer be available as of September 30, and we are not accepting new members. If you are already a Ping member, sign in below to continue.", "Js.InlineReview.SigninTitle":"Sign in to write a review.", "CNConnections.Dialog.StopFollowing.Message":"CNConnections.Dialog.StopFollowing.Message", "OK":"OK", "Js.QuickView.Unavailable.Text":"Please try again later.", "Close":"Close", "Js.Wishlist.RemoveTooltip":"Remove from Wish List", "Js.Pagination.Next":"Next", "MHJavascriptLocalizations.DIBuyButtonDownloading":"Downloading", "CNConnections.Dialog.PrivateUser.LeakyAction.Message":"This action will make your profile photo and name visible to others.", "Js.MyAlerts.CancelEmailSignUp.Explanation":"You can change this preference at any time from your My Alerts page.", "DABuyButtonAlreadyInstalledNoVersionMessage":"@@installedname@@ is already installed and was not purchased from the Mac App Store.", "DABuyButtonLearnMore":"Learn More", "Js.ManageArtistAlerts.CheckAll.Actors":"Check All Actors", "Js.InlinePreview.PlayPreview":"Play preview of @@title@@", "No":"No", "Js.CNConnections.Dialog.Cancel":"Cancel", "Js.InlinePreview.StopPreview":"Stop preview of @@title@@", "CNConnections.Upload.UploadErrorMessage":"Sorry, there was an error during upload.", "Js.Search.HintsTitle":"Suggestions", "Js.PreflightCheckFailedErrorWithAppName.Title":"We could not complete your purchase of @@appName@@", "Js.Pagination.NextPage":"Next Page", "Js.TextLimit.Remaining":"@@count@@ characters remaining", "Js.List.Item":"item", "Js.ManageArtistAlerts.UncheckAll.Artists":"Uncheck All Artists", "DAH.SharingMenu.Facebook":"Share to Facebook", "Js.InlineRating.SigninTitle":"Sign in to rate this item.", "DVHMusicPurchasesPage.Restore":"Unhide", "DABuyButton.aria.accept":"Accept, @@name@@, Free", "Js.MyAlerts.GeniusActivationNeeded.Explanation":"Alerts based on your library content will not be enabled until you have turned on Genius. To learn more, click Go to Genius.", "Js.CNConnections.OptInRequired.Title":"Ping", "Js.Showcase.Next":"Next Item", "SF.AskToBuy.PermissionBannerText":"Your request was sent and is awaiting approval from a parent. They can also @@bannerLinkText@@ on this device.", "Js.Pagination.Back":"Back", "DABuyButtonAlreadyInstalledMessage":"@@installedname@@ @@installedversion@@ is already installed and was not purchased from the Mac App Store.", "CNConnections.Upload.UploadErrorHeading":"There is a Problem With Your Upload", "DABuyButtonSameVersionAlreadyInstalledExplanation":"Do you want to buy @@name@@ @@version@@ again?", "Js.MyAlerts.CancelEmailSignUp.Message":"Are you sure you want to stop receiving email alerts?", "MHJavascriptLocalizations.DIBuyButtonDownloaded":"Downloaded", "CNConnections.Dialog.PrivateUser.IllegalAction.Title":"Private users may not perform this action.", "Js.DA.BuyButton.Installed":"Installed", "CNConnections.Dialog.Post.Review.SignIn.Message":"Enter your Apple ID or AOL screen name and your password, then click Sign In.", "DABuyButton.aria.install":"Install, @@name@@, Free", "DABuyButtonInstall":"Install App", "Js.Pagination.PageNumberTitle":"page @@num@@", "Js.DA.BuyButton.Installing":"Installing", "Js.TellAFriend.SigninMessage":"Enter your Apple ID and password, then click Sign In.", "Js.TellAFriend.SigninTitle":"Sign in to tell a friend.", "CNConnections.Dialog.PrivateUser.IllegalAction.Message":"If you would like to perform this action, please change your privacy settings.", "Less":"Less", "CNConnections.Dialog.OptIn.ButtonSubmit":"Learn More", "DABuyButton.aria.installing":"Installing, @@name@@", "DABuyButtonNewerVersionAlreadyInstalledExplanation":"If you want to replace it with this version, move the existing app to the trash.", "InAppPurchases":"In-App Purchases", "More":"More", "Js.CNConnections.Dialog.GetStarted":"Get Started", "Js.PreflightCheckFailedError.UpdateTitle":"We could not complete your update.", "Js.ManageArtistAlerts.UncheckAll":"Uncheck All", "DTHBuyInfo.actionText.Accept":"Accept", "Js.DA.BuyButton.Open":"Open", "Js.ManageArtistAlerts.CheckAll":"Check All", "DABuyButton.aria.buy":"Buy, @@name@@, @@price@@", "Js.MyAlerts.ConfirmEmailSignUp.Message":"Are you sure you wan