GET /search?q=1+%2B1&locale=en-US&time_zone=America/Los_Angeles&calendar=gregorian&key=andromeda HTTP/1.1
Host: api.smoot.apple.com
Connection: keep-alive
Accept-Charset: utf-8
Accept: */*
X-Apple-UI-Scale: 1.000000
X-Apple-CachedResults: []
X-Apple-UserGuid: 3f2f8c4d-4f6e-463b-7800-ce5287b7c142
User-Agent: (OS X 14A389) Spotlight/916
Accept-Language: en-us
Accept-Encoding: gzip, deflate
X-Apple-CachedQueries: []

HTTP/1.1 200 OK
Access-Control-Allow-Origin: *
Cache-Control: private, max-age=300
Content-Type: application/json; charset=utf-8
Date: Sun, 19 Oct 2014 18:07:04 GMT
Connection: close
Transfer-Encoding: chunked

1303
[{"status":"OK","query":"1 +1","prefix":"1 +1","completion_score":49999,"fbq":"eyJ1IjoiM2YyZjhjNGQtNGY2ZS00NjNiLTc4MDAtY2U1Mjg3YjdjMTQyIiwicCI6IjEgKzEiLCJxIjoiMSArMSIsInRzIjoxNDEzNzQyMDI0LCJnIjoidXMvaWxsaW5vaXMvY29vay9jaGljYWdvIiwiYSI6InNwb3RsaWdodCIsImQiOiJtYWMiLCJsIjoiZW5fVVMiLCJpIjoiMTQzNDQxLTEsMjEiLCJjIjoiNDEuODY0MywtODcuNjQ1IiwiZWN2IjowLCJjY3YiOjB9","results":[{"type":"movies","id":"mv:MV005597930000|143441;TR8791;1413716400","score":5,"fbr":"eyJkIjoibW92aWVzIiwiciI6Im12Ok1WMDA1NTk3OTMwMDAwfDE0MzQ0MTtUUjg3OTE7MTQxMzcxNjQwMCJ9","url":"http://www.fandango.com/D-Day:%20Normandy%201944_172206/movietimes?location=Chicago_IL","max_age":300,"app":{"name":"Fandango","bundle_id":"com.fandango.fandango","install_url":"itmss://itunes.apple.com/us/app/fandango-movies-times-tickets/id307906541?mt=8","punchout_uri":"http://www.fandango.com/D-Day:%20Normandy%201944_172206/movietimes?location=Chicago_IL"},"report_problem_url":"","filtered":true,"tophit":1,"engagement_score":0,"qi_engagement_score":0,"should_enable_location":true,"hide_rank":15,"template":"simple","completion":"— fandango.com","completion_icon":{"id":"mac_safari_icon"},"section_header":"NOW PLAYING IN THEATERS","section_header_more":"Show all…","section_header_more_url":"http://www.fandango.com","card_sections":[{"type":"rich_title","title":"D-Day: Normandy 1944","description":"— Genre: Documentary\nReleased: Mar 27, 2014\nRuntime: 43m","more_glyphs":[{"id":"mac_mpaa_nr","is_template":true}],"image":{"id":"mac_movie_placeholder_big"}},{"type":"link_table","title":"Playing at 1 theater nearby","links":[{"text":"3:00 PM","url":"http://www.fandango.com/D-Day:%20Normandy%201944_172206/movietimes?location=Chicago_IL"}]},{"type":"description","title":"Plot Summary","title_weight":1,"description":"Allied forces invade Normandy on June 6, 1944.","description_maxlines":3,"description_expand":true,"description_expand_text":"more"},{"type":"text_columns","title":"Cast and Crew","columns":[[{"text_lines":["Director"],"text_nowrap":true},{"text_lines":["Pascal Vuong"],"text_nowrap":true,"text_weight":-1}]]}],"title":"D-Day: Normandy 1944","icon":{"id":"mac_safari_icon_small"}},{"type":"wiki","id":"w:1%2B1","score":0.502,"fbr":"eyJkIjoid2lraSIsInIiOiJ3OjElMkIxIn0=","url":"http://en.wikipedia.org/wiki/1+1","report_problem_url":"","filtered":false,"tophit":0,"engagement_score":0,"qi_engagement_score":0,"hide_rank":15,"template":"simple","completion":"1+1 — Wikipedia","completion_icon":{"id":"mac_safari_icon"},"section_header":"WIKIPEDIA","section_header_more":"Show all…","section_header_more_url":"http://en.wikipedia.org/w/index.php?fulltext=1\u0026search=1+%2B1","card_sections":[{"type":"title","title":"1+1","subtitle":"From Wikipedia"},{"type":"description","description":"1+1 is a national Ukrainian-language TV channel with a technical penetration of 95%. The target audience of the channel is 18–54 years old.","description_maxlines":11,"description_expand":true,"description_expand_text":"more","image":{"content_type":"image/png","data":"iVBORw0KGgoAAAANSUhEUgAAAGQAAAAiCAYAAACp43wlAAABP0lEQVR42u3YsXHCQBCF4e2Fu3Pq1BGMG4AqXIgLkEPKUAWQeCwJY1SEGiBwAfgWOffujG6whp+ZzaRltZ90wZNW4mXq6iVdPiU+SoFfJ/HNOodea+3bSNoc89xT7yLPcHY9ICCAAAIIIIAAAggggAACCCB3DnLIN1nrP4C0kir7QlJlh35Yn/LcU+/CDfIhi2dbhaf8B98lQBqJr3l5+78qv8W73H9wvKHDeI+ld9y+S1hZdtHI4uXL+DW5QZzHxbkESCehLnF0+o6WUFvn1WfrAQEEEEAAAQQQQAABBBBAAAFkNtGJxgoaL9hiiLDU2MISb2h1juhkvNbWV2fQWaaOTnRnujvrnouEi7/LMPU8XfHS5tbhos5gDRc75y48O5ZbHxVHJ8jc4ndvAQIIIIAAAggggAACCCCAAHLnID9FUIlZr0K96QAAAABJRU5ErkJggg=="}},{"type":"row","url":"http://en.wikipedia.org/wiki/1+1","key":"See Full Article","key_nowrap":true,"value_image":{"id":"mac_weblink"}}],"title":"1+1","icon":{"id":"mac_wiki_icon"}},{"type":"web_suggest","id":"wb:http://1plus1.ua","score":0.09320908,"fbr":"eyJkIjoid2ViX3N1Z2dlc3QiLCJyIjoid2I6aHR0cDovLzFwbHVzMS51YSJ9","url":"http://1plus1.ua","report_problem_url":"","filtered":false,"tophit":0,"engagement_score":0,"qi_engagement_score":0,"hide_rank":15,"template":"simple","completion":"1plus1.ua — Офіційний сайт каналу 1+1. - 1plus1.ua","completion_icon":{"id":"mac_safari_icon"},"section_header":"SUGGESTED WEBSITE","section_header_more":"Show all…","section_header_more_url":"http://1plus1.ua","card_align":"center","card_sections":[{"type":"website","title":"1plus1.ua","title_nowrap":true,"image":{"id":"mac_safari_icon_big"}},{"type":"description","description":"Офіційний сайт каналу 1+1. - 1plus1.ua","description_maxlines":2,"text_align":"center"}],"title":"1plus1.ua","title_note":"— Офіційний сайт каналу 1+1. - 1plus1.ua","icon":{"content_type":"image/png","data":"iVBORw0KGgoAAAANSUhEUgAAABAAAAAQCAYAAAAf8/9hAAAAQElEQVR42mNgAIL///8zkoMZKNEMN2QYGHAGGAzIGFkSXQybWsoNwKYYXSEug6hjALEKcRlMuQGjKZGyHAnSCwBwMaVn7FtDpAAAAABJRU5ErkJggg=="}}]}]

0

