POST /safebrowsing/downloads?pver=2.2&client=Safari&appver=8.0 HTTP/1.1
Host: safebrowsing.google.com
Content-Type: application/x-www-form-urlencoded
Connection: keep-alive
Accept: */*
User-Agent: Mozilla/5.0 (Macintosh; Intel Mac OS X 10_10) AppleWebKit/600.1.25 (KHTML, like Gecko) Version/8.0 Safari/600.1.25
Accept-Language: en-us
Accept-Encoding: gzip, deflate
Content-Length: 40

goog-phish-shavar;
goog-malware-shavar;
HTTP/1.1 200 OK
Content-Type: application/vnd.google.safebrowsing-update
Set-Cookie: PREF=ID=6bb77d76db457259:TM=1413752298:LM=1413752298:S=dcaX4QLaGLy7WjsU; expires=Tue, 18-Oct-2016 20:58:18 GMT; path=/; domain=.google.com
X-Content-Type-Options: nosniff
Date: Sun, 19 Oct 2014 20:58:18 GMT
Server: HTTP server (unknown)
Content-Length: 2822
X-XSS-Protection: 1; mode=block
X-Frame-Options: SAMEORIGIN
Alternate-Protocol: 443:quic,p=0.01
Expires: Sun, 19 Oct 2014 20:58:18 GMT
Cache-Control: private
Connection: close

n:1814
i:goog-malware-shavar
u:safebrowsing-cache.google.com/safebrowsing/rd/ChNnb29nLW1hbHdhcmUtc2hhdmFyEAEYge8IIID0CCo7TDgCAP_______________________________________________________________________x8yHoE3AgD_________________________________Bw
u:safebrowsing-cache.google.com/safebrowsing/rd/ChNnb29nLW1hbHdhcmUtc2hhdmFyEAEYwewIIIDvCDItQTYCAP____________________________________________________8A
u:safebrowsing-cache.google.com/safebrowsing/rd/ChNnb29nLW1hbHdhcmUtc2hhdmFyEAEYgeoIIMDsCDItATUCAP__________7______v__________________________________8A
u:safebrowsing-cache.google.com/safebrowsing/rd/ChNnb29nLW1hbHdhcmUtc2hhdmFyEAEY2ekIIIDqCDIK2TQCAP______AA
u:safebrowsing-cache.google.com/safebrowsing/rd/ChNnb29nLW1hbHdhcmUtc2hhdmFyEAAYgbUJIIC6CSo2eVsCAP________________________________________________________________8AMiSBWgIA_________________________________________wA
u:safebrowsing-cache.google.com/safebrowsing/rd/ChNnb29nLW1hbHdhcmUtc2hhdmFyEAAYwbIJIIC1CTItQVkCAD____________________________________________________8A
u:safebrowsing-cache.google.com/safebrowsing/rd/ChNnb29nLW1hbHdhcmUtc2hhdmFyEAAYgbAJIMCyCTItAVgCAP____________________________________________9___-___8A
u:safebrowsing-cache.google.com/safebrowsing/rd/ChNnb29nLW1hbHdhcmUtc2hhdmFyEAAYwa0JIICwCTItwVYCAP________7__________________________________3________8A
u:safebrowsing-cache.google.com/safebrowsing/rd/ChNnb29nLW1hbHdhcmUtc2hhdmFyEAAYgasJIMCtCTItgVUCAP_________-_____v____________________________________8A
i:goog-phish-shavar
u:safebrowsing-cache.google.com/safebrowsing/rd/ChFnb29nLXBoaXNoLXNoYXZhchABGIG-CyCAyAsqUKjhAgD___________________________________________________________________________________________________8BMlkB3wIA________________________________________________________________________________________-_______________________fw
u:safebrowsing-cache.google.com/safebrowsing/rd/ChFnb29nLXBoaXNoLXNoYXZhchABGOG8CyCAvgsyGWHeAgD__________________________wA
u:safebrowsing-cache.google.com/safebrowsing/rd/ChFnb29nLXBoaXNoLXNoYXZhchABGJG8CyDgvAsyDxHeAgD_____________AA
u:safebrowsing-cache.google.com/safebrowsing/rd/ChFnb29nLXBoaXNoLXNoYXZhchAAGMHUFSCA1xUqF-pqBQD_______________________9_MhpBagUA_____-______________________AQ
u:safebrowsing-cache.google.com/safebrowsing/rd/ChFnb29nLXBoaXNoLXNoYXZhchAAGIHSFSDA1BUyLQFpBQD_____________________________________________________AA
u:safebrowsing-cache.google.com/safebrowsing/rd/ChFnb29nLXBoaXNoLXNoYXZhchAAGMHPFSCA0hUyLcFnBQD_____________________________________________________AA
u:safebrowsing-cache.google.com/safebrowsing/rd/ChFnb29nLXBoaXNoLXNoYXZhchAAGIHNFSDAzxUyLYFmBQD____________________v________________________________AA
u:safebrowsing-cache.google.com/safebrowsing/rd/ChFnb29nLXBoaXNoLXNoYXZhchAAGMHKFSCAzRUyLUFlBQD_________________________________________________7f__AA
