PROPPATCH /8078008707/calendars/home/ HTTP/1.1
Host: p29-caldav.icloud.com
Content-Type: text/xml
Authorization: X-MobileMe-AuthToken ODA3ODAwODcwNzpBUUFBQUFCVVEyYllJRTFxTGNlcFByZGxHekVyajRzUTF4NmQ3SGc9
Connection: keep-alive
Accept: */*
X-Apple-DAV-Pushtoken: 4fd11f30cd66864e451e20619513ec796e2bd38ac47ffba7cd3ab93a4d70a31b
User-Agent: Mac+OS+X/10.10 (14A389) CalendarAgent/315
Content-Length: 198
Accept-Language: en-us
Accept-Encoding: gzip, deflate

<?xml version="1.0" encoding="UTF-8"?>
<A:propertyupdate xmlns:A="DAV:"><A:set><A:prop><D:calendar-order xmlns:D="http://apple.com/ns/ical/">2</D:calendar-order></A:prop></A:set></A:propertyupdate>
HTTP/1.1 207 Multi-Status
Content-Length: 373
Accept-Ranges: bytes
Server: iCloudCalendarServer 14G54
Last-Modified: Sun, 19 Oct 2014 14:32:12 GMT
DAV: 1, access-control, calendar-access, calendar-schedule, calendar-auto-schedule, calendar-managed-attachments, calendarserver-sharing, calendarserver-subscribed, calendarserver-home-sync
X-Transaction-Id: 0b48eee6-5762-11e4-98bb-78e3b5137b64
Date: Sun, 19 Oct 2014 07:32:13 GMT
X-Responding-Server: st13p29ic-hpaf17221401 3 a63660a6f7d1a25b5a7ed66dab0da843
Content-Type: text/xml

<?xml version='1.0' encoding='UTF-8'?>
<multistatus xmlns='DAV:'>
  <response>
    <href>/8078008707/calendars/home/</href>
    <propstat>
      <prop>
        <calendar-order xmlns='http://apple.com/ns/ical/'/>
      </prop>
      <status>HTTP/1.1 200 OK</status>
      <responsedescription>OK</responsedescription>
    </propstat>
  </response>
</multistatus>