GET /register HTTP/1.1
Host: xp.apple.com
Accept-Encoding: gzip, deflate
Connection: keep-alive
iCloud-DSID: 8078008707
Date: Sun, 19 Oct 2014 07:32:19 GMT
Accept: */*
User-Agent: MacAppStore/2.0 (Macintosh; OS X 10.10; 14A389) AppleWebKit/0600.1.25
X-Apple-Store-Front: 143441-1,13
Accept-Language: en-US
X-Apple-TZ: -420

HTTP/1.0 200 Apple WebObjects
x-apple-jingle-correlation-key: FEKFV6PMZKEBA
access-control-allow-origin: *
vary: X-Apple-Store-Front,X-Dsid,Cookie
x-apple-application-site: ST11
x-apple-set-cookie: xp_ci=3z4g8XADz7s3z4RnzCRNz1KGeDrrYY; version="1"; expires=Fri, 17-Apr-2015 07:32:19 GMT; path=/; domain=.apple.com
date: Sun, 19 Oct 2014 07:32:19 GMT
set-cookie: xp_ci=3z4g8XADz7s3z4RnzCRNz1KGeDrrYY; version="1"; expires=Fri, 17-Apr-2015 07:32:19 GMT; path=/; domain=.apple.com
apple-timing-app: 0 ms
cache-control: private, max-age=60
expires: Sun, 19 Oct 2014 07:33:19 GMT
content-type: application/json; charset=UTF-8
x-apple-application-instance: 20621
x-webobjects-loadaverage: 1
access-control-allow-credentials: true
connection: keep-alive
content-length: 137

{"setCookies":[{"expiration":"1429255939364","name":"xp_ci","domain":".apple.com","path":"\/","value":"3z4g8XADz7s3z4RnzCRNz1KGeDrrYY"}]}