GET /register HTTP/1.1
Host: xp.apple.com
X-Apple-Store-Front: 143441-1,28
Connection: close
Cookie: s_fid=7A91854B9C94B6A0-1581381A15C2A650; s_invisit_n2_us=3; s_pathLength=homepage%3D1%2C; s_ppv=apple%2520-%2520index%2Ftab%2520%2528us%2529%2C100%2C100%2C643%2C; s_vi=[CS]v1|2A22088205011E8F-6000010A6000B2B6[CE]; s_vnum_n2_us=3%7C1; xp_ci=3z54Reukz76xz4QyzCuZz1FPnGqJSk
User-Agent: iTunes/12.0 (Macintosh; OS X 10.10) AppleWebKit/0600.1.25
Accept-Language: en-us, en;q=0.50
X-Apple-Tz: -25200
Accept-Encoding: gzip

HTTP/1.0 200 Apple WebObjects
x-apple-jingle-correlation-key: T376ZNYRJKELQ
access-control-allow-origin: *
vary: X-Apple-Store-Front,X-Dsid,Cookie
x-apple-application-site: ST11
date: Sun, 19 Oct 2014 19:33:09 GMT
apple-timing-app: 0 ms
cache-control: private, max-age=60
expires: Sun, 19 Oct 2014 19:34:09 GMT
content-type: application/json; charset=UTF-8
x-apple-application-instance: 20762
x-webobjects-loadaverage: 1
access-control-allow-credentials: true
connection: keep-alive
content-length: 2

{}