POST /safebrowsing/downloads?pver=2.2&client=Safari&appver=8.0 HTTP/1.1
Host: safebrowsing.google.com
Accept: */*
Content-Type: application/x-www-form-urlencoded
Connection: keep-alive
Cookie: PREF=ID=fabc36ae1d68fab3:TM=1413708192:LM=1413708192:S=4MFh4jdIAdTflOAS
User-Agent: Mozilla/5.0 (Macintosh; Intel Mac OS X 10_10) AppleWebKit/600.1.25 (KHTML, like Gecko) Version/8.0 Safari/600.1.25
Accept-Language: en-us
Accept-Encoding: gzip, deflate
Content-Length: 130

goog-phish-shavar;a:353281-354945:s:187721-187902,187905-187907,187912-188768
goog-malware-shavar;a:152961-154446:s:144601-145455
HTTP/1.1 200 OK
Content-Type: application/vnd.google.safebrowsing-update
X-Content-Type-Options: nosniff
Date: Sun, 19 Oct 2014 09:44:42 GMT
Server: HTTP server (unknown)
Content-Length: 2594
X-XSS-Protection: 1; mode=block
X-Frame-Options: SAMEORIGIN
Alternate-Protocol: 443:quic,p=0.01
Connection: close

n:1900
i:goog-malware-shavar
u:safebrowsing-cache.google.com/safebrowsing/rd/ChNnb29nLW1hbHdhcmUtc2hhdmFyEAEYofAIIMDxCCoWMjgCAP______________________fzIHITgCAP__AQ
u:safebrowsing-cache.google.com/safebrowsing/rd/ChNnb29nLW1hbHdhcmUtc2hhdmFyEAEYgeUIIIDqCDJVgTICAP__________________________________________________________________________________________________________AA
u:safebrowsing-cache.google.com/safebrowsing/rd/ChNnb29nLW1hbHdhcmUtc2hhdmFyEAEY4eMIIIDlCDIZ4TECAN__________________________AA
u:safebrowsing-cache.google.com/safebrowsing/rd/ChNnb29nLW1hbHdhcmUtc2hhdmFyEAEYweIIIODjCDIZQTECAP_____________7____________AA
u:safebrowsing-cache.google.com/safebrowsing/rd/ChNnb29nLW1hbHdhcmUtc2hhdmFyEAAYybYJIPC2CSoJUVsCAP____8AMgZJWwIA_wA
u:safebrowsing-cache.google.com/safebrowsing/rd/ChNnb29nLW1hbHdhcmUtc2hhdmFyEAAYwagJIICrCTItQVQCAP______3_____________________________3____3___f______8A
u:safebrowsing-cache.google.com/safebrowsing/rd/ChNnb29nLW1hbHdhcmUtc2hhdmFyEAAYgaYJIMCoCTItAVMCAP_________________________________9__________________8A
u:safebrowsing-cache.google.com/safebrowsing/rd/ChNnb29nLW1hbHdhcmUtc2hhdmFyEAAYwaMJIICmCTItwVECAP_________________________________________7_____7_-7_8A
u:safebrowsing-cache.google.com/safebrowsing/rd/ChNnb29nLW1hbHdhcmUtc2hhdmFyEAAYoaIJIMCjCTIZIVECAP__________________________AA
i:goog-phish-shavar
u:safebrowsing-cache.google.com/safebrowsing/rd/ChFnb29nLXBoaXNoLXNoYXZhchABGNnCCyCAwwsqCGXhAgD___8PMgZZ4QIA_w8
u:safebrowsing-cache.google.com/safebrowsing/rd/ChFnb29nLXBoaXNoLXNoYXZhchABGIG0CyCAvgsypQEB2gIA______________________________________________________vv______________________v7_____________________________________________________________9_______________________________________________________________________wA
u:safebrowsing-cache.google.com/safebrowsing/rd/ChFnb29nLXBoaXNoLXNoYXZhchABGLGzCyCAtAsyD7HZAgD_____________AA
u:safebrowsing-cache.google.com/safebrowsing/rd/ChFnb29nLXBoaXNoLXNoYXZhchAAGP3UFSCQ1RUqBYpqBQB_MgZ9agUA_x8
u:safebrowsing-cache.google.com/safebrowsing/rd/ChFnb29nLXBoaXNoLXNoYXZhchAAGMHFFSCAyBUyLcFiBQD_____________________________________________________AA
u:safebrowsing-cache.google.com/safebrowsing/rd/ChFnb29nLXBoaXNoLXNoYXZhchAAGIHDFSDAxRUyLYFhBQD_____________________________________________________AA
u:safebrowsing-cache.google.com/safebrowsing/rd/ChFnb29nLXBoaXNoLXNoYXZhchAAGMHAFSCAwxUyLUFgBQD_____________________________________________________AA
u:safebrowsing-cache.google.com/safebrowsing/rd/ChFnb29nLXBoaXNoLXNoYXZhchAAGIG-FSDAwBUyLQFfBQD_____________________________________________________AA
