GET /assets/about/icon_instant-answers.v102.svg HTTP/1.1
Host: duckduckgo.com
Connection: keep-alive
Accept: */*
User-Agent: Mozilla/5.0 (Macintosh; Intel Mac OS X 10_10) AppleWebKit/600.1.25 (KHTML, like Gecko) Version/8.0 Safari/600.1.25
Accept-Language: en-us
Referer: https://duckduckgo.com/about
Accept-Encoding: gzip, deflate

HTTP/1.1 200 OK
Server: nginx
Date: Sun, 19 Oct 2014 07:55:09 GMT
Content-Type: image/svg+xml
Content-Length: 850
Last-Modified: Mon, 19 May 2014 13:26:40 GMT
Connection: close
ETag: "537a0690-352"
Expires: Mon, 19 Oct 2015 07:55:09 GMT
Cache-Control: max-age=31536000
Cache-Control: public
Accept-Ranges: bytes

<?xml version="1.0" encoding="utf-8"?>
<!-- Generator: Adobe Illustrator 15.1.0, SVG Export Plug-In . SVG Version: 6.00 Build 0)  -->
<!DOCTYPE svg PUBLIC "-//W3C//DTD SVG 1.1//EN" "http://www.w3.org/Graphics/SVG/1.1/DTD/svg11.dtd">
<svg version="1.1" id="Layer_1" xmlns="http://www.w3.org/2000/svg" xmlns:xlink="http://www.w3.org/1999/xlink" x="0px" y="0px"
	 width="64px" height="64px" viewBox="0 0 64 64" enable-background="new 0 0 64 64" xml:space="preserve">
<g>
	<path fill="#FFFFFF" d="M73.362,297.428C73.242,297.285,73.12,297.145,73,297C73.083,297.113,73.211,297.262,73.362,297.428z"/>
</g>
<path fill="#FFFFFF" d="M450.638,297.428c0.12-0.143,0.243-0.283,0.362-0.428C450.917,297.113,450.789,297.262,450.638,297.428z"/>
<g>
	<path fill="#F0624D" d="M45.968,29H35.721L37,10.054L18.032,35h10.247L27,53.946L45.968,29z"/>
</g>
</svg>
