GET /news.js?q=If%20I%20set%20my%20search%20engine%20to%20DuckDuckGo%20because%20I%20care%20about%20privacy%2C%20who%20actually%20sees%20my%20search%3F&cb=ddg_spice_news HTTP/1.1
Host: duckduckgo.com
Connection: keep-alive
Accept: */*
User-Agent: Mozilla/5.0 (Macintosh; Intel Mac OS X 10_10) AppleWebKit/600.1.25 (KHTML, like Gecko) Version/8.0 Safari/600.1.25
Accept-Language: en-us
Referer: https://duckduckgo.com/
Accept-Encoding: gzip, deflate

HTTP/1.1 200 OK
Server: nginx
Date: Sun, 19 Oct 2014 07:47:06 GMT
Content-Type: application/javascript; charset=UTF-8
Transfer-Encoding: chunked
Connection: close
Expires: Sun, 19 Oct 2014 07:47:07 GMT
Cache-Control: max-age=1
Strict-Transport-Security: max-age=31536000
X-DuckDuckGo-Locale: en_US

4f
if (ddg_spice_news && typeof(ddg_spice_news) === 'function') ddg_spice_news([])
0

