GET /assets/about/icon_real-privacy.v102.svg HTTP/1.1
Host: duckduckgo.com
Connection: keep-alive
Accept: */*
User-Agent: Mozilla/5.0 (Macintosh; Intel Mac OS X 10_10) AppleWebKit/600.1.25 (KHTML, like Gecko) Version/8.0 Safari/600.1.25
Accept-Language: en-us
Referer: https://duckduckgo.com/about
Accept-Encoding: gzip, deflate

HTTP/1.1 200 OK
Server: nginx
Date: Sun, 19 Oct 2014 07:55:08 GMT
Content-Type: image/svg+xml
Content-Length: 1974
Last-Modified: Mon, 19 May 2014 13:26:40 GMT
Connection: close
ETag: "537a0690-7b6"
Expires: Mon, 19 Oct 2015 07:55:08 GMT
Cache-Control: max-age=31536000
Cache-Control: public
Accept-Ranges: bytes

<?xml version="1.0" encoding="utf-8"?>
<!-- Generator: Adobe Illustrator 15.1.0, SVG Export Plug-In . SVG Version: 6.00 Build 0)  -->
<!DOCTYPE svg PUBLIC "-//W3C//DTD SVG 1.1//EN" "http://www.w3.org/Graphics/SVG/1.1/DTD/svg11.dtd">
<svg version="1.1" id="Layer_1" xmlns="http://www.w3.org/2000/svg" xmlns:xlink="http://www.w3.org/1999/xlink" x="0px" y="0px"
	 width="64px" height="64px" viewBox="0 0 64 64" enable-background="new 0 0 64 64" xml:space="preserve">
<g>
	<path fill="#FFFFFF" d="M73.362,297.428C73.242,297.285,73.12,297.145,73,297C73.083,297.113,73.211,297.262,73.362,297.428z"/>
</g>
<path fill="#FFFFFF" d="M450.638,297.428c0.12-0.143,0.243-0.283,0.362-0.428C450.917,297.113,450.789,297.262,450.638,297.428z"/>
<path fill="#F0624D" d="M58.864,27.182c-0.44-0.255-1.327-0.063-1.963-0.123c-0.647-0.572-0.922-1.367-1.472-1.963
	c-0.192-0.208-0.499-0.403-0.736-0.613c-0.673-0.596-1.798-1.275-2.944-1.595c-2.537-0.707-8.773-0.713-8.955-0.736
	c-3.494,0-7.14,0-10.795,0s-7.301,0-10.795,0c-0.182,0.023-6.417,0.141-8.955,0.847c-1.146,0.319-2.271,0.888-2.944,1.483
	c-0.238,0.21-0.544,0.405-0.736,0.613c-0.55,0.596-0.825,1.391-1.472,1.963c-0.636,0.059-1.522-0.132-1.963,0.123
	c-0.251,0.853-0.066,2.142-0.123,3.189c0.252,0.32,1.231-0.086,1.472,0.245c0,8.383,5.974,10.535,6.011,10.549
	c3.044,1.204,5.877,0.695,8.464-0.613c2.622-1.326,4.667-3.319,6.133-5.643c1.219-1.931,2.068-3.945,2.208-6.501
	c0.597-0.73,1.645-1.046,2.699-1.017c1.054-0.029,2.102,0.287,2.699,1.017c0.14,2.556,0.989,4.571,2.208,6.501
	c1.467,2.323,3.511,4.316,6.133,5.643c2.586,1.308,5.419,1.817,8.464,0.613c0.037-0.015,6.011-2.166,6.011-10.549
	c0.241-0.332,1.233,0.075,1.485-0.245C58.943,29.324,59,28,58.864,27.182z M34.944,27.305c-0.848-0.249-1.645-0.815-2.699-0.858h0
	h-0.49h0c-1.054,0.043-1.851,0.61-2.699,0.858c-0.149-1.65-1.117-2.48-2.085-3.312c1.583-0.14,3.292-0.152,5.029-0.139
	c1.737-0.014,3.447-0.001,5.029,0.139C36.062,24.824,35.093,25.655,34.944,27.305z"/>
</svg>
