GET /locales/en_US/LC_MESSAGES/duckduckgo-duckduckgo+sprintf+gettext+locale-simple.20141017.050413.js HTTP/1.1
Host: duckduckgo.com
Connection: keep-alive
Accept: */*
User-Agent: Mozilla/5.0 (Macintosh; Intel Mac OS X 10_10) AppleWebKit/600.1.25 (KHTML, like Gecko) Version/8.0 Safari/600.1.25
Accept-Language: en-us
Referer: https://duckduckgo.com/
Accept-Encoding: gzip, deflate

HTTP/1.1 200 OK
Server: nginx
Date: Sun, 19 Oct 2014 07:46:48 GMT
Content-Type: application/x-javascript
Content-Length: 86133
Last-Modified: Sat, 18 Oct 2014 20:43:52 GMT
Connection: close
ETag: "5442d108-15075"
Expires: Sun, 19 Oct 2014 13:46:48 GMT
Cache-Control: max-age=21600
Strict-Transport-Security: max-age=31536000
X-DuckDuckGo-Locale: en_US
Accept-Ranges: bytes

function sprintf(){var regex=/%%|%(\d+\$)?([-+\'#0 ]*)(\*\d+\$|\*|\d+)?(\.(\*\d+\$|\*|\d+))?([scboxXuidfegEG])/g;var a=arguments,i=0,format=a[i++];var pad=function(str,len,chr,leftJustify){if(!chr){chr=' ';}
var padding=(str.length>=len)?'':Array(1+len-str.length>>>0).join(chr);return leftJustify?str+padding:padding+str;};var justify=function(value,prefix,leftJustify,minWidth,zeroPad,customPadChar){var diff=minWidth-value.length;if(diff>0){if(leftJustify||!zeroPad){value=pad(value,minWidth,customPadChar,leftJustify);}else{value=value.slice(0,prefix.length)+pad('',diff,'0',true)+value.slice(prefix.length);}}
return value;};var formatBaseX=function(value,base,prefix,leftJustify,minWidth,precision,zeroPad){var number=value>>>0;prefix=prefix&&number&&{'2':'0b','8':'0','16':'0x'}[base]||'';value=prefix+pad(number.toString(base),precision||0,'0',false);return justify(value,prefix,leftJustify,minWidth,zeroPad);};var formatString=function(value,leftJustify,minWidth,precision,zeroPad,customPadChar){if(precision!=null){value=value.slice(0,precision);}
return justify(value,'',leftJustify,minWidth,zeroPad,customPadChar);};var doFormat=function(substring,valueIndex,flags,minWidth,_,precision,type){var number;var prefix;var method;var textTransform;var value;if(substring=='%%'){return'%';}
var leftJustify=false,positivePrefix='',zeroPad=false,prefixBaseX=false,customPadChar=' ';var flagsl=flags.length;for(var j=0;flags&&j<flagsl;j++){switch(flags.charAt(j)){case' ':positivePrefix=' ';break;case'+':positivePrefix='+';break;case'-':leftJustify=true;break;case"'":customPadChar=flags.charAt(j+1);break;case'0':zeroPad=true;break;case'#':prefixBaseX=true;break;}}
if(!minWidth){minWidth=0;}else if(minWidth=='*'){minWidth=+a[i++];}else if(minWidth.charAt(0)=='*'){minWidth=+a[minWidth.slice(1,-1)];}else{minWidth=+minWidth;}
if(minWidth<0){minWidth=-minWidth;leftJustify=true;}
if(!isFinite(minWidth)){throw new Error('sprintf: (minimum-)width must be finite');}
if(!precision){precision='fFeE'.indexOf(type)>-1?6:(type=='d')?0:undefined;}else if(precision=='*'){precision=+a[i++];}else if(precision.charAt(0)=='*'){precision=+a[precision.slice(1,-1)];}else{precision=+precision;}
value=valueIndex?a[valueIndex.slice(0,-1)]:a[i++];switch(type){case's':return formatString(String(value),leftJustify,minWidth,precision,zeroPad,customPadChar);case'c':return formatString(String.fromCharCode(+value),leftJustify,minWidth,precision,zeroPad);case'b':return formatBaseX(value,2,prefixBaseX,leftJustify,minWidth,precision,zeroPad);case'o':return formatBaseX(value,8,prefixBaseX,leftJustify,minWidth,precision,zeroPad);case'x':return formatBaseX(value,16,prefixBaseX,leftJustify,minWidth,precision,zeroPad);case'X':return formatBaseX(value,16,prefixBaseX,leftJustify,minWidth,precision,zeroPad).toUpperCase();case'u':return formatBaseX(value,10,prefixBaseX,leftJustify,minWidth,precision,zeroPad);case'i':case'd':number=(+value)|0;prefix=number<0?'-':positivePrefix;value=prefix+pad(String(Math.abs(number)),precision,'0',false);return justify(value,prefix,leftJustify,minWidth,zeroPad);case'e':case'E':case'f':case'F':case'g':case'G':number=+value;prefix=number<0?'-':positivePrefix;method=['toExponential','toFixed','toPrecision']['efg'.indexOf(type.toLowerCase())];textTransform=['toString','toUpperCase']['eEfFgG'.indexOf(type)%2];value=prefix+Math.abs(number)[method](precision);return justify(value,prefix,leftJustify,minWidth,zeroPad)[textTransform]();default:return substring;}};return format.replace(regex,doFormat);};/*
Pure Javascript implementation of Uniforum message translation.
Copyright (C) 2008 Joshua I. Miller <unrtst@cpan.org>, all rights reserved

This program is free software; you can redistribute it and/or modify it
under the terms of the GNU Library General Public License as published
by the Free Software Foundation; either version 2, or (at your option)
any later version.

This program is distributed in the hope that it will be useful,
but WITHOUT ANY WARRANTY; without even the implied warranty of
MERCHANTABILITY or FITNESS FOR A PARTICULAR PURPOSE.  See the GNU
Library General Public License for more details.

You should have received a copy of the GNU Library General Public
License along with this program; if not, write to the Free Software
Foundation, Inc., 59 Temple Place - Suite 330, Boston, MA 02111-1307,
USA.

=head1 NAME

Javascript Gettext - Javascript implemenation of GNU Gettext API.

=head1 SYNOPSIS

 // //////////////////////////////////////////////////////////
 // Optimum caching way
 <script language="javascript" src="/path/LC_MESSAGES/myDomain.json"></script>
 <script language="javascript" src="/path/Gettext.js'></script>

 // assuming myDomain.json defines variable json_locale_data
 var params = {  "domain" : "myDomain",
                 "locale_data" : json_locale_data
              };
 var gt = new Gettext(params);
 // create a shortcut if you'd like
 function _ (msgid) { return gt.gettext(msgid); }
 alert(_("some string"));
 // or use fully named method
 alert(gt.gettext("some string"));
 // change to use a different "domain"
 gt.textdomain("anotherDomain");
 alert(gt.gettext("some string"));


 // //////////////////////////////////////////////////////////
 // The other way to load the language lookup is a "link" tag
 // Downside is that not all browsers cache XMLHttpRequests the
 // same way, so caching of the language data isn't guarenteed
 // across page loads.
 // Upside is that it's easy to specify multiple files
 <link rel="gettext" href="/path/LC_MESSAGES/myDomain.json" />
 <script language="javascript" src="/path/Gettext.js'></script>

 var gt = new Gettext({ "domain" : "myDomain" });
 // rest is the same


 // //////////////////////////////////////////////////////////
 // The reson the shortcuts aren't exported by default is because they'd be
 // glued to the single domain you created. So, if you're adding i18n support
 // to some js library, you should use it as so:

 if (typeof(MyNamespace) == 'undefined') MyNamespace = {};
 MyNamespace.MyClass = function () {
     var gtParms = { "domain" : 'MyNamespace_MyClass' };
     this.gt = new Gettext(gtParams);
     return this;
 };
 MyNamespace.MyClass.prototype._ = function (msgid) {
     return this.gt.gettext(msgid);
 };
 MyNamespace.MyClass.prototype.something = function () {
     var myString = this._("this will get translated");
 };

 // //////////////////////////////////////////////////////////
 // Adding the shortcuts to a global scope is easier. If that's
 // ok in your app, this is certainly easier.
 var myGettext = new Gettext({ 'domain' : 'myDomain' });
 function _ (msgid) {
     return myGettext.gettext(msgid);
 }
 alert( _("text") );

 // //////////////////////////////////////////////////////////
 // Data structure of the json data
 // NOTE: if you're loading via the <script> tag, you can only
 // load one file, but it can contain multiple domains.
 var json_locale_data = {
     "MyDomain" : {
         "" : {
             "header_key" : "header value",
             "header_key" : "header value",
         "msgid" : [ "msgid_plural", "msgstr", "msgstr_plural", "msgstr_pluralN" ],
         "msgctxt\004msgid" : [ null, "msgstr" ],
         },
     "AnotherDomain" : {
         },
     }

=head1 DESCRIPTION

This is a javascript implementation of GNU Gettext, providing internationalization support for javascript. It differs from existing javascript implementations in that it will support all current Gettext features (ex. plural and context support), and will also support loading language catalogs from .mo, .po, or preprocessed json files (converter included).

The locale initialization differs from that of GNU Gettext / POSIX. Rather than setting the category, domain, and paths, and letting the libs find the right file, you must explicitly load the file at some point. The "domain" will still be honored. Future versions may be expanded to include support for set_locale like features.


=head1 INSTALL

To install this module, simply copy the file lib/Gettext.js to a web accessable location, and reference it from your application.


=head1 CONFIGURATION

Configure in one of two ways:

=over

=item 1. Optimal. Load language definition from statically defined json data.

    <script language="javascript" src="/path/locale/domain.json"></script>

    // in domain.json
    json_locale_data = {
        "mydomain" : {
            // po header fields
            "" : {
                "plural-forms" : "...",
                "lang" : "en",
                },
            // all the msgid strings and translations
            "msgid" : [ "msgid_plural", "translation", "plural_translation" ],
        },
    };
    // please see the included bin/po2json script for the details on this format

This method also allows you to use unsupported file formats, so long as you can parse them into the above format.

=item 2. Use AJAX to load language file.

Use XMLHttpRequest (actually, SJAX - syncronous) to load an external resource.

Supported external formats are:

=over

=item * Javascript Object Notation (.json)

(see bin/po2json)

    type=application/json

=item * Uniforum Portable Object (.po)

(see GNU Gettext's xgettext)

    type=application/x-po

=item * Machine Object (compiled .po) (.mo)

NOTE: .mo format isn't actually supported just yet, but support is planned.

(see GNU Gettext's msgfmt)

    type=application/x-mo

=back

=back

=head1 METHODS

The following methods are implemented:

  new Gettext(args)
  textdomain  (domain)
  gettext     (msgid)
  dgettext    (domainname, msgid)
  dcgettext   (domainname, msgid, LC_MESSAGES)
  ngettext    (msgid, msgid_plural, count)
  dngettext   (domainname, msgid, msgid_plural, count)
  dcngettext  (domainname, msgid, msgid_plural, count, LC_MESSAGES)
  pgettext    (msgctxt, msgid)
  dpgettext   (domainname, msgctxt, msgid)
  dcpgettext  (domainname, msgctxt, msgid, LC_MESSAGES)
  npgettext   (msgctxt, msgid, msgid_plural, count)
  dnpgettext  (domainname, msgctxt, msgid, msgid_plural, count)
  dcnpgettext (domainname, msgctxt, msgid, msgid_plural, count, LC_MESSAGES)
  strargs     (string, args_array)


=head2 new Gettext (args)

Several methods of loading locale data are included. You may specify a plugin or alternative method of loading data by passing the data in as the "locale_data" option. For example:

    var get_locale_data = function () {
        // plugin does whatever to populate locale_data
        return locale_data;
    };
    var gt = new Gettext( 'domain' : 'messages',
                          'locale_data' : get_locale_data() );

The above can also be used if locale data is specified in a statically included <SCRIPT> tag. Just specify the variable name in the call to new. Ex:

    var gt = new Gettext( 'domain' : 'messages',
                          'locale_data' : json_locale_data_variable );

Finally, you may load the locale data by referencing it in a <LINK> tag. Simply exclude the 'locale_data' option, and all <LINK rel="gettext" ...> items will be tried. The <LINK> should be specified as:

    <link rel="gettext" type="application/json" href="/path/to/file.json">
    <link rel="gettext" type="text/javascript"  href="/path/to/file.json">
    <link rel="gettext" type="application/x-po" href="/path/to/file.po">
    <link rel="gettext" type="application/x-mo" href="/path/to/file.mo">

args:

=over

=item domain

The Gettext domain, not www.whatev.com. It's usually your applications basename. If the .po file was "myapp.po", this would be "myapp".

=item locale_data

Raw locale data (in json structure). If specified, from_link data will be ignored.

=back

=cut

*/
Gettext=function(args){this.domain='messages';this.locale_data=undefined;var options=["domain","locale_data"];if(this.isValidObject(args)){for(var i in args){for(var j=0;j<options.length;j++){if(i==options[j]){if(this.isValidObject(args[i]))
this[i]=args[i];}}}}
this.try_load_lang();return this;}
Gettext.context_glue="\004";Gettext._locale_data={};Gettext.prototype.try_load_lang=function(){if(typeof(this.locale_data)!='undefined'){var locale_copy=this.locale_data;this.locale_data=undefined;this.parse_locale_data(locale_copy);if(typeof(Gettext._locale_data[this.domain])=='undefined'){throw new Error("Error: Gettext 'locale_data' does not contain the domain '"+this.domain+"'");}}
var lang_link=this.get_lang_refs();if(typeof(lang_link)=='object'&&lang_link.length>0){for(var i=0;i<lang_link.length;i++){var link=lang_link[i];if(link.type=='application/json'){if(!this.try_load_lang_json(link.href)){throw new Error("Error: Gettext 'try_load_lang_json' failed. Unable to exec xmlhttprequest for link ["+link.href+"]");}}else if(link.type=='application/x-po'){if(!this.try_load_lang_po(link.href)){throw new Error("Error: Gettext 'try_load_lang_po' failed. Unable to exec xmlhttprequest for link ["+link.href+"]");}}else{throw new Error("TODO: link type ["+link.type+"] found, and support is planned, but not implemented at this time.");}}}};Gettext.prototype.parse_locale_data=function(locale_data){if(typeof(Gettext._locale_data)=='undefined'){Gettext._locale_data={};}
for(var domain in locale_data){if((!locale_data.hasOwnProperty(domain))||(!this.isValidObject(locale_data[domain])))
continue;var has_msgids=false;for(var msgid in locale_data[domain]){has_msgids=true;break;}
if(!has_msgids)continue;var data=locale_data[domain];if(domain=="")domain="messages";if(!this.isValidObject(Gettext._locale_data[domain]))
Gettext._locale_data[domain]={};if(!this.isValidObject(Gettext._locale_data[domain].head))
Gettext._locale_data[domain].head={};if(!this.isValidObject(Gettext._locale_data[domain].msgs))
Gettext._locale_data[domain].msgs={};for(var key in data){if(key==""){var header=data[key];for(var head in header){var h=head.toLowerCase();Gettext._locale_data[domain].head[h]=header[head];}}else{Gettext._locale_data[domain].msgs[key]=data[key];}}}
for(var domain in Gettext._locale_data){if(this.isValidObject(Gettext._locale_data[domain].head['plural-forms'])&&typeof(Gettext._locale_data[domain].head.plural_func)=='undefined'){var plural_forms=Gettext._locale_data[domain].head['plural-forms'];var pf_re=new RegExp('^(\\s*nplurals\\s*=\\s*[0-9]+\\s*;\\s*plural\\s*=\\s*(?:\\s|[-\\?\\|&=!<>+*/%:;a-zA-Z0-9_\(\)])+)','m');if(pf_re.test(plural_forms)){var pf=Gettext._locale_data[domain].head['plural-forms'];if(!/;\s*$/.test(pf))pf=pf.concat(';');var code='var plural; var nplurals; '+pf+' return { "nplural" : nplurals, "plural" : (plural === true ? 1 : plural ? plural : 0) };';Gettext._locale_data[domain].head.plural_func=new Function("n",code);}else{throw new Error("Syntax error in language file. Plural-Forms header is invalid ["+plural_forms+"]");}}else if(typeof(Gettext._locale_data[domain].head.plural_func)=='undefined'){Gettext._locale_data[domain].head.plural_func=function(n){var p=(n!=1)?1:0;return{'nplural':2,'plural':p};};}}
return;};Gettext.prototype.try_load_lang_po=function(uri){var data=this.sjax(uri);if(!data)return;var domain=this.uri_basename(uri);var parsed=this.parse_po(data);var rv={};if(parsed){if(!parsed[""])parsed[""]={};if(!parsed[""]["domain"])parsed[""]["domain"]=domain;domain=parsed[""]["domain"];rv[domain]=parsed;this.parse_locale_data(rv);}
return 1;};Gettext.prototype.uri_basename=function(uri){var rv;if(rv=uri.match(/^(.*\/)?(.*)/)){var ext_strip;if(ext_strip=rv[2].match(/^(.*)\..+$/))
return ext_strip[1];else
return rv[2];}else{return"";}};Gettext.prototype.parse_po=function(data){var rv={};var buffer={};var lastbuffer="";var errors=[];var lines=data.split("\n");for(var i=0;i<lines.length;i++){lines[i]=lines[i].replace(/(\n|\r)+$/,'');var match;if(/^$/.test(lines[i])){if(typeof(buffer['msgid'])!='undefined'){var msg_ctxt_id=(typeof(buffer['msgctxt'])!='undefined'&&buffer['msgctxt'].length)?buffer['msgctxt']+Gettext.context_glue+buffer['msgid']:buffer['msgid'];var msgid_plural=(typeof(buffer['msgid_plural'])!='undefined'&&buffer['msgid_plural'].length)?buffer['msgid_plural']:null;var trans=[];for(var str in buffer){var match;if(match=str.match(/^msgstr_(\d+)/))
trans[parseInt(match[1])]=buffer[str];}
trans.unshift(msgid_plural);if(trans.length>1)rv[msg_ctxt_id]=trans;buffer={};lastbuffer="";}}else if(/^#/.test(lines[i])){continue;}else if(match=lines[i].match(/^msgctxt\s+(.*)/)){lastbuffer='msgctxt';buffer[lastbuffer]=this.parse_po_dequote(match[1]);}else if(match=lines[i].match(/^msgid\s+(.*)/)){lastbuffer='msgid';buffer[lastbuffer]=this.parse_po_dequote(match[1]);}else if(match=lines[i].match(/^msgid_plural\s+(.*)/)){lastbuffer='msgid_plural';buffer[lastbuffer]=this.parse_po_dequote(match[1]);}else if(match=lines[i].match(/^msgstr\s+(.*)/)){lastbuffer='msgstr_0';buffer[lastbuffer]=this.parse_po_dequote(match[1]);}else if(match=lines[i].match(/^msgstr\[0\]\s+(.*)/)){lastbuffer='msgstr_0';buffer[lastbuffer]=this.parse_po_dequote(match[1]);}else if(match=lines[i].match(/^msgstr\[(\d+)\]\s+(.*)/)){lastbuffer='msgstr_'+match[1];buffer[lastbuffer]=this.parse_po_dequote(match[2]);}else if(/^"/.test(lines[i])){buffer[lastbuffer]+=this.parse_po_dequote(lines[i]);}else{errors.push("Strange line ["+i+"] : "+lines[i]);}}
if(typeof(buffer['msgid'])!='undefined'){var msg_ctxt_id=(typeof(buffer['msgctxt'])!='undefined'&&buffer['msgctxt'].length)?buffer['msgctxt']+Gettext.context_glue+buffer['msgid']:buffer['msgid'];var msgid_plural=(typeof(buffer['msgid_plural'])!='undefined'&&buffer['msgid_plural'].length)?buffer['msgid_plural']:null;var trans=[];for(var str in buffer){var match;if(match=str.match(/^msgstr_(\d+)/))
trans[parseInt(match[1])]=buffer[str];}
trans.unshift(msgid_plural);if(trans.length>1)rv[msg_ctxt_id]=trans;buffer={};lastbuffer="";}
if(rv[""]&&rv[""][1]){var cur={};var hlines=rv[""][1].split(/\\n/);for(var i=0;i<hlines.length;i++){if(!hlines.length)continue;var pos=hlines[i].indexOf(':',0);if(pos!=-1){var key=hlines[i].substring(0,pos);var val=hlines[i].substring(pos+1);var keylow=key.toLowerCase();if(cur[keylow]&&cur[keylow].length){errors.push("SKIPPING DUPLICATE HEADER LINE: "+hlines[i]);}else if(/#-#-#-#-#/.test(keylow)){errors.push("SKIPPING ERROR MARKER IN HEADER: "+hlines[i]);}else{val=val.replace(/^\s+/,'');cur[keylow]=val;}}else{errors.push("PROBLEM LINE IN HEADER: "+hlines[i]);cur[hlines[i]]='';}}
rv[""]=cur;}else{rv[""]={};}
return rv;};Gettext.prototype.parse_po_dequote=function(str){var match;if(match=str.match(/^"(.*)"/)){str=match[1];}
str=str.replace(/\\"/g,"\"");return str;};Gettext.prototype.try_load_lang_json=function(uri){var data=this.sjax(uri);if(!data)return;var rv=this.JSON(data);this.parse_locale_data(rv);return 1;};Gettext.prototype.get_lang_refs=function(){var langs=new Array();var links=document.getElementsByTagName("link");for(var i=0;i<links.length;i++){if(links[i].rel=='gettext'&&links[i].href){if(typeof(links[i].type)=='undefined'||links[i].type==''){if(/\.json$/i.test(links[i].href)){links[i].type='application/json';}else if(/\.js$/i.test(links[i].href)){links[i].type='application/json';}else if(/\.po$/i.test(links[i].href)){links[i].type='application/x-po';}else if(/\.mo$/i.test(links[i].href)){links[i].type='application/x-mo';}else{throw new Error("LINK tag with rel=gettext found, but the type and extension are unrecognized.");}}
links[i].type=links[i].type.toLowerCase();if(links[i].type=='application/json'){links[i].type='application/json';}else if(links[i].type=='text/javascript'){links[i].type='application/json';}else if(links[i].type=='application/x-po'){links[i].type='application/x-po';}else if(links[i].type=='application/x-mo'){links[i].type='application/x-mo';}else{throw new Error("LINK tag with rel=gettext found, but the type attribute ["+links[i].type+"] is unrecognized.");}
langs.push(links[i]);}}
return langs;};Gettext.prototype.textdomain=function(domain){if(domain&&domain.length)this.domain=domain;return this.domain;}
Gettext.prototype.gettext=function(msgid){var msgctxt;var msgid_plural;var n;var category;return this.dcnpgettext(null,msgctxt,msgid,msgid_plural,n,category);};Gettext.prototype.dgettext=function(domain,msgid){var msgctxt;var msgid_plural;var n;var category;return this.dcnpgettext(domain,msgctxt,msgid,msgid_plural,n,category);};Gettext.prototype.dcgettext=function(domain,msgid,category){var msgctxt;var msgid_plural;var n;return this.dcnpgettext(domain,msgctxt,msgid,msgid_plural,n,category);};Gettext.prototype.ngettext=function(msgid,msgid_plural,n){var msgctxt;var category;return this.dcnpgettext(null,msgctxt,msgid,msgid_plural,n,category);};Gettext.prototype.dngettext=function(domain,msgid,msgid_plural,n){var msgctxt;var category;return this.dcnpgettext(domain,msgctxt,msgid,msgid_plural,n,category);};Gettext.prototype.dcngettext=function(domain,msgid,msgid_plural,n,category){var msgctxt;return this.dcnpgettext(domain,msgctxt,msgid,msgid_plural,n,category,category);};Gettext.prototype.pgettext=function(msgctxt,msgid){var msgid_plural;var n;var category;return this.dcnpgettext(null,msgctxt,msgid,msgid_plural,n,category);};Gettext.prototype.dpgettext=function(domain,msgctxt,msgid){var msgid_plural;var n;var category;return this.dcnpgettext(domain,msgctxt,msgid,msgid_plural,n,category);};Gettext.prototype.dcpgettext=function(domain,msgctxt,msgid,category){var msgid_plural;var n;return this.dcnpgettext(domain,msgctxt,msgid,msgid_plural,n,category);};Gettext.prototype.npgettext=function(msgctxt,msgid,msgid_plural,n){var category;return this.dcnpgettext(null,msgctxt,msgid,msgid_plural,n,category);};Gettext.prototype.dnpgettext=function(domain,msgctxt,msgid,msgid_plural,n){var category;return this.dcnpgettext(domain,msgctxt,msgid,msgid_plural,n,category);};Gettext.prototype.dcnpgettext=function(domain,msgctxt,msgid,msgid_plural,n,category){if(!this.isValidObject(msgid))return'';var plural=this.isValidObject(msgid_plural);var msg_ctxt_id=this.isValidObject(msgctxt)?msgctxt+Gettext.context_glue+msgid:msgid;var domainname=this.isValidObject(domain)?domain:this.isValidObject(this.domain)?this.domain:'messages';var category_name='LC_MESSAGES';var category=5;var locale_data=new Array();if(typeof(Gettext._locale_data)!='undefined'&&this.isValidObject(Gettext._locale_data[domainname])){locale_data.push(Gettext._locale_data[domainname]);}else if(typeof(Gettext._locale_data)!='undefined'){for(var dom in Gettext._locale_data){locale_data.push(Gettext._locale_data[dom]);}}
var trans=[];var found=false;var domain_used;if(locale_data.length){for(var i=0;i<locale_data.length;i++){var locale=locale_data[i];if(this.isValidObject(locale.msgs[msg_ctxt_id])){for(var j=0;j<locale.msgs[msg_ctxt_id].length;j++){trans[j]=locale.msgs[msg_ctxt_id][j];}
trans.shift();domain_used=locale;found=true;if(trans.length>0&&trans[0].length!=0)
break;}}}
if(trans.length==0||trans[0].length==0){trans=[msgid,msgid_plural];}
var translation=trans[0];if(plural){var p;if(found&&this.isValidObject(domain_used.head.plural_func)){var rv=domain_used.head.plural_func(n);if(!rv.plural)rv.plural=0;if(!rv.nplural)rv.nplural=0;if(rv.nplural<=rv.plural)rv.plural=0;p=rv.plural;}else{p=(n!=1)?1:0;}
if(this.isValidObject(trans[p]))
translation=trans[p];}
return translation;};Gettext.strargs=function(str,args){if(null==args||'undefined'==typeof(args)){args=[];}else if(args.constructor!=Array){args=[args];}
var newstr="";while(true){var i=str.indexOf('%');var match_n;if(i==-1){newstr+=str;break;}
newstr+=str.substr(0,i);if(str.substr(i,2)=='%%'){newstr+='%';str=str.substr((i+2));}else if(match_n=str.substr(i).match(/^%(\d+)/)){var arg_n=parseInt(match_n[1]);var length_n=match_n[1].length;if(arg_n>0&&args[arg_n-1]!=null&&typeof(args[arg_n-1])!='undefined')
newstr+=args[arg_n-1];str=str.substr((i+1+length_n));}else{newstr+='%';str=str.substr((i+1));}}
return newstr;}
Gettext.prototype.strargs=function(str,args){return Gettext.strargs(str,args);}
Gettext.prototype.isArray=function(thisObject){return this.isValidObject(thisObject)&&thisObject.constructor==Array;};Gettext.prototype.isValidObject=function(thisObject){if(null==thisObject){return false;}else if('undefined'==typeof(thisObject)){return false;}else{return true;}};Gettext.prototype.sjax=function(uri){var xmlhttp;if(window.XMLHttpRequest){xmlhttp=new XMLHttpRequest();}else if(navigator.userAgent.toLowerCase().indexOf('msie 5')!=-1){xmlhttp=new ActiveXObject("Microsoft.XMLHTTP");}else{xmlhttp=new ActiveXObject("Msxml2.XMLHTTP");}
if(!xmlhttp)
throw new Error("Your browser doesn't do Ajax. Unable to support external language files.");xmlhttp.open('GET',uri,false);try{xmlhttp.send(null);}
catch(e){return;}
var sjax_status=xmlhttp.status;if(sjax_status==200||sjax_status==0){return xmlhttp.responseText;}else{var error=xmlhttp.statusText+" (Error "+xmlhttp.status+")";if(xmlhttp.responseText.length){error+="\n"+xmlhttp.responseText;}
alert(error);return;}}
Gettext.prototype.JSON=function(data){return eval('('+data+')');}
/*

=head1 NOTES

These are some notes on the internals

=over

=item LOCALE CACHING

Loaded locale data is currently cached class-wide. This means that if two scripts are both using Gettext.js, and both share the same gettext domain, that domain will only be loaded once. This will allow you to grab a new object many times from different places, utilize the same domain, and share a single translation file. The downside is that a domain won't be RE-loaded if a new object is instantiated on a domain that had already been instantiated.

=back

=head1 BUGS / TODO

=over

=item error handling

Currently, there are several places that throw errors. In GNU Gettext, there are no fatal errors, which allows text to still be displayed regardless of how broken the environment becomes. We should evaluate and determine where we want to stand on that issue.

=item syncronous only support (no ajax support)

Currently, fetching language data is done purely syncronous, which means the page will halt while those files are fetched/loaded.

This is often what you want, as then following translation requests will actually be translated. However, if all your calls are done dynamically (ie. error handling only or something), loading in the background may be more adventagous.

It's still recommended to use the statically defined <script ...> method, which should have the same delay, but it will cache the result.

=item domain support

domain support while using shortcut methods like C<_('string')> or C<i18n('string')>.

Under normal apps, the domain is usually set globally to the app, and a single language file is used. Under javascript, you may have multiple libraries or applications needing translation support, but the namespace is essentially global.

It's recommended that your app initialize it's own shortcut with it's own domain.  (See examples/wrapper/i18n.js for an example.)

Basically, you'll want to accomplish something like this:

    // in some other .js file that needs i18n
    this.i18nObj = new i18n;
    this.i18n = this.i18nObj.init('domain');
    // do translation
    alert( this.i18n("string") );

If you use this raw Gettext object, then this is all handled for you, as you have your own object then, and will be calling C<myGettextObject.gettext('string')> and such.


=item encoding

May want to add encoding/reencoding stuff. See GNU iconv, or the perl module Locale::Recode from libintl-perl.

=back


=head1 COMPATABILITY

This has been tested on the following browsers. It may work on others, but these are all those to which I have access.

    FF1.5, FF2, FF3, IE6, IE7, Opera9, Opera10, Safari3.1, Chrome

    *FF = Firefox
    *IE = Internet Explorer


=head1 REQUIRES

bin/po2json requires perl, and the perl modules Locale::PO and JSON.

=head1 SEE ALSO

bin/po2json (included),
examples/normal/index.html,
examples/wrapper/i18n.html, examples/wrapper/i18n.js,
Locale::gettext_pp(3pm), POSIX(3pm), gettext(1), gettext(3)

=head1 AUTHOR

Copyright (C) 2008, Joshua I. Miller E<lt>unrtst@cpan.orgE<gt>, all rights reserved. See the source code for details.

=cut

*/;if(typeof sprintf!='function'){throw"locale_simple.js: require a javascript sprintf implementation";}
if(typeof Gettext!='function'||typeof Gettext.strargs!='function'){throw"locale_simple.js: require Gettext.js of http://jsgettext.berlios.de/ to be loaded, included in this distribution.";}
if(typeof locale_simple!='undefined'){throw"locale_simple.js: locale_simple.js already loaded";}
var locale_data={};var locale_simple={curr:null,lang:null,dir:null,dry:0,nowrite:0,tds:{},l_dir:function(dir){if(this.dir!=null){throw"locale_simple.js: can't switch dir";}
this.dir=dir;},l_dry:function(dry,nowrite){this.dry=dry;this.nowrite=nowrite;},l_lang:function(lang){if(this.lang!=null){throw"locale_simple.js: can't switch language";}
this.lang=lang;},ltd:function(textdomain){if(!(textdomain in this.tds)){this.tds[textdomain]=new Gettext({'domain':textdomain,'locale_data':locale_data});}
this.curr=this.tds[textdomain];return textdomain;},wd:function(td,msgctxt,msgid,msgid_plural){if(typeof console!='object'){return;}
if(typeof console.debug!='function'){return;}
if(td){console.debug('# domain: '+td)}
if(msgctxt){console.debug('msgctxt "'+msgctxt+'"')}
if(msgid){console.debug('msgid "'+msgid+'"')}
if(msgid_plural){console.debug('msgid_plural "'+msgid_plural+'"')}
console.debug('');},l:function(){var A=this.argarr(arguments);var id=A.shift();var gt;if(this.dry){gt=id;if(!this.nowrite){this.wd(null,null,id,null);}}else{gt=this.curr.gettext(id);}
A.unshift(gt);return sprintf.apply(null,A);},ln:function(){var A=this.argarr(arguments);var id=A.shift();var idp=A.shift();var n=A.shift();var gt;if(this.dry){if(n!=1){gt=idp;}else{gt=id;}
if(!this.nowrite){this.wd(null,null,id,idp);}}else{gt=this.curr.ngettext(id,idp,n);}
A.unshift(n);A.unshift(gt);return sprintf.apply(null,A);},lp:function(){var A=this.argarr(arguments);var ctxt=A.shift();var id=A.shift();var gt;if(this.dry){gt=id;if(!this.nowrite){this.wd(null,ctxt,id,null);}}else{gt=this.curr.pgettext(ctxt,id);}
A.unshift(gt);return sprintf.apply(null,A);},lnp:function(){var A=this.argarr(arguments);var ctxt=A.shift();var id=A.shift();var idp=A.shift();var n=A.shift();var gt;if(this.dry){if(n!=1){gt=idp;}else{gt=id;}
if(!this.nowrite){this.wd(null,ctxt,id,idp);}}else{gt=this.curr.npgettext(ctxt,id,idp,n);}
A.unshift(n);A.unshift(gt);return sprintf.apply(null,A);},ld:function(){var A=this.argarr(arguments);var td=A.shift();var id=A.shift();var gt;if(this.dry){gt=id;if(!this.nowrite){this.wd(td,null,id,null);}}else{gt=this.curr.dgettext(td,id);}
A.unshift(gt);return sprintf.apply(null,A);},ldn:function(){var A=this.argarr(arguments);var td=A.shift();var id=A.shift();var idp=A.shift();var n=A.shift();var gt;if(this.dry){if(n!=1){gt=idp;}else{gt=id;}
if(!this.nowrite){this.wd(td,null,id,idp);}}else{gt=this.curr.dngettext(td,id,idp,n);}
A.unshift(n);A.unshift(gt);return sprintf.apply(null,A);},ldp:function(){var A=this.argarr(arguments);var td=A.shift();var ctxt=A.shift();var id=A.shift();var gt;if(this.dry){gt=id;if(!this.nowrite){this.wd(td,ctxt,id,null);}}else{gt=this.curr.dpgettext(td,ctxt,id);}
A.unshift(gt);return sprintf.apply(null,A);},ldnp:function(){var A=this.argarr(arguments);var td=A.shift();var ctxt=A.shift();var id=A.shift();var idp=A.shift();var n=A.shift();var gt;if(this.dry){if(n!=1){gt=idp;}else{gt=id;}
if(!this.nowrite){this.wd(td,ctxt,id,idp);}}else{gt=this.curr.dnpgettext(td,ctxt,id,idp,n);}
A.unshift(n);A.unshift(gt);return sprintf.apply(null,A);},argarr:function(args){var arr=new Array();for(var i=0,len=args.length;i<len;i++){arr.push(args[i]);}
return arr;}};function l_dry(){return locale_simple.l_dry.apply(locale_simple,arguments)}
function l_dir(){return locale_simple.l_dir.apply(locale_simple,arguments)}
function l_lang(){return locale_simple.l_lang.apply(locale_simple,arguments)}
function ltd(){return locale_simple.ltd.apply(locale_simple,arguments)}
function l(){return locale_simple.l.apply(locale_simple,arguments)}
function ln(){return locale_simple.ln.apply(locale_simple,arguments)}
function lp(){return locale_simple.lp.apply(locale_simple,arguments)}
function lnp(){return locale_simple.lnp.apply(locale_simple,arguments)}
function ld(){return locale_simple.ld.apply(locale_simple,arguments)}
function ldn(){return locale_simple.ldn.apply(locale_simple,arguments)}
function ldp(){return locale_simple.ldp.apply(locale_simple,arguments)}
function ldnp(){return locale_simple.ldnp.apply(locale_simple,arguments)};locale_data['duckduckgo-duckduckgo']={"":{"Plural-Forms":" nplurals=2; plural=n != 1;","MIME-Version":" 1.0","POT-Creation-Date":" 2014-10-17 04:13-0500","Language":" English of United States (English of United States)","Last-Translator":" Community","Content-Type":" text/plain; charset=UTF-8","Language-Team":" DuckDuckGo Community <community@duckduckgo.com>","PO-Revision-Date":" 2014-10-17 04:13-0500","Content-Transfer-Encoding":" 8bit","Project-Id-Version":" DuckDuckGo-Translation-0.000"},"settings\u0004Changes the header color across the entire site":[null,"Changes the header color across the entire site"],"Nearby":[null,"Nearby"],"Your IP address is %s in %s":[null,"Your IP address is %s in %s"],"random number":[null,"random number"],"Theme":[null,"Theme"],"cloudsave\u0004Push 'Delete My Data'. This removes the data from the cloud, but it remains in your browser until you click on 'Reset all settings'":[null,"Push &#39;Delete My Data&#39;. This removes the data from the cloud, but it remains in your browser until you click on &#39;Reset all settings&#39;"],"email":[null,"email"],"Similar":[null,"Similar"],"Where it says Homepage click %sSet to Current Page%s.":[null,"Where it says Homepage click %sSet to Current Page%s."],"frontpage\u0004Tour":[null,"Tour"],"Under Home page, click %sUse current %s.":[null,"Under Home page, click %sUse current %s."],"settings\u0004Header Color":[null,"Header Color"],"our feedback center":[null,"our feedback center"],"Classic":[null,"Classic"],"Meanings of %s":[null,"Meanings of %s"],"%d pg":["%d pgs","%d pg","%d pgs"],"settingsvalue\u0004Largest":[null,"Largest"],"Cloud Save":[null,"Cloud Save"],"size\u0004Small":[null,"Small"],"Products":[null,"Products"],"Give Feedback":[null,"Give Feedback"],"About DuckDuckGo":[null,"About DuckDuckGo"],"cloudsave\u0004Choose a unique pass phrase for your settings:":[null,"Choose a unique pass phrase for your settings:"],"Send":[null,"Send"],"Look":[null,"Look"],"Entry in %s":[null,"Entry in %s"],"settingsvalue\u0004Larger":[null,"Larger"],"supportus\u0004Support":[null,"Support"],"If you want to use DuckDuckGo without JavaScript, please use our %s or %s versions.":[null,"If you want to use DuckDuckGo without JavaScript, please use our %s or %s versions."],"Would you like to help develop the platform?":[null,"Would you like to help develop the platform?"],"Bookmarklet and settings data":[null,"Bookmarklet and settings data"],"Get updates on net privacy (rarely):":[null,"Get updates on net privacy (rarely):"],"newbang\u0004Site name":[null,"Site name"],"newslink\u0004Full Story":[null,"Full Story"],"Concerts":[null,"Concerts"],"%sAdd to Chrome%s":[null,"%sAdd to Chrome%s"],"Results by %s":[null,"Results by %s"],"More about us...":[null,"More about us..."],"Source:":[null,"Source:"],"settings\u0004Changes the title link font for each result":[null,"Changes the title link font for each result"],"Shows":[null,"Shows"],"access_song\u0004Get this song on:":[null,"Get this song on:"],"Click %ssettings/hamburger icon %s on the Chrome toolbar (top right).":[null,"Click %ssettings/hamburger icon %s on the Chrome toolbar (top right)."],"Drag this to home toolbar button":[null,"Drag this to home toolbar button"],"Install DuckDuckGo Safari Extension?":[null,"Install DuckDuckGo Safari Extension?"],"Search DuckDuckGo":[null,"Search DuckDuckGo"],"cloudsave\u0004You can store several sets of settings for different purposes.":[null,"You can store several sets of settings for different purposes."],"More at":[null,"More at"],"optional":[null,"optional"],"settings\u0004See the %sURL Parameter Reference Page%s for more details":[null,"See the %sURL Parameter Reference Page%s for more details"],"Math":[null,"Math"],"zeroclick\u0004More at %s":[null,"More at %s"],"Load Cloud Settings":[null,"Load Cloud Settings"],"Muted red":[null,"Muted red"],"Email":[null,"Email"],"Select %sPreferences%s.":[null,"Select %sPreferences%s."],"Hide this legend?":[null,"Hide this legend?"],"Zero-click Info API":[null,"Zero-click Info API"],"Do your part by helping five friends with %s.":[null,"Do your part by helping five friends with %s."],"Like %s on Facebook":[null,"Like %s on Facebook"],"Currency":[null,"Currency"],"Stock":[null,"Stock"],"Remember my choice":[null,"Remember my choice"],"Region:":[null,"Region:"],"not %s encoding":[null,"not %s encoding"],"Dropdown:":[null,"Dropdown:"],"domain search":[null,"domain search"],"settings\u0004Hide pass phrase":[null,"Hide pass phrase"],"zci-product\u0004track":[null,"track"],"Feedback / Question / Suggestion / Problem:":[null,"Feedback / Question / Suggestion / Problem:"],"Text link:":[null,"Text link:"],"cloudsave\u0004How do I change my passphrase?":[null,"How do I change my passphrase?"],"Safe search filtered 0-click info for %s":[null,"Safe search filtered 0-click info for %s"],"Random Word":[null,"Random Word"],"Reviews":[null,"Reviews"],"additional_info_at\u0004More from":[null,"More from"],"settings\u0004Font":[null,"Font"],"settings\u0004Show pass phrase":[null,"Show pass phrase"],"I've got a feature request.":[null,"I&#39;ve got a feature request."],"cloudsavepassphrase\u0004suggest":[null,"suggest"],"Load Settings":[null,"Load Settings"],"Looking for recent announcements?":[null,"Looking for recent announcements?"],"The following required fields were not filled:":[null,"The following required fields were not filled:"],"Embeds:":[null,"Embeds:"],"wedonttrackyou\u0004track":[null,"track"],"Alphabetically":[null,"Alphabetically"],"More":[null,"More"],"Header:":[null,"Header:"],"theme\u0004Default":[null,"Default"],"cloudsave\u0004Enter a new passphrase and click \"%s\". This will save your data under your new passphrase.":[null,"Enter a new passphrase and click &quot;%s&quot;. This will save your data under your new passphrase."],"Under %sOn startup%s, click %sOpen a specific page%s then click %sSet Pages%s.":[null,"Under %sOn startup%s, click %sOpen a specific page%s then click %sSet Pages%s."],"there was an error.":[null,"there was an error."],"Privacy":[null,"Privacy"],"settings\u0004Page #'s":[null,"Page #&#39;s"],"settings\u0004Result Full URL's":[null,"Result Full URL&#39;s"],"Is It Snowing?":[null,"Is It Snowing?"],"settings\u0004Changes the font size across the entire site":[null,"Changes the font size across the entire site"],"settings\u0004Result Highlight Color":[null,"Result Highlight Color"],"settings\u0004Stores the previous region that was set":[null,"Stores the previous region that was set"],"Chat":[null,"Chat"],"Want to develop an instant answer?":[null,"Want to develop an instant answer?"],"map":[null,"map"],"settings\u0004Automatically open relevant Instant Answers":[null,"Automatically open relevant Instant Answers"],"More explanation":[null,"More explanation"],"%s is a zip code in %s":[null,"%s is a zip code in %s"],"No video playback capabilities":[null,"No video playback capabilities"],"%sOpen %sSettings > Safari > Search Engine%s and select DuckDuckGo!":[null,"%sOpen %sSettings &gt; Safari &gt; Search Engine%s and select DuckDuckGo!"],"frontpage\u0004More ways to add DuckDuckGo to %s":[null,"More ways to add DuckDuckGo to %s"],"next result":[null,"next result"],"Links:":[null,"Links:"],"cloudsave\u0004It is easier to remember four or five words than 10 random letters and numbers, and far more secure.":[null,"It is easier to remember four or five words than 10 random letters and numbers, and far more secure."],"cloudsave\u0004Cloud Save FAQ":[null,"Cloud Save FAQ"],"DuckDuckGo Support Center":[null,"DuckDuckGo Support Center"],"I want to tell you about something I love.":[null,"I want to tell you about something I love."],"Some meanings":[null,"Some meanings"],"cloudsave\u0004Enter a new passphrase and click 'Save Settings' This will save your data under your new passphrase.":[null,"Enter a new passphrase and click &#39;Save Settings&#39; This will save your data under your new passphrase."],"Click add.":[null,"Click add."],"Try: %s":[null,"Try: %s"],"Detected Language":[null,"Detected Language"],"Light blue":[null,"Light blue"],"relevancy":[null,"relevancy"],"settings\u0004General":[null,"General"],"Select %sInternet Options%s.":[null,"Select %sInternet Options%s."],"Word Map":[null,"Word Map"],"DuckDuckGo Feedback":[null,"DuckDuckGo Feedback"],"About DDG":[null,"About DDG"],"Save Settings":[null,"Save Settings"],"placement\u0004Left":[null,"Left"],"More at %s ":[null,"More at %s "],"Auto-load:":[null,"Auto-load:"],"frontpage\u0004Install %s Search Provider?":[null,"Install %s Search Provider?"],"nonjsversion\u0004Get the non-JS version %s":[null,"Get the non-JS version %s"],"%s grouped into sections":[null,"%s grouped into sections"],"bubble":[null,"bubble"],"settings\u0004Search Button Background":[null,"Search Button Background"],"Watch Here":[null,"Watch Here"],"Search domain %s":[null,"Search domain %s"],"Quotes":[null,"Quotes"],"DuckDuckGo Bot":[null,"DuckDuckGo Bot"],"useus\u0004Use":[null,"Use"],"Orange":[null,"Orange"],"Click %sgears%s on the top right.":[null,"Click %sgears%s on the top right."],"settings\u0004Result Title Color":[null,"Result Title Color"],"Width:":[null,"Width:"],"settings\u0004Header Behavior":[null,"Header Behavior"],"Most generic keywords work too, e.g. %s":[null,"Most generic keywords work too, e.g. %s"],"Official Site":[null,"Official Site"],"DuckDuckGo New !Bang":[null,"DuckDuckGo New !Bang"],"Shortcuts":[null,"Shortcuts"],"size\u0004Larger":[null,"Larger"],"More Related Topics":[null,"More Related Topics"],"cloudsave\u0004Enable cloud save by entering your existing passphrase.":[null,"Enable cloud save by entering your existing passphrase."],"Underline:":[null,"Underline:"],"Barcode":[null,"Barcode"],"share this":[null,"share this"],"expand_text\u0004Show Less":[null,"Show Less"],"DDG Community":[null,"DDG Community"],"additional\u0004More":[null,"More"],"Try search on":[null,"Try search on"],"or write out the font you want":[null,"or write out the font you want"],"Whoops! The feedback form is empty!":[null,"Whoops! The feedback form is empty!"],"cloudsave\u0004Cloud Save Enabled":[null,"Cloud Save Enabled"],"cloudsave\u0004Save your settings anonymously in the cloud!":[null,"Save your settings anonymously in the cloud!"],"settings\u0004Show suggestions under the search box as you type":[null,"Show suggestions under the search box as you type"],"Privacy Settings":[null,"Privacy Settings"],"Use in %sSeaMonkey%s":[null,"Use in %sSeaMonkey%s"],"Get the non-JS version":[null,"Get the non-JS version"],"nonjsversion\u0004here":[null,"here"],"setting\u0004Show full legend":[null,"Show full legend"],"twitter\u0004Follow %s":[null,"Follow %s"],"This page requires %s":[null,"This page requires %s"],"settings\u0004By default settings are stored in non-personal browser cookies (in your browser). You can use Anonymous Cloud Save to store your settings in a more permanent way (on a remote server in the cloud). No personally identifiable information will be stored in the cloud, and your pass phrase will never leave your browser.":[null,"By default settings are stored in non-personal browser cookies (in your browser). You can use Anonymous Cloud Save to store your settings in a more permanent way (on a remote server in the cloud). No personally identifiable information will be stored in the cloud, and your pass phrase will never leave your browser."],"Remember my choice (this can be changed in %s)":[null,"Remember my choice (this can be changed in %s)"],"What does this mean?":[null,"What does this mean?"],"More ways to add DuckDuckGo to Firefox":[null,"More ways to add DuckDuckGo to Firefox"],"Alternative Software":[null,"Alternative Software"],"load_more\u0004Show More":[null,"Show More"],"We call these commands %s, and this syntax works for 100s of sites:":[null,"We call these commands %s, and this syntax works for 100s of sites:"],"Install DuckDuckGo Opera Add-on?":[null,"Install DuckDuckGo Opera Add-on?"],"questions\u0004let us know":[null,"let us know"],"cloudsave\u0004We do not have usernames and we don't store any personally identifiable information.":[null,"We do not have usernames and we don&#39;t store any personally identifiable information."],"settings\u0004Cloud Save Bookmarklet URL:":[null,"Cloud Save Bookmarklet URL:"],"cloudsave\u0004DuckDuckGo does not ever know your passphrase.":[null,"DuckDuckGo does not ever know your passphrase."],"Click the %smagnifying glass%s in the search bar (upper right).":[null,"Click the %smagnifying glass%s in the search bar (upper right)."],"frontpage\u0004Take a Tour.":[null,"Take a Tour."],"Set as Homepage":[null,"Set as Homepage"],"settings\u0004Result Title Font":[null,"Result Title Font"],"Feel free to adjust the settings below. Then, just copy and paste the code into your website.":[null,"Feel free to adjust the settings below. Then, just copy and paste the code into your website."],"settings\u0004Custom %s":[null,"Custom %s"],"settingsvalue\u0004Off except Instant Answer menu":[null,"Off except Instant Answer menu"],"cloudsave\u0004Only the settings that you have changed. They are detailed on the %s page.":[null,"Only the settings that you have changed. They are detailed on the %s page."],"I'd like to submit a new !bang or report a broken !bang.":[null,"I&#39;d like to submit a new !bang or report a broken !bang."],"tonsgoodies\u0004tons of goodies":[null,"tons of goodies"],"built with %s":[null,"built with %s"],"Top %d Best Websites of %d.":[null,"Top %d Best Websites of %d."],"Cancel":[null,"Cancel"],"Or try %s":[null,"Or try %s"],"settings\u0004Result URL Color":[null,"Result URL Color"],"Twitter:":[null,"Twitter:"],"URLs:":[null,"URLs:"],"Look & Feel Settings":[null,"Look &amp; Feel Settings"],"settingsvalue\u0004Medium":[null,"Medium"],"Close window.":[null,"Close window."],"bangcat\u0004Shopping":[null,"Shopping"],"Distinguishes itself with a %s policy":[null,"Distinguishes itself with a %s policy"],"Yes":[null,"Yes"],"Help Spread DuckDuckGo!":[null,"Help Spread DuckDuckGo!"],"(see the %s page for detailed descriptions)":[null,"(see the %s page for detailed descriptions)"],"%s is a phone number in %s":[null,"%s is a phone number in %s"],"Get %sApp%s":[null,"Get %sApp%s"],"Get Involved":[null,"Get Involved"],"setting\u0004On but no numbers":[null,"On but no numbers"],"cloudsave\u0004We save the settings file on Amazon S3 using the generated key as the name.":[null,"We save the settings file on Amazon S3 using the generated key as the name."],"Grey":[null,"Grey"],"Preview":[null,"Preview"],"HTTPS:":[null,"HTTPS:"],"settingsvalue\u0004Normal":[null,"Normal"],"Places":[null,"Places"],"No":[null,"No"],"You can change %s via URL parameters by adding them after the search query, for example:":[null,"You can change %s via URL parameters by adding them after the search query, for example:"],"Add to Browser":[null,"Add to Browser"],"Doodles? Yes, %s!":[null,"Doodles? Yes, %s!"],"No results.":[null,"No results."],"Disable":[null,"Disable"],"Partner? %s.":[null,"Partner? %s."],"This page requires Javascript to function.":[null,"This page requires Javascript to function."],"Pink":[null,"Pink"],"NPM":[null,"NPM"],"album":[null,"album"],"Press? %s.":[null,"Press? %s."],"settings\u0004Opens results in new windows/tabs":[null,"Opens results in new windows/tabs"],"Use in %sSafari%s":[null,"Use in %sSafari%s"],"cloudsave\u0004Cloud Save lets you save your settings more permanently by entering a passphrase. It is entirely optional.":[null,"Cloud Save lets you save your settings more permanently by entering a passphrase. It is entirely optional."],"%s will run a search with safe search off.":[null,"%s will run a search with safe search off."],"Under %sSearch%s section, click %sManage search engines...%s":[null,"Under %sSearch%s section, click %sManage search engines...%s"],"Feedback":[null,"Feedback"],"What is this?":[null,"What is this?"],"Discuss":[null,"Discuss"],"sort by date":[null,"sort by date"],"pay":[null,"pay"],"Care to help translate DuckDuckGo into your language?":[null,"Care to help translate DuckDuckGo into your language?"],"find files":[null,"find files"],"Get Web links":[null,"Get Web links"],"Safe Search:":[null,"Safe Search:"],"Black":[null,"Black"],"Nutrition":[null,"Nutrition"],"Intense red":[null,"Intense red"],"GET INVOLVED":[null,"GET INVOLVED"],"Ads via %s":[null,"Ads via %s"],"settings\u0004Font Size":[null,"Font Size"],"Domain Status":[null,"Domain Status"],"Conversion":[null,"Conversion"],"cloudsave\u0004The benefit of this over using the URL parameters bookmarklet is that when you change settings, they will automatically be saved in the cloud.":[null,"The benefit of this over using the URL parameters bookmarklet is that when you change settings, they will automatically be saved in the cloud."],"shortbelieve\u0004no tracking":[null,"no tracking"],"Enter your pass phrase to load your settings from the cloud.":[null,"Enter your pass phrase to load your settings from the cloud."],"Install DDG Search Extension?":[null,"Install DDG Search Extension?"],"settings\u0004Loads more results when scrolling":[null,"Loads more results when scrolling"],"What's new!":[null,"What&#39;s new!"],"No Reviews":[null,"No Reviews"],"Set as %s":[null,"Set as %s"],"frontpage\u0004Set DuckDuckGo as your Homepage?":[null,"Set DuckDuckGo as your Homepage?"],"Plugin suggestions?":[null,"Plugin suggestions?"],"cloudsave\u0004In the interest of transparency, this data is not encrypted: you can see exactly what information we store.":[null,"In the interest of transparency, this data is not encrypted: you can see exactly what information we store."],"hackus\u0004%s us.":[null,"%s us."],"no search":[null,"no search"],"Drinks":[null,"Drinks"],"turn off region":[null,"turn off region"],"random":[null,"random"],"frontpage\u0004The search engine that %s.":[null,"The search engine that %s."],"schwag":[null,"schwag"],"Add DuckDuckGo":[null,"Add DuckDuckGo"],"Site name, e.g. %s or %s":[null,"Site name, e.g. %s or %s"],"shortbelieve\u0004Goodies":[null,"Goodies"],"Want to integrate DuckDuckGo with your browser?":[null,"Want to integrate DuckDuckGo with your browser?"],"tonsgoodies\u0004We have %s.":[null,"We have %s."],"Enter your feedback":[null,"Enter your feedback"],"Safe search filtered your search to %s":[null,"Safe search filtered your search to %s"],"settings\u0004Safe Search":[null,"Safe Search"],"All Settings":[null,"All Settings"],"new tab":[null,"new tab"],"setting\u0004Just hide \"%s\"":[null,"Just hide &quot;%s&quot;"],"If you do too, the best help is to set up your friends and family with DuckDuckGo for a week:":[null,"If you do too, the best help is to set up your friends and family with DuckDuckGo for a week:"],"Developer? Check out %s.":[null,"Developer? Check out %s."],"Subcategory":[null,"Subcategory"],"temporarily":[null,"temporarily"],"Your browser indicates if you've visited this link":[null,"Your browser indicates if you&#39;ve visited this link"],"Report Bad Results":[null,"Report Bad Results"],"Supporter? %s.":[null,"Supporter? %s."],"DuckDuckGo Help":[null,"DuckDuckGo Help"],"DuckDuckGo Instant Answer API":[null,"DuckDuckGo Instant Answer API"],"settings\u0004Appearance":[null,"Appearance"],"webelieve\u0004real privacy":[null,"real privacy"],"settingsvalue\u0004Open on third-party site":[null,"Open on third-party site"],"Help Pages":[null,"Help Pages"],"settings\u0004Changes how much space the header takes up and what happens to it when you scroll":[null,"Changes how much space the header takes up and what happens to it when you scroll"],"webelieve\u0004no tracking":[null,"no tracking"],"Add a %s search box to your site!":[null,"Add a %s search box to your site!"],"Click the magnifying glass again.":[null,"Click the magnifying glass again."],"cloudsave\u0004Your passphrase never leaves the browser, only the key and the settings file associated with it.":[null,"Your passphrase never leaves the browser, only the key and the settings file associated with it."],"Purple":[null,"Purple"],"Top links:":[null,"Top links:"],"Meanings":[null,"Meanings"],"Ignore this box please":[null,"Ignore this box please"],"Use in %sOpera%s":[null,"Use in %sOpera%s"],"frontpage\u0004More About DuckDuckGo?":[null,"More About DuckDuckGo?"],"bangcat\u0004Online Services":[null,"Online Services"],"Dictionary":[null,"Dictionary"],"uk region":[null,"uk region"],"settings\u0004Custom":[null,"Custom"],"Images":[null,"Images"],"settings\u0004Enter your pass phrase to load your settings:":[null,"Enter your pass phrase to load your settings:"],"settings\u0004Save Cloud Settings":[null,"Save Cloud Settings"],"Blue":[null,"Blue"],"Open a new tab or window":[null,"Open a new tab or window"],"Web links":[null,"Web links"],"Add to %s":[null,"Add to %s"],"More related topics":[null,"More related topics"],"We don't %s or %s you!":[null,"We don&#39;t %s or %s you!"],"disambiguation":[null,"disambiguation"],"cloudsave\u0004How does it work?":[null,"How does it work?"],"Your settings as a cloud save bookmarklet:":[null,"Your settings as a cloud save bookmarklet:"],"dropdown":[null,"dropdown"],"%s at %s":[null,"%s at %s"],"cloudsave\u0004How does passphrase generation work?":[null,"How does passphrase generation work?"],"settings\u0004Change the background color across the entire site":[null,"Change the background color across the entire site"],"Comics":[null,"Comics"],"Settings":[null,"Settings"],"Use DuckDuckGo for Firefox search?":[null,"Use DuckDuckGo for Firefox search?"],"Regular search box":[null,"Regular search box"],"placement\u0004Middle":[null,"Middle"],"Shortcuts:":[null,"Shortcuts:"],"size\u0004Medium":[null,"Medium"],"Searching for info on our XMPP chat service?":[null,"Searching for info on our XMPP chat service?"],"Off-white":[null,"Off-white"],"video\u0004Preview":[null,"Preview"],"Keyboard shortcuts":[null,"Keyboard shortcuts"],"Set as %sHomepage%s":[null,"Set as %sHomepage%s"],"Answer":[null,"Answer"],"cloudsave\u0004This has a few benefits:":[null,"This has a few benefits:"],"oneofmanyspread\u0004One of many ways to help %s":[null,"One of many ways to help %s"],"theme\u0004Dark":[null,"Dark"],"Use in %sIE%s":[null,"Use in %sIE%s"],"Platform":[null,"Platform"],"settings\u0004If you still want to support us, %shelp spread DuckDuckGo%s":[null,"If you still want to support us, %shelp spread DuckDuckGo%s"],"I need to report a bug!":[null,"I need to report a bug!"],"or write out the color code you want, e.g. %s (%s is an encoded %s char).":[null,"or write out the color code you want, e.g. %s (%s is an encoded %s char)."],"Some topics grouped into %s":[null,"Some topics grouped into %s"],"settings\u0004Changes the font across the entire site":[null,"Changes the font across the entire site"],"bangcat\u0004News":[null,"News"],"Delete my data":[null,"Delete my data"],"Install DuckDuckGo Homepage?":[null,"Install DuckDuckGo Homepage?"],"Advertisements:":[null,"Advertisements:"],"cloudsave\u0004We cannot reverse the passphrase key generation.":[null,"We cannot reverse the passphrase key generation."],"settings\u0004Background Color":[null,"Background Color"],"Our favorite alternative search engine, DuckDuckGo":[null,"Our favorite alternative search engine, DuckDuckGo"],"Spread":[null,"Spread"],"Calendar":[null,"Calendar"],"and %s":[null,"and %s"],"Click the %sGeneral%s tab.":[null,"Click the %sGeneral%s tab."],"Support Us":[null,"Support Us"],"settings\u0004Page Width":[null,"Page Width"],"If you want, select Home Page next to New windows and New tabs (open with).":[null,"If you want, select Home Page next to New windows and New tabs (open with)."],"Colors":[null,"Colors"],"link to the site":[null,"link to the site"],"%s is a %s":[null,"%s is a %s"],"Sponsored link":[null,"Sponsored link"],"Comments":[null,"Comments"],"Give feedback":[null,"Give feedback"],"Less spam and clutter.":[null,"Less spam and clutter."],"frontpage\u0004Take a tour.":[null,"Take a tour."],"News Articles":[null,"News Articles"],"settings\u0004Video Playback":[null,"Video Playback"],"Hide feedback icon?":[null,"Hide feedback icon?"],"Help? Check out %s.":[null,"Help? Check out %s."],"Size:":[null,"Size:"],"Top":[null,"Top"],"bangcat\u0004Multimedia":[null,"Multimedia"],"Develop":[null,"Develop"],"webelieve\u0004%s believe in %s and %s.":[null,"%s believe in %s and %s."],"Click the %ssettings/hamburger icon %s on the Chrome toolbar (top right)":[null,"Click the %ssettings/hamburger icon %s on the Chrome toolbar (top right)"],"Now Showing":[null,"Now Showing"],"Packages":[null,"Packages"],"DuckDuckGo Search Box":[null,"DuckDuckGo Search Box"],"Discussions about DuckDuckGo, including:":[null,"Discussions about DuckDuckGo, including:"],"Search syntax":[null,"Search syntax"],"a pure search engine %s and its use is soaring":[null,"a pure search engine %s and its use is soaring"],"Help test new features (rare emails, <1/mo).":[null,"Help test new features (rare emails, &lt;1/mo)."],"URL Params":[null,"URL Params"],"setting\u0004On but don't save":[null,"On but don&#39;t save"],"DuckDuckGo Zero-click Info API":[null,"DuckDuckGo Zero-click Info API"],"Add-ons":[null,"Add-ons"],"Could DuckDuckGo Be The Biggest Long-Term Threat To Google?":[null,"Could DuckDuckGo Be The Biggest Long-Term Threat To Google?"],"Try to go there":[null,"Try to go there"],"Software":[null,"Software"],"settingsvalue\u0004Off completely":[null,"Off completely"],"book":[null,"book"],"theme\u0004Contrast":[null,"Contrast"],"Select DuckDuckGo from the drop down.":[null,"Select DuckDuckGo from the drop down."],"Answers to most DuckDuckGo questions, like:":[null,"Answers to most DuckDuckGo questions, like:"],"settings\u0004Auto-Load":[null,"Auto-Load"],"Description:":[null,"Description:"],"settings\u0004Previous Region":[null,"Previous Region"],"Embed Elsewhere:":[null,"Embed Elsewhere:"],"cloudsave\u0004You can use Anonymous Cloud Save to store your settings in a more permanent way (on a remote server in the cloud).":[null,"You can use Anonymous Cloud Save to store your settings in a more permanent way (on a remote server in the cloud)."],"We believe in better search and real privacy at the same time. That's why:":[null,"We believe in better search and real privacy at the same time. That&#39;s why:"],"webelieve\u0004We":[null,"We"],"Parts":[null,"Parts"],"cloudsave\u0004You can share your settings among computers and browsers.":[null,"You can share your settings among computers and browsers."],"settings\u0004Language":[null,"Language"],"Get results for different meanings of %s":[null,"Get results for different meanings of %s"],"No right topic? Try web links...":[null,"No right topic? Try web links..."],"betterinstantanswers\u0004Better %s.":[null,"Better %s."],"Translate":[null,"Translate"],"Use in %sChrome%s":[null,"Use in %sChrome%s"],"Turn off":[null,"Turn off"],"Use %s command to turn off temporarily.":[null,"Use %s command to turn off temporarily."],"Topics":[null,"Topics"],"settings\u0004Show the full URL for each result":[null,"Show the full URL for each result"],"settings\u0004Enter a pass phrase":[null,"Enter a pass phrase"],"Special":[null,"Special"],"Version":[null,"Version"],"Computed by %s":[null,"Computed by %s"],"within title":[null,"within title"],"cloudsave\u0004No personally identifiable information will be stored in the cloud, and your pass phrase will never leave your browser.":[null,"No personally identifiable information will be stored in the cloud, and your pass phrase will never leave your browser."],"More ways to add DuckDuckGo to Opera":[null,"More ways to add DuckDuckGo to Opera"],"cloudsave\u0004I forgot my passphrase. Can you recover it?":[null,"I forgot my passphrase. Can you recover it?"],"settings\u0004Controls the width of the search box and results":[null,"Controls the width of the search box and results"],"See also":[null,"See also"],"We drop the clutter.":[null,"We drop the clutter."],"cloudsave\u0004We don't associate your IP address or browser fingerprint or any other information with the file.":[null,"We don&#39;t associate your IP address or browser fingerprint or any other information with the file."],"cloudsave\u0004Enable cloud save by enter your existing passphrase.":[null,"Enable cloud save by enter your existing passphrase."],"Jobs":[null,"Jobs"],"settingsvalue\u0004On & Floating":[null,"On &amp; Floating"],"Homepage":[null,"Homepage"],"settingsvalue\u0004Always play on DuckDuckGo":[null,"Always play on DuckDuckGo"],"related topics":[null,"related topics"],"More DuckDuckGo?":[null,"More DuckDuckGo?"],"Dark":[null,"Dark"],"settings\u0004New Window":[null,"New Window"],"Reset all settings to defaults":[null,"Reset all settings to defaults"],"Choose category":[null,"Choose category"],"settings\u0004Center Alignment":[null,"Center Alignment"],"settings\u0004Omits objectionable (mostly adult) material":[null,"Omits objectionable (mostly adult) material"],"Show all":[null,"Show all"],"Did you mean %s?":[null,"Did you mean %s?"],"%s shipment tracking":[null,"%s shipment tracking"],"newbang\u0004If you'd like to add or edit a %s, please %s!":[null,"If you&#39;d like to add or edit a %s, please %s!"],"frontpage\u0004Take a Tour":[null,"Take a Tour"],"hackus\u0004Hack":[null,"Hack"],"Light green":[null,"Light green"],"setting\u0004Just hide legend":[null,"Just hide legend"],"cloudsave\u0004You can do this by saving your settings under a different passphrase, optionally deleting the first set.":[null,"You can do this by saving your settings under a different passphrase, optionally deleting the first set."],"Holiday":[null,"Holiday"],"Turn off:":[null,"Turn off:"],"New Window:":[null,"New Window:"],"Please choose a color:":[null,"Please choose a color:"],"syntax":[null,"syntax"],"Menu":[null,"Menu"],"setting\u0004Off":[null,"Off"],"newbang\u0004Bang url":[null,"Bang url"],"See our %s":[null,"See our %s"],"Search result title":[null,"Search result title"],"shortbelieve\u0004%s and %s.":[null,"%s and %s."],"of course":[null,"of course"],"More ways to add DuckDuckGo to SeaMonkey":[null,"More ways to add DuckDuckGo to SeaMonkey"],"Coupons":[null,"Coupons"],"Interface Settings":[null,"Interface Settings"],"wedontbubbleyou\u0004We don't %s you.":[null,"We don&#39;t %s you."],"More meanings":[null,"More meanings"],"Click %sUse current pages%s then %sClick OK%s.":[null,"Click %sUse current pages%s then %sClick OK%s."],"More ways to add DuckDuckGo to Safari":[null,"More ways to add DuckDuckGo to Safari"],"setting\u0004default":[null,"default"],"%s is a parked domain (last time we checked).":[null,"%s is a parked domain (last time we checked)."],"Sidebar:":[null,"Sidebar:"],"Search suggestions":[null,"Search suggestions"],"Avatar":[null,"Avatar"],"Share on %s":[null,"Share on %s"],"settings\u0004Changes the background color when overing over a result":[null,"Changes the background color when overing over a result"],"bangcat\u0004Entertainment":[null,"Entertainment"],"Have a question about DuckDuckGo?":[null,"Have a question about DuckDuckGo?"],"cloudsave\u0004Load Cloud Settings":[null,"Load Cloud Settings"],"Color":[null,"Color"],"searchbox\u0004DuckDuckGo is a search engine that protects privacy and has lots of features.":[null,"DuckDuckGo is a search engine that protects privacy and has lots of features."],"Intense green":[null,"Intense green"],"Click OK.":[null,"Click OK."],"settings\u0004GET requests":[null,"GET requests"],"Apps":[null,"Apps"],"newbang\u0004Bang command":[null,"Bang command"],"A string to identify the source.":[null,"A string to identify the source."],"Page #s:":[null,"Page #s:"],"Movies":[null,"Movies"],"betterinstantanswers\u0004instant answers.":[null,"instant answers."],"Use in %sPaleMoon%s":[null,"Use in %sPaleMoon%s"],"Visited links:":[null,"Visited links:"],"Find DuckDuckGo in the displayed list and click %sMake Default%s.":[null,"Find DuckDuckGo in the displayed list and click %sMake Default%s."],"Bang category":[null,"Bang category"],"Searches %s using our %s":[null,"Searches %s using our %s"],"frontpage\u0004Find %s.":[null,"Find %s."],"Friends don't let friends get tracked.":[null,"Friends don&#39;t let friends get tracked."],"cloudsave\u0004Cloud Save":[null,"Cloud Save"],"TV":[null,"TV"],"go":[null,"go"],"Get the DuckDuckGo newsletter (monthly).":[null,"Get the DuckDuckGo newsletter (monthly)."],"vehicle info":[null,"vehicle info"],"cloudsave\u0004In the browser, we then select four or five random words from that list, ensuring that it is at least 18-20 characters long.":[null,"In the browser, we then select four or five random words from that list, ensuring that it is at least 18-20 characters long."],"Mark where the search goes with {{{s}}}":[null,"Mark where the search goes with {{{s}}}"],"We'd also love to know how you heard about us.":[null,"We&#39;d also love to know how you heard about us."],"supportus\u0004%s us.":[null,"%s us."],"settings\u0004Privacy":[null,"Privacy"],"cloudsave\u0004Push \"%s\". This removes the data from the cloud, but it remains in your browser until you click on \"%s\".":[null,"Push &quot;%s&quot;. This removes the data from the cloud, but it remains in your browser until you click on &quot;%s&quot;."],"Highlight:":[null,"Highlight:"],"settings\u0004Use encrypted version of the site":[null,"Use encrypted version of the site"],"%sDrag this to %s (home) toolbar button%s":[null,"%sDrag this to %s (home) toolbar button%s"],"Sorry, we can't offer any translation for this page. It is shown here in '%s'.":[null,"Sorry, we can&#39;t offer any translation for this page. It is shown here in &#39;%s&#39;."],"DuckDuckGo URL Parameters":[null,"DuckDuckGo URL Parameters"],"settings\u0004Changes the language across the entire site":[null,"Changes the language across the entire site"],"theme\u0004Terminal":[null,"Terminal"],"click here":[null,"click here"],"Offers":[null,"Offers"],"Border:":[null,"Border:"],"Is someone working on your zero-click plugin?":[null,"Is someone working on your zero-click plugin?"],"settings\u0004Theme":[null,"Theme"],"settingsvalue\u0004Large":[null,"Large"],"settings\u0004Result Title Underline":[null,"Result Title Underline"],"settings\u0004Load":[null,"Load"],"Get the non-JS version %s":[null,"Get the non-JS version %s"],"Date":[null,"Date"],"settings\u0004Region":[null,"Region"],"View file":[null,"View file"],"questions\u0004If you have any questions or concerns, please %s.":[null,"If you have any questions or concerns, please %s."],"Official site":[null,"Official site"],"Unicode":[null,"Unicode"],"cloudsave\u0004The cloud save bookmarklet is a URL that automatically enables cloud save.":[null,"The cloud save bookmarklet is a URL that automatically enables cloud save."],"Install DuckDuckGo Speed Dial?":[null,"Install DuckDuckGo Speed Dial?"],"Click %sAdd%s button above to add DuckDuckGo.":[null,"Click %sAdd%s button above to add DuckDuckGo."],"pages":[null,"pages"],"0-click box:":[null,"0-click box:"],"Feedback:":[null,"Feedback:"],"settings\u0004Changes what happens when you click on a video thumbnail":[null,"Changes what happens when you click on a video thumbnail"],"design":[null,"design"],"Go":[null,"Go"],"All Rights Reserved.":[null,"All Rights Reserved."],"frontpage\u0004Drag this to toolbar home icon":[null,"Drag this to toolbar home icon"],"Help spread DuckDuckGo (rare emails, <1/mo).":[null,"Help spread DuckDuckGo (rare emails, &lt;1/mo)."],"cloudsave\u0004Your passphrase is used to generate a key using the Secure Hash Algorithm known as %s, using a %s bit key.":[null,"Your passphrase is used to generate a key using the Secure Hash Algorithm known as %s, using a %s bit key."],"Check the Help pages and the Forum, then use this guide.:":[null,"Check the Help pages and the Forum, then use this guide.:"],"Try %s":[null,"Try %s"],"settings\u0004Result Description Color":[null,"Result Description Color"],"Use DuckDuckGo for PaleMoon search?":[null,"Use DuckDuckGo for PaleMoon search?"],"donttrackus\u0004track":[null,"track"],"Interface":[null,"Interface"],"Meanings (disambig):":[null,"Meanings (disambig):"],"moreinfo\u0004this help page":[null,"this help page"],"wedonttrackyou\u0004We don't %s you.":[null,"We don&#39;t %s you."],"settings\u0004HTTPS":[null,"HTTPS"],"Feel free to adjust the settings below. Then, just copy and paste the code into your website!":[null,"Feel free to adjust the settings below. Then, just copy and paste the code into your website!"],"Expand URL":[null,"Expand URL"],"cloudsave\u0004You can restore your settings after deleting cookies":[null,"You can restore your settings after deleting cookies"],"settings\u0004Reset All Settings":[null,"Reset All Settings"],"frontpage\u0004More":[null,"More"],"Most big sites work, e.g. %s (see full list below)":[null,"Most big sites work, e.g. %s (see full list below)"],"Redirect:":[null,"Redirect:"],"Placement:":[null,"Placement:"],"Music":[null,"Music"],"Bang url, e.g. %s":[null,"Bang url, e.g. %s"],"Listen":[null,"Listen"],"Link font:":[null,"Link font:"],"Query Details:":[null,"Query Details:"],"Warning! Site could be harmful.":[null,"Warning! Site could be harmful."],"Did you mean":[null,"Did you mean"],"Are you looking for our advanced syntax?":[null,"Are you looking for our advanced syntax?"],"by %s":[null,"by %s"],"Want to share a suggestion with other users?":[null,"Want to share a suggestion with other users?"],"frontpage\u0004Search %s.":[null,"Search %s."],"cloudsave\u0004No. Unless you deleted your settings, the settings file will still be there but we have no way of associating it with you.":[null,"No. Unless you deleted your settings, the settings file will still be there but we have no way of associating it with you."],"bangsyntax\u0004Searches %s using our %s":[null,"Searches %s using our %s"],"settingsvalue\u0004On & Scrolling":[null,"On &amp; Scrolling"],"Bang command, e.g. %s (usually is domain name, e.g. %s)":[null,"Bang command, e.g. %s (usually is domain name, e.g. %s)"],"settings\u0004Prevent sharing of your search with sites you click on":[null,"Prevent sharing of your search with sites you click on"],"Search ideas":[null,"Search ideas"],"settingsvalue\u0004l":[null,"l"],"settings\u0004Settings in JSON:":[null,"Settings in JSON:"],"Zip Code":[null,"Zip Code"],"theme\u0004Retro":[null,"Retro"],"Movie Actors":[null,"Movie Actors"],"%s for %s":[null,"%s for %s"],"Flights":[null,"Flights"],"Submit":[null,"Submit"],"settingsvalue\u0004Wide":[null,"Wide"],"settings\u0004Changes the title link color for each result":[null,"Changes the title link color for each result"],"snippet text":[null,"snippet text"],"Contact Us":[null,"Contact Us"],"Your settings as a URL parameter bookmarklet:":[null,"Your settings as a URL parameter bookmarklet:"],"Monthly newsletter:":[null,"Monthly newsletter:"],"settings\u0004Changes the color of the result description text":[null,"Changes the color of the result description text"],"Address bar:":[null,"Address bar:"],"Curious about the company?":[null,"Curious about the company?"],"Try DuckDuckGo for a week!":[null,"Try DuckDuckGo for a week!"],"To introduce people to DuckDuckGo, you can use:":[null,"To introduce people to DuckDuckGo, you can use:"],"frontpage\u0004Learn":[null,"Learn"],"Technical":[null,"Technical"],"New %s suggestions?":[null,"New %s suggestions?"],"Text:":[null,"Text:"],"YouTube (owned by Google) does not let you watch videos anonymously. As such, watching YouTube videos here will be tracked by YouTube/Google.":[null,"YouTube (owned by Google) does not let you watch videos anonymously. As such, watching YouTube videos here will be tracked by YouTube/Google."],"width\u0004Normal":[null,"Normal"],"setting\u0004Show Bookmarklet and Settings Data":[null,"Show Bookmarklet and Settings Data"],"permanently":[null,"permanently"],"Result Settings":[null,"Result Settings"],"White":[null,"White"],"frontpage\u0004Tour.":[null,"Tour."],"%d disc":["%d discs","%d disc","%d discs"],"size\u0004Largest":[null,"Largest"],"%s is an area code in %s":[null,"%s is an area code in %s"],"Select %sSettings%s from the drop-down menu.":[null,"Select %sSettings%s from the drop-down menu."],"frontpage\u0004Anonymously":[null,"Anonymously"],"newbang\u0004here":[null,"here"],"privacy policy":[null,"privacy policy"],"Use in %sMaxthon%s":[null,"Use in %sMaxthon%s"],"Help":[null,"Help"],"frontpage\u0004anonymously":[null,"anonymously"],"Just use this dropdown next to the search box. As you use it, your most frequented sites will automatically be displayed at the top.":[null,"Just use this dropdown next to the search box. As you use it, your most frequented sites will automatically be displayed at the top."],"Color Settings":[null,"Color Settings"],"Choose Subcategory":[null,"Choose Subcategory"],"bangcat\u0004Tech":[null,"Tech"],"Email:":[null,"Email:"],"webelieve\u0004We believe in %s and %s at the same time.":[null,"We believe in %s and %s at the same time."],"settings\u0004Changes results to be region specific":[null,"Changes results to be region specific"],"visible\u0004Showing %s":[null,"Showing %s"],"News":[null,"News"],"I'd like to report bad relevancy.":[null,"I&#39;d like to report bad relevancy."],"settings\u0004Search queries are included in URL (if off, searches will use POST requests)":[null,"Search queries are included in URL (if off, searches will use POST requests)"],"settings\u0004Advertisements":[null,"Advertisements"],"Show pass phrase":[null,"Show pass phrase"],"bangsyntax\u0004Try: %s":[null,"Try: %s"],"settings\u0004Cookie Data:":[null,"Cookie Data:"],"DuckDuckGo Goodies":[null,"DuckDuckGo Goodies"],"Chemical Formula":[null,"Chemical Formula"],"Definition":[null,"Definition"],"Use in %sArora%s":[null,"Use in %sArora%s"],"Direct link to your settings in the cloud":[null,"Direct link to your settings in the cloud"],"Use DuckDuckGo for Chrome search?":[null,"Use DuckDuckGo for Chrome search?"],"translateus\u0004%s us.":[null,"%s us."],"search amazon":[null,"search amazon"],"random password":[null,"random password"],"Team Duck":[null,"Team Duck"],"Newbang\u0004Bang url":[null,"Bang url"],"setting\u0004On & floating":[null,"On &amp; floating"],"Economy and Finance":[null,"Economy and Finance"],"cloudsave\u0004Only the settings that you have changed. They are detailed on the %sURL Parameters%s page.":[null,"Only the settings that you have changed. They are detailed on the %sURL Parameters%s page."],"cloudsave\u0004Is deleted data really deleted?":[null,"Is deleted data really deleted?"],"settings\u0004Save":[null,"Save"],"Set DuckDuckGo as your start page?":[null,"Set DuckDuckGo as your start page?"],"More results":[null,"More results"],"frontpage\u0004Spread!":[null,"Spread!"],"%sOK%s":[null,"%sOK%s"],"Community":[null,"Community"],"Related topics":[null,"Related topics"],"Congress":[null,"Congress"],"settings\u0004Redirect":[null,"Redirect"],"setting\u0004On & scrolling":[null,"On &amp; scrolling"],"Load/Reset":[null,"Load/Reset"],"DuckDuckGo has better instant answers, less spam and clutter, and real privacy.":[null,"DuckDuckGo has better instant answers, less spam and clutter, and real privacy."],"Follow %s on Twitter":[null,"Follow %s on Twitter"],"Try":[null,"Try"],"Default":[null,"Default"],"More from":[null,"More from"],"settings\u0004Save your settings anonymously to the cloud":[null,"Save your settings anonymously to the cloud"],"size\u0004Large":[null,"Large"],"Site has good reputation.":[null,"Site has good reputation."],"advertising":[null,"advertising"],"Your IP address is %s":[null,"Your IP address is %s"],"nonjsversion\u0004This page requires %s":[null,"This page requires %s"],"first result":[null,"first result"],"Related Topics:":[null,"Related Topics:"],"oneofmanyspread\u0004support DuckDuckGo":[null,"support DuckDuckGo"],"search too long":[null,"search too long"],"instant answers":[null,"instant answers"],"main results":[null,"main results"],"PRIVACY":[null,"PRIVACY"],"Favicons:":[null,"Favicons:"],"Library":[null,"Library"],"wedontbubbleyou\u0004filter bubble":[null,"filter bubble"],"More ways to add DuckDuckGo to IE":[null,"More ways to add DuckDuckGo to IE"],"width\u0004Wide":[null,"Wide"],"within body":[null,"within body"],"Download file":[null,"Download file"],"More ways to add DuckDuckGo to Maxthon":[null,"More ways to add DuckDuckGo to Maxthon"],"cloudsave\u0004Even if you could do that, there is no point since all the information is there in the open, unencrypted, provided you know the key.":[null,"Even if you could do that, there is no point since all the information is there in the open, unencrypted, provided you know the key."],"oneofmanyspread\u0004spread DuckDuckGo":[null,"spread DuckDuckGo"],"Click the magnifying glass in the search bar":[null,"Click the magnifying glass in the search bar"],"Your browser cookies:":[null,"Your browser cookies:"],"settings\u0004Auto-Suggest":[null,"Auto-Suggest"],"Perhaps you've heard about us in %s":[null,"Perhaps you&#39;ve heard about us in %s"],"%s is in %s":[null,"%s is in %s"],"settingsvalue\u0004Prompt me":[null,"Prompt me"],"Community Platform":[null,"Community Platform"],"By category":[null,"By category"],"URL Parameters":[null,"URL Parameters"],"frontpage\u0004Instantly":[null,"Instantly"],"Results":[null,"Results"],"duckco\u0004%s Forum":[null,"%s Forum"],"DuckDuckGo settings":[null,"DuckDuckGo settings"],"settings\u0004Instant Answers":[null,"Instant Answers"],"List":[null,"List"],"newbang\u0004Submit them %s.":[null,"Submit them %s."],"Input: %sName: DuckDuckGo%s URL: %s Alias: d%s":[null,"Input: %sName: DuckDuckGo%s URL: %s Alias: d%s"],"cloudsave\u0004How is it anonymous?":[null,"How is it anonymous?"],"frontpage\u0004instantly":[null,"instantly"],"COMMUNITY":[null,"COMMUNITY"],"put search terms here":[null,"put search terms here"],"setting\u0004a particular username, e.g. %s":[null,"a particular username, e.g. %s"],"we have those, too":[null,"we have those, too"],"%sInstall%s":[null,"%sInstall%s"],"Click the %sgears icon%s in the browser toolbar (top right).":[null,"Click the %sgears icon%s in the browser toolbar (top right)."],"Safe search is on. No safe search results.":[null,"Safe search is on. No safe search results."],"settings\u0004Center align the results page (instead of left aligned)":[null,"Center align the results page (instead of left aligned)"],"Sorry, no results here.":[null,"Sorry, no results here."],"duckduckbot\u0004DuckDuckBot is the Web crawler for %s. It respects %s and originates from these IP addresses:":[null,"DuckDuckBot is the Web crawler for %s. It respects %s and originates from these IP addresses:"],"useus\u0004%s us.":[null,"%s us."],"Or you can type in a command like '%s bags', which will take you to %s and auto-search it for 'bags'.":[null,"Or you can type in a command like &#39;%s bags&#39;, which will take you to %s and auto-search it for &#39;bags&#39;."],"newbang\u0004submit it here":[null,"submit it here"],"settings\u0004Result Visited Title Color":[null,"Result Visited Title Color"],"cloudsave\u0004Cloud Save discussion on %s":[null,"Cloud Save discussion on %s"],"Goodies":[null,"Goodies"],"setting\u0004Off & centered":[null,"Off &amp; centered"],"cloudsave\u0004What is the cloud save bookmarklet and how does it differ from the URL parameter bookmarklet?":[null,"What is the cloud save bookmarklet and how does it differ from the URL parameter bookmarklet?"],"frontpage\u0004Help spread DuckDuckGo!":[null,"Help spread DuckDuckGo!"],"About":[null,"About"],"Press":[null,"Press"],"width\u0004Super wide":[null,"Super wide"],"Search Box":[null,"Search Box"],"Go to Options.":[null,"Go to Options."],"We do not track or bubble you!":[null,"We do not track or bubble you!"],"Other Help / Feedback":[null,"Other Help / Feedback"],"No correct topic? Try web links...":[null,"No correct topic? Try web links..."],"Subject:":[null,"Subject:"],"Your settings in %s format:":[null,"Your settings in %s format:"],"See Also":[null,"See Also"],"Other uses":[null,"Other uses"],"bangcat\u0004Research":[null,"Research"],"Pass phrase strength":[null,"Pass phrase strength"],"Yellow":[null,"Yellow"],"Alternatives":[null,"Alternatives"],"Support":[null,"Support"],"setting\u0004On":[null,"On"],"DuckDuckGo Privacy":[null,"DuckDuckGo Privacy"],"By default, your settings are stored in non-personal browser cookies (in your browser).":[null,"By default, your settings are stored in non-personal browser cookies (in your browser)."],"browsers":[null,"browsers"],"Videos":[null,"Videos"],"shipment tracking":[null,"shipment tracking"],"settingsvalue\u0004Small":[null,"Small"],"settingsvalue\u0004Super Wide":[null,"Super Wide"],"I'm feeling ducky":[null,"I&#39;m feeling ducky"],"Privacy Policy":[null,"Privacy Policy"],"Forum":[null,"Forum"],"Weather":[null,"Weather"],"cloudsave\u0004Each time you ask for a passphrase suggestion, we get a reasonably large list of random words from the DuckDuckGo servers.":[null,"Each time you ask for a passphrase suggestion, we get a reasonably large list of random words from the DuckDuckGo servers."],"hide this FAQ":[null,"hide this FAQ"],"Background:":[null,"Background:"],"Green":[null,"Green"],"Map":[null,"Map"],"DuckDuckGo enables you to search 100s of other sites directly.":[null,"DuckDuckGo enables you to search 100s of other sites directly."],"Instant Answer API":[null,"Instant Answer API"],"newbang\u0004New %s":[null,"New %s"],"settings\u0004Changes the color of the result URL":[null,"Changes the color of the result URL"],"Sort by date":[null,"Sort by date"],"More links":[null,"More links"],"Watch on YouTube":[null,"Watch on YouTube"],"prev result":[null,"prev result"],"More Links":[null,"More Links"],"settings\u0004Bookmarklet URL:":[null,"Bookmarklet URL:"],"cloudsave\u0004What information gets saved?":[null,"What information gets saved?"],"'%s' or '%s' or '%s' will take you to the first result.":[null,"&#39;%s&#39; or &#39;%s&#39; or &#39;%s&#39; will take you to the first result."],"Use in %s":[null,"Use in %s"],"Policy":[null,"Policy"],"cloudsave\u0004Your passphrase is used to generate a key using the Secure Hash Algorithm known as %sSHA-2%s, using a 512 bit key.":[null,"Your passphrase is used to generate a key using the Secure Hash Algorithm known as %sSHA-2%s, using a 512 bit key."],"more":[null,"more"],"Category":[null,"Category"],"frontpage\u0004Learn %sMore%s":[null,"Learn %sMore%s"],"Recipes":[null,"Recipes"],"Reverse search":[null,"Reverse search"],"I want to tell you about something I don't love.":[null,"I want to tell you about something I don&#39;t love."],"Choose Category":[null,"Choose Category"],"settingsvalue\u0004m":[null,"m"],"Choose subcategory":[null,"Choose subcategory"],"Try a search!":[null,"Try a search!"],"More at %s":[null,"More at %s"],"settings\u0004Underline the title link for each result":[null,"Underline the title link for each result"],"Quotations":[null,"Quotations"],"More ways to add DuckDuckGo to Arora":[null,"More ways to add DuckDuckGo to Arora"],"Tan":[null,"Tan"],"More topics":[null,"More topics"],"Select DuckDuckGo":[null,"Select DuckDuckGo"],"Show details of your settings including bookmarklet":[null,"Show details of your settings including bookmarklet"],"Go to Search Engine.":[null,"Go to Search Engine."],"There are also shorter versions, e.g. %s":[null,"There are also shorter versions, e.g. %s"],"%sAfter downloading, locate the extension file and double-click it to install in Safari.%sOK%s":[null,"%sAfter downloading, locate the extension file and double-click it to install in Safari.%sOK%s"],"DDG Topics List":[null,"DDG Topics List"],"uses results from %s":[null,"uses results from %s"],"webelieve\u0004better search":[null,"better search"],"setting\u0004username":[null,"username"],"Internet privacy updates (not just about us).":[null,"Internet privacy updates (not just about us)."],"expand_text\u0004Show More":[null,"Show More"],"We believe you can get better search AND real privacy at the same time. That's why:":[null,"We believe you can get better search AND real privacy at the same time. That&#39;s why:"],"Safe search searched for %s":[null,"Safe search searched for %s"],"Red":[null,"Red"],"Time":[null,"Time"],"Social":[null,"Social"],"email address":[null,"email address"],"translateus\u0004Translate":[null,"Translate"],"Finally, friends don't let friends get tracked!":[null,"Finally, friends don&#39;t let friends get tracked!"],"from %s":[null,"from %s"],"cloudsave\u0004Passphrases cannot feasibly be reverse engineered from a key":[null,"Passphrases cannot feasibly be reverse engineered from a key"],"More ways to add DuckDuckGo to PaleMoon":[null,"More ways to add DuckDuckGo to PaleMoon"],"Click %sAdd DuckDuckGo%s (bottom).":[null,"Click %sAdd DuckDuckGo%s (bottom)."],"Thesaurus":[null,"Thesaurus"],"Use in %sFirefox%s":[null,"Use in %sFirefox%s"],"Use DuckDuckGo for IE search?":[null,"Use DuckDuckGo for IE search?"],"settings\u0004Shows the search button background":[null,"Shows the search button background"],"Please try again":[null,"Please try again"],"settings\u0004Suggest a pass phrase":[null,"Suggest a pass phrase"],"Click %sYes%s.":[null,"Click %sYes%s."],"Text font:":[null,"Text font:"],"frontpage\u0004doesn't track you":[null,"doesn&#39;t track you"],"More ways to add DuckDuckGo to Chrome":[null,"More ways to add DuckDuckGo to Chrome"],"cloudsave\u0004Cloud Save discussion on duck.co":[null,"Cloud Save discussion on duck.co"],"DuckDuckGo Settings":[null,"DuckDuckGo Settings"],"moreinfo\u0004See %s for more info.":[null,"See %s for more info."],"Install Glims for Safari?":[null,"Install Glims for Safari?"],"Audio":[null,"Audio"],"Swag? %s.":[null,"Swag? %s."]};ltd('duckduckgo-duckduckgo');