GET /assets/attribution/yandex.v102.svg HTTP/1.1
Host: duckduckgo.com
Connection: keep-alive
Accept: */*
User-Agent: Mozilla/5.0 (Macintosh; Intel Mac OS X 10_10) AppleWebKit/600.1.25 (KHTML, like Gecko) Version/8.0 Safari/600.1.25
Accept-Language: en-us
Referer: https://duckduckgo.com/
Accept-Encoding: gzip, deflate

HTTP/1.1 200 OK
Server: nginx
Date: Sun, 19 Oct 2014 08:00:08 GMT
Content-Type: image/svg+xml
Content-Length: 4825
Last-Modified: Thu, 12 Jun 2014 12:47:40 GMT
Connection: close
ETag: "5399a16c-12d9"
Expires: Mon, 19 Oct 2015 08:00:08 GMT
Cache-Control: max-age=31536000
Cache-Control: public
Accept-Ranges: bytes

<?xml version="1.0" encoding="utf-8"?>
<!-- Generator: Adobe Illustrator 16.0.4, SVG Export Plug-In . SVG Version: 6.00 Build 0)  -->
<!DOCTYPE svg PUBLIC "-//W3C//DTD SVG 1.1//EN" "http://www.w3.org/Graphics/SVG/1.1/DTD/svg11.dtd">
<svg version="1.1"
	 id="svg2" xmlns:rdf="http://www.w3.org/1999/02/22-rdf-syntax-ns#" xmlns:dc="http://purl.org/dc/elements/1.1/" xmlns:cc="http://creativecommons.org/ns#" xmlns:svg="http://www.w3.org/2000/svg"
	 xmlns="http://www.w3.org/2000/svg" xmlns:xlink="http://www.w3.org/1999/xlink" x="0px" y="0px" width="46px" height="22px"
	 viewBox="42 14.627 46 22" enable-background="new 42 14.627 46 22" xml:space="preserve">
<g id="g10" transform="matrix(1.25,0,0,-1.25,-193.46271,442.73946)">
	<path id="path38" fill="#010202" d="M204.776,335.662c-0.762,0-1.555-0.556-1.555-0.556v0.358c0,0.078-0.031,0.109-0.109,0.109
		h-0.973c-0.078,0-0.125-0.047-0.125-0.109v-7.627c0-0.078,0.031-0.125,0.11-0.125h0.988c0.062,0,0.109,0.047,0.109,0.125v6.528
		c0,0,0.459,0.291,1.015,0.291c0.53,0,0.949-0.263,0.949-0.803c0-0.377,0-6.016,0-6.016c0-0.078,0.047-0.125,0.125-0.125h0.972
		c0.078,0,0.109,0.062,0.109,0.125v6.357C206.391,335.152,205.803,335.662,204.776,335.662z"/>
	<path id="path40" fill="#010202" d="M212.337,339.486h-0.973c-0.078,0-0.125-0.047-0.125-0.109v-3.847
		c-0.373,0.144-0.712,0.219-0.988,0.219c-1.578,0-2.662-1.51-2.662-4.416c0-2.488,1.055-3.822,2.43-3.822
		c0.58,0,1.059,0.332,1.409,0.645l0.212-0.36c0.036-0.062,0.066-0.084,0.137-0.084l0.559-0.001c0.062,0,0.11,0.048,0.11,0.126
		v11.539C212.447,339.455,212.415,339.486,212.337,339.486L212.337,339.486z M208.875,331.59c0,1.6,0.468,3.186,1.423,3.186
		c0.323,0,0.634-0.106,0.941-0.35v-5.639c-0.239-0.13-0.541-0.25-0.866-0.25C209.334,328.537,208.875,329.77,208.875,331.59z"/>
	<path id="path42" fill="#010202" d="M216.06,335.733c-1.619,0-2.418-2.119-2.418-4.427c0-2.414,1.14-3.766,2.605-3.766
		c0.644,0,1.285,0.253,1.705,0.487c0.065,0.035,0.076,0.086,0.061,0.148l-0.123,0.509c-0.015,0.062-0.046,0.094-0.124,0.094
		c-0.034,0-0.566-0.155-1.082-0.155c-1.199,0-1.749,1.066-1.749,2.484c0,0.187,0,0.344,0,0.344s0.596-0.083,0.955-0.083h2.262v0.655
		C218.151,334.44,217.305,335.733,216.06,335.733L216.06,335.733z M215.982,332.351c-0.358,0-1.009-0.089-1.009-0.089
		s0.009,0.26,0.04,0.509c0.14,1.326,0.456,1.996,1.001,1.996c0.474,0,0.798-0.686,0.876-1.887c0.016-0.249,0.016-0.53,0.016-0.53
		L215.982,332.351L215.982,332.351L215.982,332.351z"/>
	<path id="path44" fill="#010202" d="M200.167,334.743c-0.359,0.709-1,1.018-1.733,1.018c-0.471,0-1.207-0.18-1.697-0.401
		c-0.096-0.043-0.157-0.081-0.157-0.157c0-0.045,0.022-0.097,0.047-0.141l0.331-0.709c0.034-0.08,0.088-0.098,0.134-0.098
		c0.049,0,0.089,0.023,0.133,0.052c0.479,0.306,0.83,0.475,1.107,0.475c0.368,0,0.617-0.244,0.771-0.611
		c0.144-0.342,0.199-0.816,0.199-1.361c0-0.07,0-0.161,0-0.161c-0.302,0.189-0.825,0.294-1.086,0.294
		c-1.404,0-2.162-1.336-2.162-2.763c0-1.538,0.886-2.667,1.949-2.667c0.592,0,1.129,0.348,1.488,0.787c0,0,0.191-0.456,0.216-0.511
		s0.052-0.075,0.124-0.075l0.568-0.001c0.062,0,0.109,0.048,0.109,0.126v4.423C200.508,333.347,200.454,334.178,200.167,334.743
		L200.167,334.743z M199.301,328.947c-0.278-0.27-0.612-0.41-0.912-0.41c-0.3,0-0.532,0.139-0.718,0.395
		c-0.227,0.312-0.332,0.794-0.332,1.327c0,0.844,0.311,1.709,0.971,1.709c0.326,0,0.685-0.105,0.991-0.349V328.947L199.301,328.947z
		"/>
	<path id="path46" fill="#010202" d="M223.284,335.574c-0.134,0-0.77,0-0.867,0c-0.096,0-0.145-0.051-0.17-0.117
		c-0.055-0.144-0.421-1.109-0.571-1.509c-0.107-0.286-0.396-1.105-0.396-1.105h-0.033c-0.002,0.003-0.212,0.596-0.327,0.893
		c-0.093,0.24-0.575,1.513-0.637,1.67c-0.032,0.084-0.069,0.168-0.193,0.168c-0.167,0-0.844,0-0.948,0
		c-0.104,0-0.163-0.114-0.13-0.186c0.034-0.071,1.545-3.517,1.545-3.517s-1.623-3.858-1.67-3.944
		c-0.048-0.087,0.012-0.216,0.127-0.216c0.115,0,0.69,0,0.831,0c0.141,0,0.198,0.074,0.24,0.194c0.12,0.335,0.297,0.801,0.549,1.52
		c0.166,0.477,0.43,1.315,0.43,1.315h0.03c0,0,0.289-0.854,0.396-1.132c0.272-0.706,0.62-1.628,0.656-1.725
		c0.038-0.102,0.091-0.172,0.189-0.172s0.849,0,0.943,0c0.093,0,0.136,0.106,0.092,0.199c-0.105,0.221-1,2.398-1.622,3.829
		c0,0,1.613,3.565,1.645,3.653C223.426,335.481,223.417,335.574,223.284,335.574L223.284,335.574z"/>
	<path id="path48" fill="#E52620" d="M197.036,340.634h-1.093c-0.096,0-0.157-0.048-0.171-0.116
		c-0.014-0.07-1.639-5.027-1.757-5.441c-0.084-0.293-0.357-1.325-0.422-1.573l-0.565,1.544c-0.137,0.425-1.454,4.105-1.492,4.252
		c-0.021,0.081-0.059,0.181-0.2,0.181h-1.067c-0.104,0-0.163-0.114-0.13-0.185c0.027-0.057,1.954-5.188,2.732-7.149v-4.309
		c0-0.078,0.031-0.125,0.11-0.125h1.011c0.062,0,0.109,0.047,0.109,0.125v4.085v0.191c0.649,1.815,3.02,8.267,3.045,8.34
		C197.178,340.541,197.169,340.634,197.036,340.634L197.036,340.634z"/>
</g>
</svg>
