POST /WebObjects/MZFinance.woa/wo/5.2.0.1.1.3.1.5.1.1.7.1?guid=000C295240D2 HTTP/1.1
Host: p30-buy.itunes.apple.com
X-Apple-TZ: -420
Accept: text/html,application/xhtml+xml,application/xml;q=0.9,*/*;q=0.8
X-Apple-Store-Front: 143441-1,13
Accept-Language: en-US
Accept-Encoding: gzip, deflate
Date: Sun, 19 Oct 2014 08:15:44 GMT
Content-Type: application/x-www-form-urlencoded
Origin: https://p30-buy.itunes.apple.com
User-Agent: MacAppStore/2.0 (Macintosh; OS X 10.10; 14A389) AppleWebKit/0600.1.25
Referer: https://p30-buy.itunes.apple.com/WebObjects/MZFinance.woa/wo/4.2.1.1.1.3.1.5.1.1.7.3.7?guid=000C295240D2
Content-Length: 4341
Connection: keep-alive
Cookie: itspod=30; mzf_in=302345; ns-mzf-inst=39-90-80-124-180-8168-302345-30-nk11; Pod=30; woinst=-1; session-store-id=5DE44A670C584B2D103053AD2B555377; wosid=HnCPKbRZ6MzlKnb83uHttw; xp_ci=3z4g8XADz7s3z4RnzCRNz1KGeDrrYY; s_vi=[CS]v1|2A21B990850121DA-40000137400107B3[CE]
iCloud-DSID: 8078008707

2.0.1.1.3.1.5.1.1.7.1.1.0.5.11.1.0.5.5=US&credit-card-type=&sp=&res=&2.0.1.1.3.1.5.1.1.7.1.1.0.5.21.1.3.1.3.2.3=&prefixName=WONoSelectionString&2.0.1.1.3.1.5.1.1.7.1.1.0.5.23.5.1.5.1=Defaults&2.0.1.1.3.1.5.1.1.7.1.1.0.5.23.5.1.5.3=Users&2.0.1.1.3.1.5.1.1.7.1.1.0.5.23.5.5.1=30+Rockefeller+Plaza&2.0.1.1.3.1.5.1.1.7.1.1.0.5.23.5.5.3=&2.0.1.1.3.1.5.1.1.7.1.1.0.5.23.5.5.19.3=New+York&state=32&2.0.1.1.3.1.5.1.1.7.1.1.0.5.23.5.5.19.9=10111&2.0.1.1.3.1.5.1.1.7.1.1.0.5.23.5.5.19.13.0=&2.0.1.1.3.1.5.1.1.7.1.1.0.5.23.5.5.19.15=&nucaptcha-answer-enter=&nucaptcha-answer-exit=&lmsubmitted=1&nucaptcha-index=0&nucaptcha-datatype=GIF&nucaptcha-ptype=SCRIPT&nucaptcha-language=eng&nucaptcha-region=us-west&nucaptcha-media-download-time=&nucaptcha-adserv-download-time=935&nucaptcha-fallback-token=2.4639.136573.1413706536.2.UNhxhnJkvCca_2kUK0QHtA%2C%2C.n_D670qS3Er7wqI0pvL6gHzjbm5udj39b9-nlASBlVTW0xhBYEnjHsJSQZl2s-PtatGP2sVy_JO9drHfBF7eIA4I7uHa8iHPUZ45ZjiScpQTkT4fA7uhRYx3K_uq6MnVkhzUPipsdnjXBlJ5-SGxg6VfGKnV4THr1Z2RgZPZsya8BhZDD-BXJIh9WGoQQ8q9pX5V_rl54zXy5JbNBVcoX824pfkDJ4CornjkC7ADGI2anyZdI9FoOd99xim9F6WtKD2np9FtOOVHibZQ-liAT3DV8T2Xp74FrJkedS7_0YDtdUA8KHpRffAB3IZOzdKrpD1mvXu8phx0t0olpP2HL33vHORW_4GW3J0vMhPhyu6g3MTc5F3WjCcmzeTBq4wRyzLgPU_Uebkeg0N65RaxA1p_BpWRoOdYK3NpXkUqQKKNoN5h52HhSCxqZOMi4A8iM7JqT7LQIaAKjpUicQaTg6FNcdAXK1c1BNrJoJWCQQrsJykPJLrtHGQKi1XsqzBGJYz_1oBGyKF1X9xnMCqVONLSW9uqqfcq131chOKDZNTA4iIq8QcW5uZhZ7osp5us97N0gBN6vnT4vDf6r8YeS_2IwRb8s0QxBdxS_aPQnfP56E1uMKigOXU_60jxW8dYmGjzKzyhT9tqC4WoXehFAJIO_8obeT2yKVEZBPt_1CVqOXdjscguMRTuN6POVHBoZ9uG1p3HXYRe6Ex2hDBhhryrWx2AU8YYj4mixhajCagumeP8A_4R3QxLN16n3tf7cYt70xuOcC_qNUVotlw7i1iC0YGPxatKs9_F2XhTJTU%2C.d0l0dmtHUXVKeEMyT2xCb3htRjBsRXhCcVdBbHhzb0htcVF6V2JYdWVsUDZTU0RlVWZLWTFnRFZBSDBNejVMbzJFTWFFOURleUUzQVdxbW5CYWs1bXU4RWR3am8yano2d1ZCNllYdXRtSmV5UEQ5akxvanhld3NhSE5qcXI1c1Q3WEcwMnl1aGQvbGRrNnB0b3JGTnM1Mm4wclBvQnFMb3lCNkE5WXNLd3hvPQ%2C%2C&nucaptcha-vk=48742&nucaptcha-ak=30158&nucaptcha-tsa=2.4620.136543.1413706538.2.NQRuDW2aRie2DUy16dw2wQ%2C%2C.SlIxeT7VkVQuhB7IlqLSNmJQyUkn1TS8LbC2h0vV41A3QpCFNWCGpv_Cawi-n2FSHagGtxwDmCDAUIebrhVrrJD0_4sWRPHsr3RWRDqbRtqepU1TPXpI_Pw9TD2FQW05v-LbsH_I6kA5rEGmq3tijGi0lfCr8PlcDqzavMxH-6PIrrwHN2QE91Mg9sLP1Yjn5TWdQMHI47KQoCxIIhxZMnqxdo-D4DBfkyVMejtaWmdkMXaxHQ-NPgZKyLEOOKjIOw49qHpYNxW_VYMsxn9GD4TiajVDFHWx9qYyDImk-GtqUi89QMIDkIpjs5w6ITT8auquKUt0rPHXejuUQ-FELg--21nI1M79pfW0OsjOXdNMcG5lVkAmAyE8wHLMMeU67Vrc-lHfLgH-Bz7lUDk3g2rVwnLaRZ2fNC8cc50P6jgSqyY6_AuznRAwQKSfj4-T9bIQnkcVCQs5EfYM0TCStVACmlyrjWnJdlzIihRPUvQsmv3LmwmoV4E8WNetGypvdCE5dC8qqx5BcUu4524Cumj0w10hihsdUjwWVWoPT9w3wwH-wZJzMDRnya9LTkq-eDoBg1dM4k69kWvsfr8M-qewMyrOt7lh0nhjgHNZCj5cGu3hNW3mbMqV6acUpHJzhN4Ai5Om030kMZ63FTM9yZ18d7MYOBcrT-hkO_rCy8X6ttbYZcs-0pKCfVSIZu5oi8dAxKuK38e3SUsXA9EpZ00md0j7BPjxiCQbC9kdNcGJGAyfOi1CJw2sUA4XIZxWGUcRaG0bhp8AnsIhNDRfFlz18G1E_w0DfQi0fC-SWCluUWURRV8BxpKoSF8NAfcqWPMlMPpMHIhumCguVR3krLxgpVEyHCLZwiMF8gI_SuVn5CdtFkfCjfCG1-0aWu5Le0yZmY0J3pvUMfii0b5oJ5Ea0cpSNqa6EpT281kAEISvrUgAH9gg99AhUxz4JF0rgxIm6lpPw6AThkyg1E6PR9sKPhUPkCOOSvzyuQrdmvHGEe3CUsJJMpzte779ehamfuKyB1aUizb0mcPwcAlD5jAD504A6eXBB98kT4x0K5ik9cj3MNdOEc9N9gBde6iLmxJo9Oj27RlJWi4rDsoISZsrqpCbHcY5zNihFCDO3cyUNhiHMXHnp9ddZMQgNbOE2Ciyy1Hj8vbI49_GiSbWxI6o4Jd8HqNwAijUR_Oan4Gu5XgCjzJoifOkgBXfA_ySKh3UVry3U8NLA7d638dAtFkynx-I3dZ2woaXeii5HyvtZd6fNB7TAZO3wjRwbu6qC5Gvqfxa_yHIhZ-bHZrrEhzT6dRwgEW-ueFFSx3_5GkHh9OSo6wfPJ_9X_HqA1IRzuLsCTvR5iTgVxjqskdniYfi2dH7L8sCMVLN6w7bRdOwGZxpOtArhf0r4CaG-_QCX25WW9J9ZQeZR5jt5n6HxcXxorm0uJO-uVXSQqvUpzC9q-jkcARxdsCCfsZVNME4W1txj0dbDHaGC7J6LZ_-xR42dAwt4KWdoQ-7pwqOW0MAC1lnQABXMm3Xiw1JBlaIGE69uhS9W06Uzcej77xsQqxpwo_Lh_8wuaN91TWwFsj4tdswpOpKUhHr9eWABEYxfc6i3MOE8vo7cwIq4x35B7H3YGVSjUEratOpPkHyjxJpZ1YkDYyabSna5JD05a_dGuh_uiwzO_jMEa54b_f_8syiA46CzfRaSoHMfiZdDZcTd3TkT2vrK50UR2DtXQEYikAlln3uF5zcFP4PBP9-MhRhT5T0P9kQ1MiVNYCtvux_n9l7NmCXHEz04sGzr_Map32GQbK8m-yS7G2hIJmPvw%2C%2C.eG1KOEttbnkrakd2RjQyVHpLUG8rK3ZCbmJWZlNqZDJ6a2ZSV0FXMVpLUkJQbC9BUlFaQ0MyUkltdnlIMDhjZVgwZXl3VUc3ZC9yMjMyWTNvYXlROEFFbTk3andLaVpmaVlWRFkvMlY4T29FZmlFdW1NbFhuTGlFSXRXSGFXQ016Qlgvcm01eXFta0J3QkdRZHVDMS9GMlJleUpSa012UHZOcWovUTJtV0ZRPQ%2C%2C&nucaptcha-answer=&nucaptcha-iprofile=ncip%2C0%2C54437330%2Cd%2Ca%3Bmc%2C0%2C318%2C2b1%3B&nucaptcha-jf=1653597&captchaMode=VIDEO&2.0.1.1.3.1.5.1.1.7.1.5=Cancel&machineGUID=000C295240D2&mzPageUUID=ebfafb45-662c-44ac-a133-c494fffbef25&xAppleActionSignature=&longName=Users%2CDefaultsHTTP/1.1 302 Apple WebObjects
x-apple-jingle-correlation-key: DVXVBSU7AOUHA
x-frame-options: SAMEORIGIN
content-type: text/html; charset=UTF-8
x-apple-translated-wo-url: /WebObjects/MZFinance.woa/wo/5.2.0.1.1.3.1.5.1.1.7.1?guid=000C295240D2
x-apple-orig-url: https://p30-buy.itunes.apple.com/WebObjects/MZFinance.woa/wo/5.2.0.1.1.3.1.5.1.1.7.1?guid=000C295240D2
x-apple-application-site: NWK
edge-control: no-store
edge-control: cache-maxage=0
date: Sun, 19 Oct 2014 08:15:45 GMT
set-cookie: wosid=; version="1"; max-age=0; expires=Fri, 19-Sep-2014 08:15:45 GMT; path=/WebObjects/MZFinance.woa; domain=.apple.com; secure; HttpOnly
set-cookie: woinst=-1; version="1"; max-age=0; expires=Thu, 01-Jan-1970 00:00:00 GMT; path=/WebObjects/MZFinance.woa; domain=.apple.com; secure; HttpOnly
set-cookie: session-store-id=5DE44A670C584B2D103053AD2B555377; version="1"; expires=Sun, 19-Oct-2014 08:45:45 GMT; path=/WebObjects; domain=.apple.com; secure
set-cookie: mzf_in=302345; version="1"; path=/WebObjects; domain=.apple.com; secure
set-cookie: mzf_dr=0; version="1"; expires=Thu, 01-Jan-1970 00:00:00 GMT; path=/WebObjects; domain=.apple.com
apple-timing-app: 441 ms
cache-control: private
cache-control: no-cache
cache-control: no-store
cache-control: no-transform
cache-control: must-revalidate
cache-control: max-age=0
expires: Sun, 19 Oct 2014 08:15:45 GMT
location: https://itunes.apple.com/WebObjects/MZStore.woa/wa/viewGrouping?cc=us&id=29520&mt=12
x-apple-lokamai-no-cache: true
x-apple-application-instance: 302345
pragma: no-cache
x-webobjects-loadaverage: 32
content-length: 0
Set-Cookie: ns-mzf-inst=39-90-80-124-180-8168-302345--nk11; version=1; Max-Age=1800; path=/; domain=.apple.com; httponly

