PROPFIND /8078008707/calendars/notification/ HTTP/1.1
Host: p29-caldav.icloud.com
Accept: */*
Brief: t
Authorization: X-MobileMe-AuthToken ODA3ODAwODcwNzpBUUFBQUFCVVEyYllJRTFxTGNlcFByZGxHekVyajRzUTF4NmQ3SGc9
Accept-Language: en-us
Accept-Encoding: gzip, deflate
Content-Type: text/xml
Content-Length: 187
Depth: 1
Connection: keep-alive
User-Agent: Mac+OS+X/10.10 (14A389) CalendarAgent/315
Prefer: return=minimal

<?xml version="1.0" encoding="UTF-8"?>
<A:propfind xmlns:A="DAV:">
  <A:prop>
    <A:getetag/>
    <C:notificationtype xmlns:C="http://calendarserver.org/ns/"/>
  </A:prop>
</A:propfind>
HTTP/1.1 207 Multi-Status
Content-Length: 165
Accept-Ranges: bytes
Server: iCloudCalendarServer 14G54
Last-Modified: Sun, 19 Oct 2014 14:23:30 GMT
DAV: 1, access-control, calendar-access, calendar-schedule, calendar-auto-schedule, calendar-managed-attachments, calendarserver-sharing, calendarserver-subscribed, calendarserver-home-sync
X-Transaction-Id: d77a470a-5760-11e4-85c1-d485645e7fcc
Date: Sun, 19 Oct 2014 07:23:37 GMT
X-Responding-Server: st13p29ic-hpaf18221001 0 a63660a6f7d1a25b5a7ed66dab0da843
Content-Type: text/xml

<?xml version='1.0' encoding='UTF-8'?>
<multistatus xmlns='DAV:'>
  <response>
    <href>/8078008707/calendars/notification/</href>
  </response>
</multistatus>