GET /register HTTP/1.1
Host: xp.apple.com
Accept: */*
Accept-Encoding: gzip, deflate
Connection: keep-alive
Date: Sun, 19 Oct 2014 20:03:16 GMT
Cookie: itspod=45; Pod=45; xp_ci=3z2fX0gnz8Ddz57vzCNRz16rZrLBq9
User-Agent: MacAppStore/2.0 (Macintosh; OS X 10.10; 14A389) AppleWebKit/0600.1.25
Accept-Language: en-US
X-Apple-TZ: -420
X-Apple-Store-Front: 143441-1,13

HTTP/1.0 200 Apple WebObjects
x-apple-jingle-correlation-key: CIWVLGC7VS46O
access-control-allow-origin: *
vary: X-Apple-Store-Front,X-Dsid,Cookie
x-apple-application-site: NWK
apple-timing-app: 0 ms
cache-control: private, max-age=60
expires: Sun, 19 Oct 2014 20:04:17 GMT
content-type: application/json; charset=UTF-8
x-apple-application-instance: 11129
x-webobjects-loadaverage: 0
access-control-allow-credentials: true
connection: keep-alive
content-length: 2
Date: Sun, 19 Oct 2014 20:03:17 GMT

{}