GET /register HTTP/1.1
Host: xp.apple.com
Accept: */*
Accept-Encoding: gzip, deflate
Connection: keep-alive
Date: Sun, 19 Oct 2014 19:42:51 GMT
Cookie: xp_ci=3z2fX0gnz8Ddz57vzCNRz16rZrLBq9; ns-mzf-inst=179-19-80-157-90-8146-452475-45-st13; Pod=45; itspod=45
User-Agent: MacAppStore/2.0 (Macintosh; OS X 10.10; 14A389) AppleWebKit/0600.1.25
Accept-Language: en-US
X-Apple-TZ: -420
X-Apple-Store-Front: 143441-1,13

HTTP/1.0 200 Apple WebObjects
x-apple-jingle-correlation-key: P3Z7SJGZALM4S
access-control-allow-origin: *
vary: X-Apple-Store-Front,X-Dsid,Cookie
x-apple-application-site: ST11
apple-timing-app: 1 ms
cache-control: private, max-age=60
expires: Sun, 19 Oct 2014 19:43:52 GMT
content-type: application/json; charset=UTF-8
x-apple-application-instance: 1231
x-webobjects-loadaverage: 0
access-control-allow-credentials: true
connection: keep-alive
content-length: 2
Date: Sun, 19 Oct 2014 19:42:52 GMT

{}