GET /licensing/demo2?hashedSerial=942939740 HTTP/1.1
Host: www.texpadapp.com
Accept: */*
Cookie: csrftoken=l6sKToGMbu4POhZRNuGON6EOTQefMclh
User-Agent: Texpad/1.6.14 CFNetwork/720.0.9 Darwin/14.0.0 (x86_64)
Accept-Language: en-us
Accept-Encoding: gzip, deflate
Connection: keep-alive

HTTP/1.1 200 OK
Connection: close
Server: gunicorn/0.17.4
Date: Sun, 19 Oct 2014 08:02:40 GMT
Transfer-Encoding: chunked
Content-Type: text/html; charset=utf-8
Via: 1.1 vegur

229
<?xml version="1.0" encoding="UTF-8"?>
<!DOCTYPE plist PUBLIC "-//Apple//DTD PLIST 1.0//EN" "http://www.apple.com/DTDs/PropertyList-1.0.dtd">
<plist version="1.0">
<dict>
	<key>Signature</key>
	<data>
	azZra24YnPNDX7cn7T/Raju9YGKvnPVMDZs2CiNy0r9CArjIf8HQOQmx+uC/+lRu0Rkg
	X6GICRTv3LTYAImif9a9XaqoIPn8mokMEBvW/cC/6iLkQPM3RUJbfTsXGNKm/jsqLIrv
	rYJ5CL7hglXBTuFcUs56mMlQB7P+VfwfF/w=
	</data>
	<key>expiration</key>
	<string>436615360</string>
	<key>generation</key>
	<string>2</string>
	<key>hashed_serial</key>
	<string>942939740</string>
</dict>
</plist>

0

