GET /font/ddg-serp-icons.svg?v=103 HTTP/1.1
Host: duckduckgo.com
Connection: keep-alive
Accept: */*
User-Agent: Mozilla/5.0 (Macintosh; Intel Mac OS X 10_10) AppleWebKit/600.1.25 (KHTML, like Gecko) Version/8.0 Safari/600.1.25
Accept-Language: en-us
Referer: https://duckduckgo.com/
Accept-Encoding: gzip, deflate

HTTP/1.1 200 OK
Server: nginx
Date: Sun, 19 Oct 2014 20:25:07 GMT
Content-Type: image/svg+xml
Content-Length: 11966
Last-Modified: Fri, 08 Aug 2014 21:20:39 GMT
Connection: close
ETag: "53e53f27-2ebe"
Expires: Mon, 19 Oct 2015 20:25:07 GMT
Cache-Control: max-age=31536000
Cache-Control: public
Accept-Ranges: bytes

<?xml version="1.0" standalone="no"?>
<!DOCTYPE svg PUBLIC "-//W3C//DTD SVG 1.1//EN" "http://www.w3.org/Graphics/SVG/1.1/DTD/svg11.dtd" >
<svg xmlns="http://www.w3.org/2000/svg">
<metadata>Generated by IcoMoon</metadata>
<defs>
<font id="icomoon" horiz-adv-x="512">
<font-face units-per-em="512" ascent="480" descent="-32" />
<missing-glyph horiz-adv-x="512" />
<glyph unicode="&#x20;" d="" horiz-adv-x="256" />
<glyph unicode="&#x2b;" d="M384 256h-96v96c0 17.664-14.304 32-32 32-17.664 0-32-14.336-32-32v-96h-96c-17.664 0-32-14.336-32-32 0-17.696 14.336-32 32-32h96v-96c0-17.696 14.336-32 32-32 17.696 0 32 14.304 32 32v96h96c17.696 0 32 14.304 32 32 0 17.664-14.304 32-32 32z" />
<glyph unicode="&#x3c;" d="M340.297 436.641l45.281-45.25-167.781-167.766 167.781-167.75-45.281-45.25-167.75 167.75-0.125-0.125-45.25 45.266z" />
<glyph unicode="&#x3e;" d="M385.578 223.516l-213.125 213.125-45.281-45.25 167.781-167.766-167.781-167.75 45.281-45.25 167.75 167.75 0.125-0.125z" />
<glyph unicode="&#x40;" d="M256.303 448c-88.214 0-159.725-69.533-159.725-155.278 0-28.316 7.835-54.778 21.455-77.644l138.261-194.078 138.261 194.078c13.609 22.866 21.445 49.328 21.445 77.644 0 85.745-71.511 155.278-159.697 155.278zM256.312 225.366c-35.537 0-64.346 30.144-64.346 67.356 0 37.175 28.809 67.347 64.346 67.347 35.519 0 64.328-30.171 64.328-67.347 0.001-37.212-28.809-67.356-64.328-67.356z" />
<glyph unicode="&#x47;" d="M0 320h96v-96h-96v96zM160 320h96v-96h-96v96zM320 320h96v-96h-96v96zM0 480h96v-96h-96v96zM160 480h96v-96h-96v96zM320 480h96v-96h-96v96zM0 160h96v-96h-96v96zM160 160h96v-96h-96v96zM320 160h96v-96h-96v96z" />
<glyph unicode="&#x53;" d="M502.42 38.543l-93.366 93.127c56.752 84.116 47.866 199.168-26.76 273.556-84.822 84.525-222.379 84.525-307.291 0-84.822-84.525-84.822-221.56 0-306.108 74.070-73.785 188.245-83.080 272.555-28.137 0.046-0.046 0.046-0.103 0.103-0.171l93.536-93.241c11.276-11.242 29.616-11.242 40.812 0l20.377 20.298c11.309 11.298 11.309 29.502 0.022 40.687zM107.269 131.317c-67.049 66.788-67.049 175.070 0 241.88 67.015 66.788 175.684 66.788 242.7 0 67.072-66.81 67.072-175.092 0-241.88-67.015-66.788-175.719-66.788-242.7 0z" />
<glyph unicode="&#x58;" d="M280.534 224l184.036 184.036c6.769 6.769 6.769 17.764 0 24.534s-17.764 6.769-24.534 0l-184.036-184.007-184.078 184.057c-6.77 6.769-17.764 6.769-24.533 0s-6.77-17.764 0-24.534l184.036-184.036-184.036-184.035c-6.77-6.769-6.77-17.764 0-24.534s17.763-6.769 24.533 0l184.036 184.036 184.036-184.036c6.769-6.769 17.764-6.769 24.534 0s6.769 17.764 0 24.534l-183.993 183.986z" />
<glyph unicode="&#x5e;" d="M255.266 250.078l-133.985-133.359-45.015 43.531 179 171.641 180.484-172.36-44.688-43.406z" />
<glyph unicode="&#x63;" d="M187.453 311.516c0 0-30.953 29.781-72.969 5.453-37.609-23.219-30.968-65.719-30.968-65.719s-83.516-16.234-83.516-101.375c1.875-85.031 90.703-85.875 90.703-85.875h133.297v96h-37.5l69.5 80 78.438-80h-46.438v-96h129.438c0 0 82.688-0.094 94.312 80.781 5.5 88.469-79.938 105.906-79.938 105.906s9.75 130.953-110.25 145.875c-102.812 10.516-134.109-85.046-134.109-85.046z" />
<glyph unicode="&#x69;" d="M258.582 358.229c-103.566 0-169.722-86.055-216.701-133.075 0 0 101.655-138.137 213.845-138.137s213.863 138.137 213.863 138.137-107.44 133.075-211.007 133.075zM254.97 125.115c-53.601 0-97.093 43.491-97.093 97.092 0 53.618 43.492 97.019 97.093 97.019s97.018-43.418 97.018-97.019c0.051-53.601-43.366-97.092-97.018-97.092zM253.742 281.219c-32.011 0-58.016-26.004-58.016-58.016s25.947-58.015 58.016-58.015c32.069 0 58.016 26.004 58.016 58.015 0.017 32.017-25.947 58.015-58.016 58.015zM292.728 237.767c-4.209-4.284-13.243-2.356-19.974 4.431-6.786 6.713-8.772 15.69-4.432 20.030s13.26 2.356 20.087-4.358c6.673-6.786 8.733-15.786 4.318-20.105z" />
<glyph unicode="&#x75;" d="M243.232 415.68c0 0-13.488 0.767 27.744 0.767 62.976 0 70.464-72.63 70.464-72.63s0.768-76.419 0.768-94.361c0-17.989-30-30.031-24.72-24.754 0.768 0.768 0-52.722 0-52.722l130.512-91.051v-48.931h-383.232l-0.768 48.164 134.304 92.586v51.953c0 0-23.952 2.255-23.952 24.754 0 22.451 0 94.361 0 94.361s8.976 71.862 68.88 71.862z" />
<glyph unicode="&#x76;" d="M255.266 197.938l-133.985 133.359-45.015-43.531 179-171.641 180.484 172.359-44.688 43.407z" />
<glyph unicode="&#x78;" d="M176.002 128l80.013 80.004 79.99-79.981 15.998 15.996-79.99 79.981 79.99 80.004-15.998 15.996-79.99-79.981-80.013 79.981-15.998-15.996 79.99-80.004-79.99-79.981zM256 447.887c123.437 0 223.888-100.44 223.888-223.906s-100.452-223.867-223.888-223.867c-123.456 0-223.888 100.421-223.888 223.867s100.432 223.906 223.888 223.906zM256 467.5c-134.478 0-243.5-109.031-243.5-243.519 0-134.45 109.022-243.481 243.5-243.481 134.439 0 243.5 109.050 243.5 243.5 0 134.47-109.061 243.5-243.5 243.5v0z" />
<glyph unicode="&#xd7;" d="M437.031 359.766l-45.281 45.25-135.75-135.75-135.75 135.75-45.281-45.25 135.765-135.766-135.765-135.766 45.281-45.25 135.75 135.75 135.75-135.75 45.281 45.25-135.765 135.766z" />
<glyph unicode="&#x2026;" d="M80 288c26.515 0 48-21.519 48-48s-21.485-48-48-48c-26.515 0-48 21.485-48 48s21.485 48 48 48zM240.031 288c26.515 0 48-21.519 48-48s-21.485-48-48-48c-26.515 0-48 21.485-48 48s21.485 48 48 48zM400.062 288c26.515 0 48-21.519 48-48s-21.485-48-48-48c-26.515 0-48 21.485-48 48s21.485 48 48 48z" />
<glyph unicode="&#x2191;" d="M343.953 223.15l17.55 17.525-105.51 105.5-105.497-105.5 17.637-17.651 75.061 75.075v-170.099h25.613v170.3zM486.4 230.4c0 127.225-103.147 230.4-230.406 230.4-127.24 0-230.393-103.175-230.393-230.4 0-127.244 103.153-230.4 230.393-230.4 127.259 0 230.406 103.156 230.406 230.4zM460.8 230.4c0-112.919-91.872-204.8-204.806-204.8-112.915 0-204.794 91.882-204.794 204.8 0 112.924 91.879 204.8 204.794 204.8 112.934 0 204.806-91.876 204.806-204.8z" />
<glyph unicode="&#x2193;" d="M268.807 162.5v170.3h-25.613v-170.099l-75.061 75.075-17.637-17.651 105.497-105.5 105.51 105.5-17.55 17.525zM255.994 460.8c-127.24 0-230.393-103.156-230.393-230.4 0-127.225 103.154-230.4 230.393-230.4 127.259 0 230.406 103.175 230.406 230.4 0 127.244-103.147 230.4-230.406 230.4zM255.994 25.6c-112.915 0-204.794 91.876-204.794 204.8 0 112.919 91.879 204.8 204.794 204.8 112.934 0 204.806-91.881 204.806-204.8 0-112.924-91.872-204.8-204.806-204.8z" />
<glyph unicode="&#x21d1;" d="M399.562 303.5l-143.062-120c0 0 0 73.594 0 72-44.062-1.75-116.625-29.484-116.625-115.25 0-52 36.859-90.688 85.922-100.75-78.781 10.688-139.719 72.812-139.719 154.562 0 125.438 120.984 154.844 170.422 157.438 0-0.75 0 72 0 72l143.062-120z" />
<glyph unicode="&#x21f6;" d="M32 416h448v-64h-448v64zM32 256h448v-64h-448v64zM32 96h448v-64h-448v64z" />
<glyph unicode="&#x2302;" d="M383.894 159.863h70.068l-197.931 229.897-197.931-229.897h70.069v-127.863h95.897v127.863h63.931v-127.863h95.897z" />
<glyph unicode="&#x2551;" d="M315.628 383.007h99.38v-318.014h-99.38v318.014zM96.993 383.007h99.379v-318.014h-99.379v318.014z" />
<glyph unicode="&#x25b6;" d="M396.995 208.541l-181.125 181.157-45.281-45.281 135.762-135.739-135.762-135.762 45.281-45.281 135.766 135.765 0.109-0.109z" />
<glyph unicode="&#x25ba;" d="M435.152 224l-307.534-164.135v328.272l307.534-164.136z" />
<glyph unicode="&#x25c0;" d="M115.005 208.541l181.125 181.157 45.281-45.281-135.762-135.739 135.762-135.762-45.281-45.281-135.766 135.765-0.109-0.109z" />
<glyph unicode="&#x2605;" d="M256 423.488l54.464-149.184 158.72-5.696-125.056-97.76 43.616-152.704-131.744 88.64-131.744-88.672 43.616 152.704-125.056 97.76 158.72 5.696 54.464 149.216z" />
<glyph unicode="&#x2611;" d="M400.236 382.618c-83.439 83.439-218.761 83.439-302.2 0s-83.439-218.777 0-302.2c83.439-83.49 218.761-83.49 302.2 0 83.467 83.422 83.467 218.709 0 302.2zM259.567 154.18l-42.837-42.837-106.428 106.428 42.86 42.82 63.078-63.079 128.768 128.768 42.837-42.854-128.768-128.768 0.489-0.478z" />
<glyph unicode="&#x2629;" d="M512 224l-96 96v-64h-127.453v127.105l63.453 0.895-96 96-96-96 64.422-0.895v-127.105h-128.25l-0.172 64-96-96 96-96v64h128.422l-0.422-128h-64l96-96 96 96h-64l0.547 128h127.453v-64z" />
<glyph unicode="&#x2637;" d="M277.25 465.557c-134.274 0-243.127-108.144-243.127-241.557 0-133.345 108.853-241.557 243.127-241.557 134.317 0 243.127 108.213 243.127 241.557 0 133.413-108.81 241.557-243.127 241.557zM277.207 334.337c-13.394 0-21.66-25.703-21.66-58.24 0-32.621-82.177-32.246-82.177-47.695 0-15.406 19.63-25.993 48.361-25.993s77.357-45.956 77.357-88.831-40.401-55.877-55.612-76.495c-2.013-2.611-12.088-13.351-14.059-15.185-17.087-17.923-18.435 3.361-19.075 19.894 0 0.639-0.308 0.819-0.308 1.459 0 20.601 0 49.709 0 87.457s-25.507 63.077-44.625 69.995c-50.835 18.742-79.635 36.29-88.677 63.213 9.35 46.749 41.289 89.692 77.468 118.313 23.715 15.517 46.501 18.784 46.501 5.656 0-13.683-30.566-32.622-30.566-48.029s3.779-27.384 17.198-27.384c13.351 0 19.075 10.254 19.075 25.661 0 15.449-1.876 29.132 15.339 29.132 17.172 0 3.89-27.409 19.143-27.409 26.786 0 29.286 53.156 2.542 53.156-22.59 0-26.813 21.882-1.459 28.382 6.654 0.972 18.853 1.68 25.66 2.013 47.875-0.486 74.022-18.784 74.022-44.095-0.043-43.627-51.057-44.975-64.45-44.975zM430.198 114.9c-22.897 0-7.627 89.582-44.027 89.582-45.973 0-42.526 54.836-42.526 65.090s19.561 17.13 32.997 17.13 11.517 39.455 11.517 54.878c0 25.704 18.52 43.541 30.036 28.135 11.517-15.449 29.218-45.29 29.218-81.315 0-30.677 22.146-41.553 28.731-64.185-0.154-25.772-2.695-50.459-11.935-73.006-8.991-17.428-23.050-36.307-34.012-36.307z" horiz-adv-x="555" />
<glyph unicode="&#x2639;" d="M221.311 280.565c0-18.695-15.155-33.851-33.851-33.851s-33.851 15.156-33.851 33.851c0 18.695 15.155 33.851 33.851 33.851s33.851-15.156 33.851-33.851zM358.399 280.565c0-18.695-15.156-33.851-33.851-33.851s-33.851 15.156-33.851 33.851c0 18.695 15.156 33.851 33.851 33.851s33.851-15.156 33.851-33.851zM256.005 207.639c-47.721 0-91.173-22.553-113.385-58.88-6.585-10.757-3.194-24.828 7.566-31.418 10.77-6.581 24.833-3.19 31.418 7.567 13.758 22.494 42.958 37.031 74.4 37.031 31.432 0 60.632-14.538 74.386-37.031 4.318-7.038 11.827-10.922 19.519-10.922 4.063 0 8.18 1.084 11.894 3.356 10.77 6.59 14.157 20.649 7.571 31.418-22.212 36.324-65.659 58.88-113.371 58.88zM255.991 448c-123.698 0-223.991-100.298-223.991-224 0-123.706 100.294-224 223.991-224 123.715 0 224.009 100.294 224.009 224 0 123.702-100.294 224-224.009 224zM255.991 41.212c-100.934 0-182.775 81.841-182.775 182.788 0 100.952 81.841 182.788 182.775 182.788 72.334 0 134.83-42.005 164.47-102.946l-8.974-9.412c-7.957-8.338-47.641-51.341-47.641-79.57 0-31.656 25.76-57.416 57.42-57.416 1.707 0 3.396 0.103 5.067 0.264-26.548-68.163-92.776-116.498-170.343-116.498zM435.204 187.918c0-0.009-0.009-0.009-0.014-0.009-0.967-0.502-1.966-0.945-2.988-1.344-0.188-0.072-0.385-0.13-0.578-0.206-0.846-0.313-1.721-0.582-2.599-0.82-0.278-0.076-0.555-0.148-0.842-0.219-0.834-0.192-1.68-0.345-2.536-0.466-0.305-0.050-0.601-0.108-0.901-0.135-1.147-0.13-2.303-0.219-3.476-0.219-16.746 0-30.365 13.623-30.365 30.361 0 9.632 14.408 31.328 30.352 50.014 1.268-1.492 2.549-3.033 3.826-4.592 0.26-0.314 0.502-0.623 0.762-0.941 2.661-3.279 5.296-6.662 7.817-10.066 0.089-0.121 0.175-0.246 0.274-0.368 1.303-1.765 2.563-3.522 3.79-5.278l0.005-0.005c7.961-11.451 13.915-22.364 13.915-28.762-0.005-11.706-6.693-21.885-16.442-26.947z" />
<glyph unicode="&#x2665;" d="M336.384 408.32q45.568 0 76.032-25.856t30.464-81.664q0-25.088-13.312-51.712t-26.624-40.448l-13.312-14.336-160.256-159.744-165.888 165.376t-12.8 15.36-16.384 23.552-12.8 28.928-5.632 33.024q0 55.808 30.208 81.664t75.776 25.856q46.080 0 97.792-54.784l9.728-10.752q2.048 2.56 5.888 6.912t15.872 15.872 24.064 19.968 28.928 15.616 32.256 7.168z" horiz-adv-x="458" />
<glyph unicode="&#x2713;" d="M75.641 230.562c-10.391-11.219-7.547-29.875 3.188-40.75l112.688-114.5c10.734-10.906 32.547-11.219 43.609-0.656l201.374 227.782c11.094 10.562 15.188 29.844 4.438 40.719l-32.562 30.125c-10.75 10.906-26.375 9.438-37.188-1.375l-148.485-172.438c-10.828-10.781-18.906-9.812-29.625 1.062l-53.328 54.969c-10.719 10.906-29.359 11.844-39.75 0.625l-24.359-25.563z" />
</font></defs></svg>