GET /websearch?q=term&locale=en-US&time_zone=America/Los_Angeles&calendar=gregorian&key=andromeda HTTP/1.1
Host: api.smoot.apple.com
Connection: keep-alive
Accept-Charset: utf-8
Accept: */*
X-Apple-UI-Scale: 1.000000
X-Apple-CachedResults: []
X-Apple-UserGuid: f8f40c1c-0384-4e19-7aad-28e0e684c78e
User-Agent: (OS X 14A389) Spotlight/916
Accept-Language: en-us
Accept-Encoding: gzip, deflate
X-Apple-CachedQueries: []

HTTP/1.1 200 OK
Access-Control-Allow-Origin: *
Content-Type: application/json; charset=utf-8
Date: Sun, 19 Oct 2014 07:58:06 GMT
Connection: close
Transfer-Encoding: chunked

1423
[{"status":"OK","query":"terminix","prefix":"term","fbq":"eyJ1IjoiZjhmNDBjMWMtMDM4NC00ZTE5LTdhYWQtMjhlMGU2ODRjNzhlIiwiZSI6ImIiLCJwIjoidGVybSIsInEiOiJ0ZXJtIiwidHMiOjE0MTM3MDU0ODYsImciOm51bGwsImEiOiJzcG90bGlnaHQiLCJkIjoibWFjIiwibCI6ImVuX1VTIiwiaSI6IjE0MzQ0MS0xLDIxIiwiYyI6bnVsbCwiZWN2IjowLCJjY3YiOjB9","results":[{"type":"bing","id":"b:http%3A%2F%2Fwww.terminix.com%2F","score":0,"fbr":"eyJkIjoiYmluZyIsInIiOiJiOmh0dHAlM0ElMkYlMkZ3d3cudGVybWluaXguY29tJTJGIn0=","url":"http://www.terminix.com/","report_problem_url":"","filtered":true,"tophit":0,"engagement_score":0,"qi_engagement_score":0,"hide_rank":0,"template":"simple","completion":"— www.terminix.com","completion_icon":{"id":"mac_safari_icon"},"section_header":"BING SEARCH","section_header_more":"Show all…","section_header_more_url":"http://www.bing.com/search?FORM=APLMAC\u0026PC=APLC\u0026q=term","card_align":"center","card_sections":[{"type":"website","title":"Terminix Pest Control - Terminix: Your Strongest Defense ...","title_nowrap":true,"subtitle":"terminix.com","image":{"id":"mac_safari_icon_big"}},{"type":"description","description":"Don't let pests control your home. Terminix can protect your family against pests, termites and bed bugs. Visit our site to learn how!","description_maxlines":3,"description_weight":-1,"attribution_text":"More results from","attribution_glyph":{"id":"mac_bing_logo"},"attribution_url":"http://www.bing.com/search?FORM=APLMAC\u0026PC=APLC\u0026q=term","text_align":"center"}],"title":"terminix.com","title_note":"— Terminix Pest Control - Terminix: Your Strongest Defense ...","icon":{"content_type":"image/png","data":"iVBORw0KGgoAAAANSUhEUgAAABAAAAAQCAYAAAAf8/9hAAAAgklEQVR42qWT0QnAIAxEM0pHvc30r2OllZISc0GaGjiQYl6eRUVVjztN63WOXrHm3rsK4CIuoBhEbAVqWuUFaABk07kZGcAXkiOMI1p8pYBo4SfS3vjh+Zmzdpy6BGT6q5IdfQJU9QlQ1SdAVX8C/NFPbmJtugHarI/35n15kbL7nC9XxS41iDISewAAAABJRU5ErkJggg=="}},{"type":"bing","id":"b:http%3A%2F%2Fwww.terminix.com%2Fpest-control%2F","score":0,"fbr":"eyJkIjoiYmluZyIsInIiOiJiOmh0dHAlM0ElMkYlMkZ3d3cudGVybWluaXguY29tJTJGcGVzdC1jb250cm9sJTJGIn0=","url":"http://www.terminix.com/pest-control/","report_problem_url":"","filtered":true,"tophit":0,"engagement_score":0,"qi_engagement_score":0,"hide_rank":0,"template":"simple","completion":"— www.terminix.com/pest-control","completion_icon":{"id":"mac_safari_icon"},"section_header":"BING SEARCH","section_header_more":"Show all…","section_header_more_url":"http://www.bing.com/search?FORM=APLMAC\u0026PC=APLC\u0026q=term","card_align":"center","card_sections":[{"type":"website","title":"Home Pest Control Inspection \u0026 Management | Terminix","title_nowrap":true,"subtitle":"terminix.com","image":{"id":"mac_safari_icon_big"}},{"type":"description","description":"Pests can ruin your home and be a major health hazard. Learn how Terminix's pest control management can help you control your pests!","description_maxlines":3,"description_weight":-1,"attribution_text":"More results from","attribution_glyph":{"id":"mac_bing_logo"},"attribution_url":"http://www.bing.com/search?FORM=APLMAC\u0026PC=APLC\u0026q=term","text_align":"center"}],"title":"terminix.com","title_note":"— Home Pest Control Inspection \u0026 Management | Terminix","icon":{"content_type":"image/png","data":"iVBORw0KGgoAAAANSUhEUgAAABAAAAAQCAYAAAAf8/9hAAAAgklEQVR42qWT0QnAIAxEM0pHvc30r2OllZISc0GaGjiQYl6eRUVVjztN63WOXrHm3rsK4CIuoBhEbAVqWuUFaABk07kZGcAXkiOMI1p8pYBo4SfS3vjh+Zmzdpy6BGT6q5IdfQJU9QlQ1SdAVX8C/NFPbmJtugHarI/35n15kbL7nC9XxS41iDISewAAAABJRU5ErkJggg=="}},{"type":"bing","id":"b:http%3A%2F%2Fwww.terminix.com%2Fterminix-services%2F","score":0,"fbr":"eyJkIjoiYmluZyIsInIiOiJiOmh0dHAlM0ElMkYlMkZ3d3cudGVybWluaXguY29tJTJGdGVybWluaXgtc2VydmljZXMlMkYifQ==","url":"http://www.terminix.com/terminix-services/","report_problem_url":"","filtered":true,"tophit":0,"engagement_score":0,"qi_engagement_score":0,"hide_rank":0,"template":"simple","completion":"— www.terminix.com/terminix-services","completion_icon":{"id":"mac_safari_icon"},"section_header":"BING SEARCH","section_header_more":"Show all…","section_header_more_url":"http://www.bing.com/search?FORM=APLMAC\u0026PC=APLC\u0026q=term","card_align":"center","card_sections":[{"type":"website","title":"Pest Plans - Termite Plans | Terminix Services","title_nowrap":true,"subtitle":"terminix.com","image":{"id":"mac_safari_icon_big"}},{"type":"description","description":"Terminix services offers a variety of plans for all your pest control needs. Let us protect your home and your family against invading pests.","description_maxlines":3,"description_weight":-1,"attribution_text":"More results from","attribution_glyph":{"id":"mac_bing_logo"},"attribution_url":"http://www.bing.com/search?FORM=APLMAC\u0026PC=APLC\u0026q=term","text_align":"center"}],"title":"terminix.com","title_note":"— Pest Plans - Termite Plans | Terminix Services","icon":{"content_type":"image/png","data":"iVBORw0KGgoAAAANSUhEUgAAABAAAAAQCAYAAAAf8/9hAAAAgklEQVR42qWT0QnAIAxEM0pHvc30r2OllZISc0GaGjiQYl6eRUVVjztN63WOXrHm3rsK4CIuoBhEbAVqWuUFaABk07kZGcAXkiOMI1p8pYBo4SfS3vjh+Zmzdpy6BGT6q5IdfQJU9QlQ1SdAVX8C/NFPbmJtugHarI/35n15kbL7nC9XxS41iDISewAAAABJRU5ErkJggg=="}}]}]

0

