GET /y.js?x=1&q=Where%20is%20this%20search%20sent&l=us-en&a=osx&safe=1 HTTP/1.1
Host: duckduckgo.com
Connection: keep-alive
Accept: */*
User-Agent: Mozilla/5.0 (Macintosh; Intel Mac OS X 10_10) AppleWebKit/600.1.25 (KHTML, like Gecko) Version/8.0 Safari/600.1.25
Accept-Language: en-us
Referer: https://duckduckgo.com/
Accept-Encoding: gzip, deflate

HTTP/1.1 200 OK
Server: nginx
Date: Sun, 19 Oct 2014 20:45:35 GMT
Content-Type: application/x-javascript; charset=UTF-8
Transfer-Encoding: chunked
Connection: close
Expires: Sun, 19 Oct 2014 20:45:34 GMT
Cache-Control: no-cache
Cache-Control: no-cache

37
if (DDG && DDG.show_default_ad) DDG.show_default_ad(1);
0

