GET /assets/logo_header.v103.lg.svg HTTP/1.1
Host: duckduckgo.com
Connection: keep-alive
Accept: */*
User-Agent: Mozilla/5.0 (Macintosh; Intel Mac OS X 10_10) AppleWebKit/600.1.25 (KHTML, like Gecko) Version/8.0 Safari/600.1.25
Accept-Language: en-us
Referer: https://duckduckgo.com/
Accept-Encoding: gzip, deflate

HTTP/1.1 200 OK
Server: nginx
Date: Sun, 19 Oct 2014 07:46:49 GMT
Content-Type: image/svg+xml
Content-Length: 6449
Last-Modified: Thu, 12 Jun 2014 12:47:40 GMT
Connection: close
ETag: "5399a16c-1931"
Expires: Mon, 19 Oct 2015 07:46:49 GMT
Cache-Control: max-age=31536000
Cache-Control: public
Accept-Ranges: bytes

<?xml version="1.0" encoding="utf-8"?>
<!-- Generator: Adobe Illustrator 16.0.4, SVG Export Plug-In . SVG Version: 6.00 Build 0)  -->
<!DOCTYPE svg PUBLIC "-//W3C//DTD SVG 1.1//EN" "http://www.w3.org/Graphics/SVG/1.1/DTD/svg11.dtd">
<svg version="1.1" id="Layer_1" xmlns="http://www.w3.org/2000/svg" xmlns:xlink="http://www.w3.org/1999/xlink" x="0px" y="0px"
	 width="60px" height="60px" viewBox="-0.5 -0.5 60 60" enable-background="new -0.5 -0.5 60 60" xml:space="preserve">
<circle fill="#D44C2A" cx="28.998" cy="29" r="22.5"/>
<g>
	<g>
		<g>
			<g>
				<g>
					<g>
						<g>
							<g>
								<g>
									<g>
										<g>
											<g>
												<defs>
													<path id="SVGID_1_" d="M47.888,28.999c0,10.416-8.47,18.889-18.888,18.889c-10.416,0-18.886-8.472-18.886-18.889
														c0-10.414,8.472-18.887,18.886-18.887C39.416,10.112,47.888,18.585,47.888,28.999z"/>
												</defs>
												<clipPath id="SVGID_2_">
													<use xlink:href="#SVGID_1_"  overflow="visible"/>
												</clipPath>
												<g clip-path="url(#SVGID_2_)">
													<path fill="#FFFFFF" d="M37.219,55.966c-0.642-2.957-4.38-9.656-5.795-12.491c-1.418-2.835-2.835-6.824-2.189-9.401
														c0.116-0.469-1.229-4.042-0.84-4.289c3.002-1.962,3.795,0.214,5-0.665c0.617-0.454,1.462,0.374,1.678-0.377
														c0.769-2.704-1.075-7.416-3.135-9.475c-0.671-0.67-1.702-1.094-2.867-1.316c-0.448-0.612-1.17-1.2-2.19-1.741
														c-1.14-0.606-3.618-1.408-4.9-1.621c-0.889-0.148-1.092,0.102-1.469,0.166c0.352,0.031,2.034,0.86,2.36,0.909
														c-0.327,0.22-1.288-0.01-1.901,0.265c-0.31,0.139-0.54,0.671-0.538,0.921c1.753-0.176,4.49-0.004,6.107,0.714
														c-1.289,0.146-3.244,0.309-4.085,0.751c-2.444,1.29-3.524,4.298-2.881,7.905c0.646,3.604,3.479,16.741,4.38,21.115
														c0.902,4.38-1.934,7.215-3.733,7.984l1.931,0.135l-0.643,1.417c2.315,0.254,4.893-0.515,4.893-0.515
														c-0.514,1.416-3.993,1.936-3.993,1.936s1.675,0.51,4.379-0.521c2.703-1.03,4.375-1.672,4.375-1.672l1.291,3.346
														L34.9,57l1.03,2.574C35.932,59.574,37.862,58.93,37.219,55.966z"/>
													<path fill="#FFFFFF" d="M37.783,55.401c-0.645-2.962-4.38-9.658-5.797-12.491c-1.419-2.836-2.836-6.824-2.188-9.399
														c0.116-0.468,0.122-2.383,0.509-2.639c2.999-1.966,2.791-0.067,3.995-0.948c0.622-0.453,1.114-0.999,1.336-1.752
														c0.772-2.704-1.077-7.414-3.134-9.476c-0.671-0.671-1.704-1.092-2.866-1.313c-0.449-0.615-1.172-1.202-2.193-1.745
														c-1.926-1.022-4.312-1.431-6.523-1.032c0.354,0.034,1.162,0.765,1.488,0.812c-0.494,0.334-1.805,0.292-1.796,1.035
														c1.756-0.173,3.679,0.104,5.299,0.82c-1.287,0.146-2.483,0.465-3.325,0.91c-2.447,1.284-3.09,3.859-2.447,7.469
														c0.645,3.606,3.479,16.74,4.377,21.116c0.902,4.376-1.93,7.21-3.733,7.983l1.931,0.129l-0.643,1.42
														c2.317,0.256,4.894-0.517,4.894-0.517c-0.514,1.419-3.994,1.937-3.994,1.937s1.673,0.516,4.378-0.52
														c2.708-1.032,4.379-1.668,4.379-1.668l1.286,3.344l2.451-2.445l1.029,2.576C36.496,59.008,38.43,58.363,37.783,55.401z
														"/>
													<circle fill="#2C4E8D" cx="24.332" cy="25.835" r="1.353"/>
													<circle fill="#FFFFFF" cx="24.931" cy="25.385" r="0.35"/>
													<circle fill="#2C4E8D" cx="33.373" cy="25.033" r="1.161"/>
													<path fill="#FFFFFF" d="M33.587,24.646c0-0.165,0.139-0.302,0.299-0.302c0.171,0,0.302,0.136,0.302,0.302
														s-0.135,0.301-0.302,0.301C33.726,24.949,33.587,24.813,33.587,24.646z"/>
													
														<linearGradient id="SVGID_3_" gradientUnits="userSpaceOnUse" x1="1867.6572" y1="2942.3682" x2="1870.7188" y2="2942.3682" gradientTransform="matrix(1 0 0 1 -1846 -2920)">
														<stop  offset="0.0056" style="stop-color:#5D7CFE"/>
														<stop  offset="0.691" style="stop-color:#192DC5"/>
													</linearGradient>
													<path fill="url(#SVGID_3_)" d="M24.719,21.918c0,0-1.021-0.461-2.011,0.16c-0.99,0.623-0.954,1.257-0.954,1.257
														s-0.527-1.172,0.877-1.743C24.033,21.017,24.719,21.918,24.719,21.918z"/>
													
														<linearGradient id="SVGID_4_" gradientUnits="userSpaceOnUse" x1="1877.2832" y1="2941.4375" x2="1880.0713" y2="2941.4375" gradientTransform="matrix(1 0 0 1 -1846 -2920)">
														<stop  offset="0.0056" style="stop-color:#5D7CFE"/>
														<stop  offset="0.691" style="stop-color:#192DC5"/>
													</linearGradient>
													<path fill="url(#SVGID_4_)" d="M34.071,21.823c0,0-0.732-0.418-1.301-0.409c-1.168,0.018-1.487,0.531-1.487,0.531
														s0.196-1.231,1.69-0.984C33.784,21.096,34.071,21.823,34.071,21.823z"/>
												</g>
											</g>
										</g>
									</g>
								</g>
							</g>
						</g>
					</g>
				</g>
			</g>
			<path fill="#FDD204" d="M28.474,31.003c0.135-0.821,2.248-2.365,3.744-2.46c1.502-0.095,1.969-0.071,3.22-0.372
				c1.25-0.298,4.478-1.102,5.371-1.516c0.896-0.411,4.675,0.204,2.016,1.692c-1.156,0.647-4.266,1.832-6.491,2.496
				c-2.225,0.665-3.573-0.634-4.308,0.456c-0.582,0.872-0.123,2.059,2.533,2.309c3.579,0.333,7.017-1.614,7.402-0.582
				c0.377,1.034-3.081,2.327-5.189,2.366c-2.104,0.038-6.354-1.39-6.981-1.834C29.146,33.112,28.294,32.081,28.474,31.003z"/>
		</g>
	</g>
	<g>
		<path fill="#65BC46" d="M29.576,42.179c0,0-5.037-2.687-5.118-1.595c-0.086,1.089,0,5.538,0.586,5.875
			c0.589,0.337,4.785-2.179,4.785-2.179L29.576,42.179z"/>
		<path fill="#65BC46" d="M31.506,42.01c0,0,3.443-2.603,4.2-2.436c0.758,0.169,0.922,5.537,0.252,5.797
			c-0.673,0.248-4.61-1.366-4.61-1.366L31.506,42.01z"/>
		<path fill="#4D913B" d="M28.357,42.463c0,1.761-0.254,2.52,0.503,2.688c0.757,0.168,2.179,0,2.685-0.337
			c0.501-0.335,0.083-2.601-0.086-3.025C31.292,41.371,28.357,41.707,28.357,42.463z"/>
		<path fill="#65BC46" d="M28.86,41.979c0,1.76-0.254,2.516,0.503,2.684c0.754,0.17,2.18,0,2.682-0.335
			c0.504-0.336,0.084-2.601-0.085-3.023C31.796,40.884,28.86,41.223,28.86,41.979z"/>
	</g>
</g>
<g>
	<path fill="#FFFFFF" d="M29.001,10.162c10.388,0,18.836,8.45,18.836,18.838c0,10.388-8.448,18.838-18.836,18.838
		c-10.388,0-18.838-8.45-18.838-18.838C10.164,18.612,18.614,10.162,29.001,10.162 M29.001,8.452
		C17.652,8.452,8.453,17.649,8.453,29c0,11.348,9.2,20.549,20.548,20.549c11.348,0,20.547-9.201,20.547-20.549
		C49.549,17.649,40.35,8.452,29.001,8.452L29.001,8.452z"/>
</g>
</svg>
