GET /configurations/internetservices/mobileme/content/content-1.0.plist HTTP/1.1
Host: configuration.apple.com
x-apple-request-uuid: D0AE3A64-E785-4101-88CD-7110906E6F06
x-mme-client-info: <VMware7,1> <Mac OS X;10.10;14A389> <com.apple.icloud.content/320 (UNKNOWN)>
Accept: */*
User-Agent: cloudd/259.2.3 CFNetwork/720.0.9 Darwin/14.0.0 (x86_64)
Accept-Language: en-us
Accept-Encoding: gzip, deflate
Connection: keep-alive

HTTP/1.1 200 OK
Last-Modified: Fri, 17 Oct 2014 02:06:07 GMT
ETag: "1eb7-50594ced641c0"
Server: Apache
Accept-Ranges: bytes
Content-Length: 7863
Content-Type: text/xml
Content-Language: en-us
Cache-Control: max-age=46247
Expires: Mon, 20 Oct 2014 07:02:08 GMT
Date: Sun, 19 Oct 2014 18:11:21 GMT
Connection: close

<?xml version="1.0" encoding="UTF-8"?>
<!DOCTYPE plist PUBLIC "-//Apple//DTD PLIST 1.0//EN" "http://www.apple.com/DTDs/PropertyList-1.0.dtd">
<plist version="1.0">
<dict>
	<key>chunker.max.fixed.length</key>
	<integer>33554432</integer>
	<key>max.vendor.upload.connections</key>
	<integer>2</integer>
	<key>max.vendor.download.connections</key>
	<integer>20</integer>
	<key>vendor.dc.configuration.apple</key>
	<dict>
		<key>connection.max.requests</key>
		<integer>-1</integer>
		<key>connection.max.idle.millis</key>
		<integer>180000</integer>
	</dict>
	<key>vendor.dc.configuration.s3_us_std</key>
	<dict>
		<key>connection.max.requests</key>
		<integer>100</integer>
		<key>connection.max.idle.millis</key>
		<integer>1000</integer>
		<key>throughput.min</key>
		<dict>
			<key>num.bytes</key>
			<integer>16384</integer>
			<key>in.seconds</key>
			<integer>30</integer>
		</dict>
	</dict>
	<key>vendor.dc.configuration.s3_us_nca</key>
	<dict>
		<key>connection.max.requests</key>
		<integer>100</integer>
		<key>connection.max.idle.millis</key>
		<integer>1000</integer>
		<key>throughput.min</key>
		<dict>
			<key>num.bytes</key>
			<integer>16384</integer>
			<key>in.seconds</key>
			<integer>30</integer>
		</dict>
	</dict>
	<key>vendor.dc.configuration.s3_eu_irl</key>
	<dict>
		<key>connection.max.requests</key>
		<integer>100</integer>
		<key>connection.max.idle.millis</key>
		<integer>1000</integer>
		<key>throughput.min</key>
		<dict>
			<key>num.bytes</key>
			<integer>16384</integer>
			<key>in.seconds</key>
			<integer>30</integer>
		</dict>
	</dict>
	<key>vendor.dc.configuration.s3_ap_sin</key>
	<dict>
		<key>connection.max.requests</key>
		<integer>100</integer>
		<key>connection.max.idle.millis</key>
		<integer>1000</integer>
		<key>throughput.min</key>
		<dict>
			<key>num.bytes</key>
			<integer>16384</integer>
			<key>in.seconds</key>
			<integer>30</integer>
		</dict>
	</dict>
	<key>vendor.dc.configuration.s3_us_ore</key>
	<dict>
		<key>connection.max.requests</key>
		<integer>100</integer>
		<key>connection.max.idle.millis</key>
		<integer>1000</integer>
		<key>throughput.min</key>
		<dict>
			<key>num.bytes</key>
			<integer>16384</integer>
			<key>in.seconds</key>
			<integer>30</integer>
		</dict>
	</dict>
	<key>vendor.dc.configuration.ms_us_chi</key>
	<dict>
		<key>connection.max.requests</key>
		<integer>-1</integer>
		<key>connection.max.idle.millis</key>
		<integer>45000</integer>
		<key>throughput.min</key>
		<dict>
			<key>num.bytes</key>
			<integer>104448</integer>
			<key>in.seconds</key>
			<integer>60</integer>
		</dict>
	</dict>
	<key>vendor.dc.configuration.ms_us_sat</key>
	<dict>
		<key>connection.max.requests</key>
		<integer>-1</integer>
		<key>connection.max.idle.millis</key>
		<integer>45000</integer>
		<key>throughput.min</key>
		<dict>
			<key>num.bytes</key>
			<integer>104448</integer>
			<key>in.seconds</key>
			<integer>60</integer>
		</dict>
	</dict>
	<key>vendor.dc.configuration.ms_eu_ams</key>
	<dict>
		<key>connection.max.requests</key>
		<integer>-1</integer>
		<key>connection.max.idle.millis</key>
		<integer>45000</integer>
		<key>throughput.min</key>
		<dict>
			<key>num.bytes</key>
			<integer>104448</integer>
			<key>in.seconds</key>
			<integer>60</integer>
		</dict>
	</dict>
	<key>vendor.dc.configuration.ms_eu_dub</key>
	<dict>
		<key>connection.max.requests</key>
		<integer>-1</integer>
		<key>connection.max.idle.millis</key>
		<integer>45000</integer>
		<key>throughput.min</key>
		<dict>
			<key>num.bytes</key>
			<integer>104448</integer>
			<key>in.seconds</key>
			<integer>60</integer>
		</dict>
	</dict>
	<key>vendor.dc.configuration.ms_ap_sin</key>
	<dict>
		<key>connection.max.requests</key>
		<integer>-1</integer>
		<key>connection.max.idle.millis</key>
		<integer>45000</integer>
		<key>throughput.min</key>
		<dict>
			<key>num.bytes</key>
			<integer>104448</integer>
			<key>in.seconds</key>
			<integer>60</integer>
		</dict>
	</dict>
	<key>vendor.dc.configuration.ms_ap_hkg</key>
	<dict>
		<key>connection.max.requests</key>
		<integer>-1</integer>
		<key>connection.max.idle.millis</key>
		<integer>45000</integer>
		<key>throughput.min</key>
		<dict>
			<key>num.bytes</key>
			<integer>104448</integer>
			<key>in.seconds</key>
			<integer>60</integer>
		</dict>
	</dict>
	<key>vendor.dc.configuration.ms_us_sjc</key>
	<dict>
		<key>connection.max.requests</key>
		<integer>-1</integer>
		<key>connection.max.idle.millis</key>
		<integer>45000</integer>
		<key>throughput.min</key>
		<dict>
			<key>num.bytes</key>
			<integer>104448</integer>
			<key>in.seconds</key>
			<integer>60</integer>
		</dict>
	</dict>
	<key>vendor.dc.configuration.ms_us_mtv</key>
	<dict>
		<key>connection.max.requests</key>
		<integer>-1</integer>
		<key>connection.max.idle.millis</key>
		<integer>45000</integer>
		<key>throughput.min</key>
		<dict>
			<key>num.bytes</key>
			<integer>104448</integer>
			<key>in.seconds</key>
			<integer>60</integer>
		</dict>
	</dict>
	<key>vendor.dc.configuration.ms_us_dmx</key>
	<dict>
		<key>connection.max.requests</key>
		<integer>-1</integer>
		<key>connection.max.idle.millis</key>
		<integer>45000</integer>
		<key>throughput.min</key>
		<dict>
			<key>num.bytes</key>
			<integer>104448</integer>
			<key>in.seconds</key>
			<integer>60</integer>
		</dict>
	</dict>
	<key>vendor.dc.configuration.ms_us_bnx</key>
	<dict>
		<key>connection.max.requests</key>
		<integer>-1</integer>
		<key>connection.max.idle.millis</key>
		<integer>45000</integer>
		<key>throughput.min</key>
		<dict>
			<key>num.bytes</key>
			<integer>104448</integer>
			<key>in.seconds</key>
			<integer>60</integer>
		</dict>
	</dict>
	<key>putcomplete.verbosity.0</key>
	<dict>
		<key>vendor.url</key>
		<true/>
		<key>vendor.response.code</key>
		<true/>
		<key>vendor.headers.on.success</key>
		<array>
			<string>Content-MD5</string>
			<string>ETag</string>
			<string>x-emc-content-checksum</string>
            <string>x-apple-edge-info</string>
        </array>
		<key>vendor.headers.on.failure</key>
		<array>
			<string>*</string>
		</array>
		<key>vendor.body.max.bytes.on.failure</key>
		<integer>512</integer>
		<key>client.error.on.failure</key>
		<true/>
		<key>status.line.on.failure</key>
		<true/>
	</dict>
	<key>putcomplete.verbosity.1</key>
	<dict>
		<key>vendor.kpis</key>
		<array>
			<string>contentlength.bytes</string>
			<string>vendor.roundtrip.millis</string>
		</array>
	</dict>
	<key>putcomplete.verbosity.2</key>
	<dict>
		<key>client.kpis</key>
		<array>
			<string>chunking.time.millis</string>
			<string>authorizePut.millis</string>
		</array>
		<key>vendor.kpis</key>
		<array>
			<string>vendor.send.bytes</string>
			<string>vendor.recv.bytes</string>
			<string>vendor.network.interface</string>
			<string>vendor.nameresolution.millis</string>
		</array>
	</dict>
	<key>getcomplete.verbosity.0</key>
    <dict>
        <key>vendor.headers.on.success</key>
        <array>
            <string>x-apple-edge-info</string>
        </array>
    </dict>
    <key>getcomplete.verbosity.1</key>
	<dict>
		<key>vendor.url</key>
		<true/>
		<key>vendor.response.code</key>
		<true/>
		<key>vendor.headers.on.failure</key>
		<array>
			<string>*</string>
		</array>
		<key>vendor.body.max.bytes.on.failure</key>
		<integer>512</integer>
		<key>client.error.on.failure</key>
		<true/>
		<key>status.line.on.failure</key>
		<true/>
	</dict>
	<key>getcomplete.verbosity.2</key>
	<dict>
		<key>vendor.kpis</key>
		<array>
			<string>contentlength.bytes</string>
			<string>vendor.roundtrip.millis</string>
			<string>vendor.send.bytes</string>
			<string>vendor.recv.bytes</string>
			<string>vendor.network.interface</string>
			<string>vendor.nameresolution.millis</string>
		</array>
		<key>client.kpis</key>
		<array>
			<string>authorizeGetForFiles.millis</string>
		</array>
	</dict>
</dict>
</plist>
