GET /WebObjects/MZSearchHints.woa/wa/hints?q=Con HTTP/1.1
Host: search.itunes.apple.com
Accept: */*
Accept-Encoding: gzip, deflate
iCloud-DSID: 8078008707
Connection: keep-alive
Date: Sun, 19 Oct 2014 08:15:58 GMT
Cookie: xp_ci=3z4g8XADz7s3z4RnzCRNz1KGeDrrYY; mzf_in=302345; ns-mzf-inst=39-90-80-124-180-8168-302345-30-nk11; Pod=30; itspod=30; session-store-id=5DE44A670C584B2D103053AD2B555377; s_vi=[CS]v1|2A21B990850121DA-40000137400107B3[CE]
User-Agent: MacAppStore/2.0 (Macintosh; OS X 10.10; 14A389) AppleWebKit/0600.1.25
Accept-Language: en-US
X-Apple-TZ: -420
X-Apple-Store-Front: 143441-1,13

HTTP/1.1 200 OK
Last-Modified: Sat, 18 Oct 2014 21:44:39 GMT
x-apple-request-store-front: 143441-1,13
x-apple-application-site: NWK
apple-timing-app: 7 ms
Content-Type: text/xml; charset=UTF-8; encoding=UTF-8
x-apple-date-generated: Sun, 19 Oct 2014 08:15:58 GMT
x-apple-shv: 1
x-apple-application-instance: 100101
x-webobjects-loadaverage: 0
x-apple-jingle-correlation-key: XMIZSHQTGT2NE
Expires: Sun, 19 Oct 2014 08:15:58 GMT
Cache-Control: max-age=0, no-cache
Pragma: no-cache
Date: Sun, 19 Oct 2014 08:15:58 GMT
Content-Length: 3377
Connection: close
Vary: X-Apple-Store-Front
X-Apple-Partner: origin.0

<?xml version="1.0" encoding="UTF-8" standalone="no"?>
<!DOCTYPE plist PUBLIC "-//Apple Computer//DTD PLIST 1.0//EN" "http://www.apple.com/DTDs/PropertyList-1.0.dtd"><plist version="1.0">
  <dict>
    <key>title</key>
    <string>Suggestions</string>
    <key>hints</key>
    <array>
      <dict>
        <key>term</key>
        <string>concrete software, inc.</string>
        <key>priority</key>
        <integer>2478</integer>
        <key>url</key>
        <string>https://search.itunes.apple.com/WebObjects/MZSearch.woa/wa/search?q=concrete%20software%2C%20inc.&amp;src=hint</string>
      </dict>
      <dict>
        <key>term</key>
        <string>contract killer 2</string>
        <key>priority</key>
        <integer>1782</integer>
        <key>url</key>
        <string>https://search.itunes.apple.com/WebObjects/MZSearch.woa/wa/search?q=contract%20killer%202&amp;src=hint</string>
      </dict>
      <dict>
        <key>term</key>
        <string>concentric sky</string>
        <key>priority</key>
        <integer>1475</integer>
        <key>url</key>
        <string>https://search.itunes.apple.com/WebObjects/MZSearch.woa/wa/search?q=concentric%20sky&amp;src=hint</string>
      </dict>
      <dict>
        <key>term</key>
        <string>constitution</string>
        <key>priority</key>
        <integer>1054</integer>
        <key>url</key>
        <string>https://search.itunes.apple.com/WebObjects/MZSearch.woa/wa/search?q=constitution&amp;src=hint</string>
      </dict>
      <dict>
        <key>term</key>
        <string>conceited software</string>
        <key>priority</key>
        <integer>928</integer>
        <key>url</key>
        <string>https://search.itunes.apple.com/WebObjects/MZSearch.woa/wa/search?q=conceited%20software&amp;src=hint</string>
      </dict>
      <dict>
        <key>term</key>
        <string>conlan rios</string>
        <key>priority</key>
        <integer>877</integer>
        <key>url</key>
        <string>https://search.itunes.apple.com/WebObjects/MZSearch.woa/wa/search?q=conlan%20rios&amp;src=hint</string>
      </dict>
      <dict>
        <key>term</key>
        <string>contacts cleaner</string>
        <key>priority</key>
        <integer>741</integer>
        <key>url</key>
        <string>https://search.itunes.apple.com/WebObjects/MZSearch.woa/wa/search?q=contacts%20cleaner&amp;src=hint</string>
      </dict>
      <dict>
        <key>term</key>
        <string>converto - the unit converter</string>
        <key>priority</key>
        <integer>564</integer>
        <key>url</key>
        <string>https://search.itunes.apple.com/WebObjects/MZSearch.woa/wa/search?q=converto%20-%20the%20unit%20converter&amp;src=hint</string>
      </dict>
      <dict>
        <key>term</key>
        <string>concurso bíblico</string>
        <key>priority</key>
        <integer>562</integer>
        <key>url</key>
        <string>https://search.itunes.apple.com/WebObjects/MZSearch.woa/wa/search?q=concurso%20b%C3%ADblico&amp;src=hint</string>
      </dict>
      <dict>
        <key>term</key>
        <string>connectcode barcode lite</string>
        <key>priority</key>
        <integer>444</integer>
        <key>url</key>
        <string>https://search.itunes.apple.com/WebObjects/MZSearch.woa/wa/search?q=connectcode%20barcode%20lite&amp;src=hint</string>
      </dict>
    </array>
  </dict>
</plist>