GET /register HTTP/1.1
Host: xp.apple.com
Accept-Encoding: gzip, deflate
Connection: keep-alive
iCloud-DSID: 8078008707
Date: Sun, 19 Oct 2014 08:13:24 GMT
Accept: */*
User-Agent: iBooks/2.0 (Macintosh; OS X 10.10; 14A389) AppleWebKit/0600.1.25
X-Apple-Store-Front: 143441-1,22
Accept-Language: en-US
X-Apple-TZ: -420

HTTP/1.0 200 Apple WebObjects
x-apple-jingle-correlation-key: 2XR6AWHPJGL6E
access-control-allow-origin: *
x-set-apple-store-front: 143441-1,22 ab:urx0
vary: X-Apple-Store-Front,X-Dsid,Cookie
x-apple-application-site: ST11
x-apple-set-cookie: xp_ci=3z14V39HzHMKz4mOzD88z1IQSMikUm; version="1"; expires=Fri, 17-Apr-2015 08:13:24 GMT; path=/; domain=.apple.com
date: Sun, 19 Oct 2014 08:13:24 GMT
set-cookie: xp_ci=3z14V39HzHMKz4mOzD88z1IQSMikUm; version="1"; expires=Fri, 17-Apr-2015 08:13:24 GMT; path=/; domain=.apple.com
apple-timing-app: 1 ms
cache-control: private, max-age=60
expires: Sun, 19 Oct 2014 08:14:24 GMT
content-type: application/json; charset=UTF-8
x-apple-application-instance: 20402
x-webobjects-loadaverage: 0
access-control-allow-credentials: true
connection: keep-alive
content-length: 167

{"setCookies":[{"expiration":"1429258404349","name":"xp_ci","domain":".apple.com","path":"\/","value":"3z14V39HzHMKz4mOzD88z1IQSMikUm"}],"setSf":"143441-1,22 ab:urx0"}