GET /share/spice/news/1052/news.spice.js HTTP/1.1
Host: duckduckgo.com
Connection: keep-alive
Accept: */*
User-Agent: Mozilla/5.0 (Macintosh; Intel Mac OS X 10_10) AppleWebKit/600.1.25 (KHTML, like Gecko) Version/8.0 Safari/600.1.25
Accept-Language: en-us
Referer: https://duckduckgo.com/
Accept-Encoding: gzip, deflate

HTTP/1.1 200 OK
Server: nginx
Date: Sun, 19 Oct 2014 07:46:50 GMT
Content-Type: application/x-javascript
Content-Length: 1420
Last-Modified: Fri, 17 Oct 2014 18:22:29 GMT
Connection: close
ETag: "54415e65-58c"
Expires: Mon, 19 Oct 2015 07:46:50 GMT
Cache-Control: max-age=31536000
Strict-Transport-Security: max-age=31536000
X-DuckDuckGo-Locale: en_US
Accept-Ranges: bytes

function ddg_spice_news(apiResult){"use strict";var skip=["news","headline","headlines","latest","breaking","update","s:d","sort:date"];var setSourceOnStory=function(story){switch(story.syndicate){case"Topsy":story.source=story.author||"Topsy";break;case"NewsCred":if(story.source){if(story.author){story.source=story.source+" by "+story.author}}else{story.source="NewsCred"}break}};var entityWords=[];if(Spice.news&&Spice.news.entities&&Spice.news.entities.length){for(var j=0,entity;entity=Spice.news.entities[j];j++){var tmpEntityWords=entity.split(" ");for(var k=0,entityWord;entityWord=tmpEntityWords[k];k++){if(entityWord.length>3){entityWords.push(entityWord)}}}}var goodStories=[];for(var i=0,story;story=apiResult[i];i++){story.title=story.title.replace(/<b>|<\/b>|:/g,"");if(DDG.isRelevant(story.title,skip)){setSourceOnStory(story);goodStories.push(story)}else if(entityWords.length>0){var storyOk=0;var tmpStoryTitle=story.title.toLowerCase();for(var k=0,entityWord;entityWord=entityWords[k];k++){if(tmpStoryTitle.indexOf(entityWord)!==-1){storyOk=1;break}}if(storyOk){setSourceOnStory(story);goodStories.push(story);break}}}var searchTerm=DDG.get_query().replace(/(?: news|news ?)/i,"").trim();if(goodStories.length>=3){Spice.add({id:"news",name:"News",data:goodStories,meta:{count:goodStories.length,searchTerm:searchTerm,itemType:"News articles"},templates:{item:"news_item"}})}else{Spice.failed("news")}}