GET /machelp/mac/10.10/GlobalArt/AppIconDefault_MacHelp.png HTTP/1.1
Host: help.apple.com
Cookie: xp_ci=3z50P3SIz24ez5LdzBeyzSGjK3BUi
Connection: keep-alive
If-None-Match: "3cc7d7-f85-50580675304c0"
Accept: */*
If-Modified-Since: Thu, 16 Oct 2014 01:45:31 GMT
User-Agent: Mozilla/5.0 (Macintosh; Intel Mac OS X 10_10) AppleWebKit/600.1.25 (KHTML, like Gecko) Help Viewer/256
Accept-Language: en-us
Referer: https://help.apple.com/machelp/mac/10.10/index.html?localePath=en.lproj
Accept-Encoding: gzip, deflate

HTTP/1.1 304 Not Modified
Content-Type: image/png
Last-Modified: Thu, 16 Oct 2014 01:45:31 GMT
ETag: "3cc7d7-f85-50580675304c0"
Cache-Control: max-age=1775
Expires: Sun, 19 Oct 2014 09:19:59 GMT
Date: Sun, 19 Oct 2014 08:50:24 GMT
Connection: close
X-N: S

