GET /apps/eagle/2.1/js/app.js HTTP/1.1
Host: help.apple.com
Accept-Encoding: gzip, deflate
Cookie: xp_ci=3z50P3SIz24ez5LdzBeyzSGjK3BUi
Connection: keep-alive
If-None-Match: "5e0d2b-27db3-5043bd5141d00"
Accept: */*
If-Modified-Since: Mon, 29 Sep 2014 22:31:48 GMT
User-Agent: Mozilla/5.0 (Macintosh; Intel Mac OS X 10_10) AppleWebKit/600.1.25 (KHTML, like Gecko) Help Viewer/256
Referer: https://help.apple.com/ibooks/mac/10.10/index.html?localePath=en.lproj
Cache-Control: max-age=0
Accept-Language: en-us

HTTP/1.1 304 Not Modified
Content-Type: application/x-javascript
Last-Modified: Mon, 29 Sep 2014 22:31:48 GMT
ETag: "5e0d2b-27db3-5043bd5141d00"
Cache-Control: max-age=1168
Expires: Sun, 19 Oct 2014 08:38:57 GMT
Date: Sun, 19 Oct 2014 08:19:29 GMT
Connection: close

