GET /apps/eagle/2.1/css/img/arrow.png HTTP/1.1
Host: help.apple.com
Cookie: xp_ci=3z50P3SIz24ez5LdzBeyzSGjK3BUi
Connection: keep-alive
If-None-Match: "4cc07e-fb-501b4211f6540"
Accept: */*
If-Modified-Since: Thu, 28 Aug 2014 17:47:25 GMT
User-Agent: Mozilla/5.0 (Macintosh; Intel Mac OS X 10_10) AppleWebKit/600.1.25 (KHTML, like Gecko) Help Viewer/256
Accept-Language: en-us
Referer: https://help.apple.com/machelp/mac/10.10/index.html?localePath=en.lproj
Accept-Encoding: gzip, deflate

HTTP/1.1 304 Not Modified
Content-Type: image/png
Last-Modified: Thu, 28 Aug 2014 17:47:25 GMT
ETag: "4cc07e-fb-501b4211f6540"
Cache-Control: max-age=396
Expires: Sun, 19 Oct 2014 08:56:59 GMT
Date: Sun, 19 Oct 2014 08:50:23 GMT
Connection: close
X-N: S

